TN:
SF:src/collectors.ts
FN:25,(anonymous_0)
FN:36,(anonymous_1)
FN:47,(anonymous_2)
FN:61,(anonymous_3)
FN:74,(anonymous_4)
FN:85,(anonymous_5)
FN:93,(anonymous_6)
FN:101,(anonymous_7)
FN:109,(anonymous_8)
FN:123,(anonymous_9)
FN:138,(anonymous_10)
FN:150,(anonymous_11)
FN:169,(anonymous_12)
FN:175,(anonymous_13)
FN:176,(anonymous_14)
FN:178,(anonymous_15)
FN:194,(anonymous_16)
FN:210,(anonymous_17)
FN:220,(anonymous_18)
FNF:19
FNH:19
FNDA:21,(anonymous_0)
FNDA:22,(anonymous_1)
FNDA:22,(anonymous_2)
FNDA:2,(anonymous_3)
FNDA:12,(anonymous_4)
FNDA:11,(anonymous_5)
FNDA:2,(anonymous_6)
FNDA:2,(anonymous_7)
FNDA:14,(anonymous_8)
FNDA:1,(anonymous_9)
FNDA:15,(anonymous_10)
FNDA:148,(anonymous_11)
FNDA:2,(anonymous_12)
FNDA:102,(anonymous_13)
FNDA:100,(anonymous_14)
FNDA:8,(anonymous_15)
FNDA:14,(anonymous_16)
FNDA:1,(anonymous_17)
FNDA:1,(anonymous_18)
DA:7,1
DA:21,1
DA:22,21
DA:26,21
DA:27,21
DA:28,21
DA:30,21
DA:37,22
DA:38,1
DA:40,21
DA:41,21
DA:48,22
DA:62,2
DA:63,2
DA:70,1
DA:71,12
DA:75,12
DA:76,12
DA:77,12
DA:79,12
DA:86,11
DA:87,11
DA:94,2
DA:95,2
DA:102,2
DA:103,2
DA:110,14
DA:124,1
DA:125,1
DA:132,1
DA:133,15
DA:134,15
DA:135,15
DA:139,15
DA:140,15
DA:141,15
DA:142,15
DA:144,15
DA:151,148
DA:152,148
DA:153,148
DA:159,148
DA:160,10
DA:163,148
DA:170,2
DA:171,0
DA:174,2
DA:175,102
DA:176,100
DA:178,2
DA:179,8
DA:180,8
DA:183,2
DA:195,14
DA:211,1
DA:212,1
DA:213,1
DA:214,1
DA:221,1
LF:59
LH:58
BRDA:28,0,0,3
BRDA:36,1,0,0
BRDA:37,2,0,1
BRDA:37,2,1,21
BRDA:77,3,0,3
BRDA:93,4,0,0
BRDA:101,5,0,0
BRDA:141,6,0,3
BRDA:142,7,0,4
BRDA:159,8,0,10
BRDA:159,8,1,138
BRDA:170,9,0,0
BRDA:170,9,1,2
BRDA:221,10,0,1
BRDA:221,10,1,0
BRF:15
BRH:10
end_of_record
TN:
SF:src/plugin.ts
FN:28,getMetricKey
FN:30,(anonymous_1)
FN:31,(anonymous_2)
FN:52,(anonymous_3)
FN:66,(anonymous_4)
FN:83,(anonymous_5)
FN:91,(anonymous_6)
FN:93,(anonymous_7)
FN:96,(anonymous_8)
FN:106,(anonymous_9)
FN:109,(anonymous_10)
FN:120,(anonymous_11)
FN:129,(anonymous_12)
FN:133,(anonymous_13)
FN:149,(anonymous_14)
FN:168,(anonymous_15)
FN:187,(anonymous_16)
FN:206,(anonymous_17)
FN:225,(anonymous_18)
FN:249,(anonymous_19)
FN:273,(anonymous_20)
FN:274,(anonymous_21)
FN:280,(anonymous_22)
FN:300,(anonymous_23)
FN:307,(anonymous_24)
FN:322,(anonymous_25)
FN:335,(anonymous_26)
FN:346,getMetricsAPI
FNF:28
FNH:24
FNDA:69,getMetricKey
FNDA:6,(anonymous_1)
FNDA:21,(anonymous_2)
FNDA:33,(anonymous_3)
FNDA:31,(anonymous_4)
FNDA:1,(anonymous_5)
FNDA:30,(anonymous_6)
FNDA:1,(anonymous_7)
FNDA:1,(anonymous_8)
FNDA:0,(anonymous_9)
FNDA:0,(anonymous_10)
FNDA:1,(anonymous_11)
FNDA:0,(anonymous_12)
FNDA:0,(anonymous_13)
FNDA:21,(anonymous_14)
FNDA:9,(anonymous_15)
FNDA:1,(anonymous_16)
FNDA:1,(anonymous_17)
FNDA:31,(anonymous_18)
FNDA:27,(anonymous_19)
FNDA:3,(anonymous_20)
FNDA:9,(anonymous_21)
FNDA:6,(anonymous_22)
FNDA:4,(anonymous_23)
FNDA:1,(anonymous_24)
FNDA:1,(anonymous_25)
FNDA:1,(anonymous_26)
FNDA:2,getMetricsAPI
DA:17,1
DA:18,1
DA:29,69
DA:30,6
DA:31,21
DA:34,69
DA:41,1
DA:42,33
DA:43,33
DA:44,33
DA:47,33
DA:48,33
DA:49,33
DA:53,33
DA:67,31
DA:70,31
DA:73,31
DA:74,30
DA:77,31
DA:84,1
DA:85,1
DA:93,30
DA:94,1
DA:96,1
DA:97,1
DA:98,1
DA:99,1
DA:106,30
DA:107,0
DA:109,0
DA:110,0
DA:111,0
DA:112,0
DA:120,30
DA:121,1
DA:122,1
DA:129,30
DA:130,0
DA:131,0
DA:133,0
DA:134,0
DA:135,0
DA:136,0
DA:143,30
DA:150,21
DA:152,20
DA:153,20
DA:154,20
DA:156,20
DA:157,20
DA:158,18
DA:159,18
DA:162,20
DA:169,9
DA:171,9
DA:172,9
DA:173,9
DA:175,9
DA:176,9
DA:177,9
DA:178,9
DA:181,9
DA:188,1
DA:190,1
DA:191,1
DA:192,1
DA:194,1
DA:195,1
DA:196,0
DA:197,0
DA:200,1
DA:207,1
DA:209,1
DA:210,1
DA:211,1
DA:213,1
DA:214,1
DA:215,0
DA:216,0
DA:219,1
DA:226,31
DA:228,31
DA:229,31
DA:230,31
DA:232,31
DA:233,31
DA:234,10
DA:240,10
DA:243,31
DA:250,27
DA:253,27
DA:254,16
DA:258,27
DA:259,10
DA:263,27
DA:264,11
DA:267,27
DA:274,9
DA:281,6
DA:282,6
DA:283,6
DA:285,6
DA:286,6
DA:288,2
DA:289,2
DA:291,1
DA:292,1
DA:294,0
DA:301,4
DA:308,1
DA:309,1
DA:311,1
DA:312,1
DA:314,1
DA:315,1
DA:323,1
DA:324,1
DA:325,1
DA:327,1
DA:328,1
DA:329,1
DA:336,1
DA:337,1
DA:338,1
DA:339,1
DA:346,1
DA:347,2
DA:348,2
DA:350,1
LF:129
LH:113
BRDA:28,0,0,0
BRDA:34,1,0,15
BRDA:34,1,1,54
BRDA:52,2,0,25
BRDA:73,3,0,30
BRDA:73,3,1,1
BRDA:97,4,0,1
BRDA:97,4,1,0
BRDA:100,5,0,1
BRDA:100,5,1,0
BRDA:110,6,0,0
BRDA:110,6,1,0
BRDA:113,7,0,0
BRDA:113,7,1,0
BRDA:123,8,0,1
BRDA:123,8,1,0
BRDA:124,9,0,1
BRDA:124,9,1,0
BRDA:134,10,0,0
BRDA:134,10,1,0
BRDA:137,11,0,0
BRDA:137,11,1,0
BRDA:149,12,0,0
BRDA:149,13,0,13
BRDA:150,14,0,1
BRDA:150,14,1,20
BRDA:152,15,0,1
BRDA:152,15,1,19
BRDA:157,16,0,18
BRDA:157,16,1,2
BRDA:168,17,0,7
BRDA:169,18,0,0
BRDA:169,18,1,9
BRDA:171,19,0,0
BRDA:171,19,1,9
BRDA:176,20,0,9
BRDA:176,20,1,0
BRDA:187,21,0,0
BRDA:187,22,0,1
BRDA:188,23,0,0
BRDA:188,23,1,1
BRDA:190,24,0,0
BRDA:190,24,1,1
BRDA:195,25,0,0
BRDA:195,25,1,1
BRDA:206,26,0,0
BRDA:206,27,0,1
BRDA:207,28,0,0
BRDA:207,28,1,1
BRDA:209,29,0,0
BRDA:209,29,1,1
BRDA:214,30,0,0
BRDA:214,30,1,1
BRDA:225,31,0,28
BRDA:226,32,0,0
BRDA:226,32,1,31
BRDA:228,33,0,0
BRDA:228,33,1,31
BRDA:233,34,0,10
BRDA:233,34,1,21
BRDA:280,35,0,5
BRDA:281,36,0,0
BRDA:281,36,1,6
BRDA:286,37,0,4
BRDA:286,37,1,2
BRDA:289,38,0,1
BRDA:289,38,1,1
BRDA:292,39,0,1
BRDA:292,39,1,0
BRDA:322,40,0,1
BRDA:323,41,0,0
BRDA:323,41,1,1
BRF:72
BRH:42
end_of_record
TN:
SF:src/prometheus.ts
FN:20,formatLabels
FN:27,(anonymous_1)
FN:36,escapeLabel
FN:46,formatMetric
FN:74,(anonymous_4)
FN:99,exportPrometheus
FN:104,(anonymous_6)
FN:111,parsePrometheusLine
FN:134,(anonymous_8)
FNF:9
FNH:9
FNDA:4,formatLabels
FNDA:2,(anonymous_1)
FNDA:2,escapeLabel
FNDA:4,formatMetric
FNDA:2,(anonymous_4)
FNDA:4,exportPrometheus
FNDA:4,(anonymous_6)
FNDA:3,parsePrometheusLine
FNDA:2,(anonymous_8)
DA:7,1
DA:15,1
DA:21,4
DA:22,4
DA:23,3
DA:26,1
DA:27,2
DA:30,1
DA:37,2
DA:47,4
DA:48,4
DA:51,4
DA:52,4
DA:54,4
DA:57,3
DA:58,3
DA:59,3
DA:63,1
DA:64,1
DA:67,1
DA:74,1
DA:75,2
DA:78,1
DA:81,1
DA:82,1
DA:85,1
DA:86,1
DA:87,1
DA:88,1
DA:89,1
DA:93,4
DA:99,1
DA:100,4
DA:101,0
DA:104,4
DA:105,4
DA:111,1
DA:113,3
DA:114,1
DA:118,2
DA:119,2
DA:120,0
DA:123,2
DA:124,2
DA:125,2
DA:128,2
DA:129,2
DA:130,1
DA:131,1
DA:133,1
DA:134,1
DA:135,2
DA:136,2
DA:141,2
LF:54
LH:52
BRDA:22,0,0,3
BRDA:22,0,1,1
BRDA:54,1,0,2
BRDA:54,1,1,3
BRDA:54,1,2,1
BRDA:100,2,0,0
BRDA:100,2,1,4
BRDA:113,3,0,1
BRDA:113,3,1,2
BRDA:113,4,0,3
BRDA:113,4,1,2
BRDA:119,5,0,0
BRDA:119,5,1,2
BRDA:129,6,0,1
BRDA:129,6,1,1
BRDA:129,7,0,2
BRDA:129,7,1,1
BRDA:133,8,0,1
BRDA:133,8,1,0
BRF:19
BRH:16
end_of_record
TN:
SF:src/types.ts
FN:10,(anonymous_0)
FNF:1
FNH:1
FNDA:1,(anonymous_0)
DA:10,1
DA:12,1
DA:14,1
DA:16,1
LF:4
LH:4
BRDA:10,0,0,1
BRDA:10,0,1,1
BRF:2
BRH:2
end_of_record
