<?xml version="1.0" encoding="UTF-8"?>
<coverage generated="1770020370299" clover="3.2.0">
  <project timestamp="1770020370299" name="All files">
    <metrics statements="344" coveredstatements="326" conditionals="202" coveredconditionals="169" methods="75" coveredmethods="71" elements="621" coveredelements="566" complexity="0" loc="344" ncloc="344" packages="1" files="5" classes="5"/>
    <file name="api.ts" path="/home/runner/work/objectos/objectos/packages/plugins/workflow/src/api.ts">
      <metrics statements="72" coveredstatements="66" conditionals="29" coveredconditionals="22" methods="18" coveredmethods="18"/>
      <line num="14" count="2" type="stmt"/>
      <line num="19" count="2" type="stmt"/>
      <line num="24" count="56" type="stmt"/>
      <line num="25" count="56" type="cond" truecount="1" falsecount="1"/>
      <line num="32" count="30" type="stmt"/>
      <line num="39" count="4" type="stmt"/>
      <line num="46" count="1" type="stmt"/>
      <line num="58" count="28" type="stmt"/>
      <line num="59" count="28" type="cond" truecount="2" falsecount="0"/>
      <line num="60" count="1" type="stmt"/>
      <line num="63" count="27" type="stmt"/>
      <line num="64" count="27" type="stmt"/>
      <line num="66" count="27" type="stmt"/>
      <line num="67" count="27" type="stmt"/>
      <line num="69" count="27" type="stmt"/>
      <line num="76" count="4" type="stmt"/>
      <line num="88" count="4" type="stmt"/>
      <line num="89" count="4" type="cond" truecount="2" falsecount="0"/>
      <line num="90" count="1" type="stmt"/>
      <line num="93" count="3" type="stmt"/>
      <line num="94" count="3" type="cond" truecount="1" falsecount="1"/>
      <line num="95" count="0" type="stmt"/>
      <line num="100" count="3" type="stmt"/>
      <line num="108" count="3" type="stmt"/>
      <line num="110" count="3" type="stmt"/>
      <line num="117" count="4" type="stmt"/>
      <line num="118" count="4" type="cond" truecount="2" falsecount="0"/>
      <line num="119" count="1" type="stmt"/>
      <line num="122" count="3" type="stmt"/>
      <line num="123" count="3" type="cond" truecount="1" falsecount="1"/>
      <line num="124" count="0" type="stmt"/>
      <line num="129" count="3" type="stmt"/>
      <line num="130" count="3" type="stmt"/>
      <line num="132" count="3" type="stmt"/>
      <line num="139" count="6" type="stmt"/>
      <line num="146" count="2" type="stmt"/>
      <line num="147" count="2" type="cond" truecount="2" falsecount="0"/>
      <line num="148" count="1" type="stmt"/>
      <line num="151" count="1" type="stmt"/>
      <line num="152" count="1" type="cond" truecount="1" falsecount="1"/>
      <line num="153" count="0" type="stmt"/>
      <line num="158" count="1" type="stmt"/>
      <line num="165" count="3" type="stmt"/>
      <line num="166" count="3" type="cond" truecount="2" falsecount="0"/>
      <line num="167" count="1" type="stmt"/>
      <line num="170" count="2" type="stmt"/>
      <line num="171" count="2" type="cond" truecount="1" falsecount="1"/>
      <line num="172" count="0" type="stmt"/>
      <line num="175" count="2" type="stmt"/>
      <line num="182" count="8" type="stmt"/>
      <line num="188" count="8" type="stmt"/>
      <line num="189" count="8" type="stmt"/>
      <line num="196" count="1" type="stmt"/>
      <line num="203" count="1" type="stmt"/>
      <line num="213" count="3" type="stmt"/>
      <line num="214" count="3" type="cond" truecount="1" falsecount="1"/>
      <line num="215" count="0" type="stmt"/>
      <line num="218" count="3" type="cond" truecount="2" falsecount="0"/>
      <line num="219" count="1" type="stmt"/>
      <line num="222" count="2" type="stmt"/>
      <line num="228" count="2" type="stmt"/>
      <line num="229" count="2" type="stmt"/>
      <line num="236" count="3" type="stmt"/>
      <line num="237" count="3" type="cond" truecount="1" falsecount="1"/>
      <line num="238" count="0" type="stmt"/>
      <line num="241" count="3" type="cond" truecount="2" falsecount="0"/>
      <line num="242" count="1" type="stmt"/>
      <line num="245" count="2" type="stmt"/>
      <line num="251" count="2" type="stmt"/>
      <line num="252" count="2" type="stmt"/>
      <line num="259" count="1" type="stmt"/>
      <line num="266" count="8" type="stmt"/>
    </file>
    <file name="engine.ts" path="/home/runner/work/objectos/objectos/packages/plugins/workflow/src/engine.ts">
      <metrics statements="89" coveredstatements="84" conditionals="47" coveredconditionals="45" methods="15" coveredmethods="14"/>
      <line num="21" count="3" type="stmt"/>
      <line num="22" count="83" type="stmt"/>
      <line num="23" count="83" type="stmt"/>
      <line num="27" count="83" type="cond" truecount="2" falsecount="0"/>
      <line num="34" count="2" type="stmt"/>
      <line num="41" count="3" type="stmt"/>
      <line num="52" count="54" type="stmt"/>
      <line num="64" count="54" type="stmt"/>
      <line num="74" count="49" type="cond" truecount="2" falsecount="0"/>
      <line num="75" count="1" type="stmt"/>
      <line num="78" count="48" type="stmt"/>
      <line num="79" count="48" type="stmt"/>
      <line num="82" count="48" type="stmt"/>
      <line num="83" count="48" type="stmt"/>
      <line num="85" count="48" type="cond" truecount="2" falsecount="0"/>
      <line num="86" count="1" type="stmt"/>
      <line num="90" count="48" type="cond" truecount="2" falsecount="0"/>
      <line num="91" count="1" type="stmt"/>
      <line num="92" count="1" type="stmt"/>
      <line num="95" count="48" type="stmt"/>
      <line num="108" count="20" type="cond" truecount="2" falsecount="0"/>
      <line num="109" count="1" type="stmt"/>
      <line num="112" count="19" type="stmt"/>
      <line num="113" count="19" type="cond" truecount="4" falsecount="0"/>
      <line num="114" count="1" type="stmt"/>
      <line num="119" count="18" type="stmt"/>
      <line num="120" count="18" type="stmt"/>
      <line num="126" count="18" type="cond" truecount="2" falsecount="0"/>
      <line num="127" count="3" type="stmt"/>
      <line num="128" count="3" type="cond" truecount="2" falsecount="0"/>
      <line num="129" count="1" type="stmt"/>
      <line num="133" count="17" type="stmt"/>
      <line num="134" count="17" type="stmt"/>
      <line num="137" count="17" type="cond" truecount="2" falsecount="0"/>
      <line num="138" count="1" type="stmt"/>
      <line num="142" count="17" type="cond" truecount="2" falsecount="0"/>
      <line num="143" count="3" type="stmt"/>
      <line num="147" count="17" type="stmt"/>
      <line num="150" count="17" type="stmt"/>
      <line num="158" count="17" type="stmt"/>
      <line num="161" count="17" type="stmt"/>
      <line num="162" count="17" type="stmt"/>
      <line num="164" count="17" type="cond" truecount="2" falsecount="0"/>
      <line num="165" count="1" type="stmt"/>
      <line num="169" count="17" type="cond" truecount="2" falsecount="0"/>
      <line num="170" count="4" type="stmt"/>
      <line num="171" count="4" type="stmt"/>
      <line num="172" count="4" type="stmt"/>
      <line num="175" count="17" type="stmt"/>
      <line num="186" count="6" type="cond" truecount="2" falsecount="0"/>
      <line num="187" count="1" type="stmt"/>
      <line num="190" count="5" type="stmt"/>
      <line num="191" count="5" type="stmt"/>
      <line num="192" count="5" type="stmt"/>
      <line num="195" count="5" type="stmt"/>
      <line num="196" count="5" type="cond" truecount="2" falsecount="0"/>
      <line num="197" count="1" type="stmt"/>
      <line num="198" count="1" type="stmt"/>
      <line num="201" count="5" type="stmt"/>
      <line num="211" count="3" type="stmt"/>
      <line num="212" count="3" type="cond" truecount="2" falsecount="0"/>
      <line num="213" count="1" type="stmt"/>
      <line num="216" count="2" type="stmt"/>
      <line num="227" count="5" type="cond" truecount="2" falsecount="0"/>
      <line num="228" count="1" type="stmt"/>
      <line num="231" count="4" type="stmt"/>
      <line num="232" count="4" type="cond" truecount="4" falsecount="0"/>
      <line num="233" count="1" type="stmt"/>
      <line num="236" count="3" type="stmt"/>
      <line num="237" count="3" type="cond" truecount="4" falsecount="0"/>
      <line num="238" count="2" type="stmt"/>
      <line num="241" count="1" type="stmt"/>
      <line num="246" count="1" type="stmt"/>
      <line num="258" count="85" type="stmt"/>
      <line num="265" count="0" type="cond" truecount="0" falsecount="2"/>
      <line num="266" count="0" type="stmt"/>
      <line num="268" count="0" type="stmt"/>
      <line num="271" count="2" type="stmt"/>
      <line num="283" count="4" type="stmt"/>
      <line num="284" count="4" type="stmt"/>
      <line num="285" count="4" type="cond" truecount="2" falsecount="0"/>
      <line num="286" count="2" type="stmt"/>
      <line num="289" count="2" type="stmt"/>
      <line num="299" count="7" type="stmt"/>
      <line num="300" count="7" type="stmt"/>
      <line num="301" count="7" type="stmt"/>
      <line num="303" count="0" type="stmt"/>
      <line num="304" count="0" type="stmt"/>
      <line num="313" count="54" type="stmt"/>
    </file>
    <file name="parser.ts" path="/home/runner/work/objectos/objectos/packages/plugins/workflow/src/parser.ts">
      <metrics statements="59" coveredstatements="58" conditionals="56" coveredconditionals="52" methods="7" coveredmethods="7"/>
      <line num="7" count="1" type="stmt"/>
      <line num="20" count="1" type="stmt"/>
      <line num="21" count="17" type="stmt"/>
      <line num="23" count="16" type="cond" truecount="3" falsecount="1"/>
      <line num="24" count="0" type="stmt"/>
      <line num="27" count="16" type="cond" truecount="2" falsecount="0"/>
      <line num="28" count="1" type="stmt"/>
      <line num="31" count="15" type="cond" truecount="4" falsecount="0"/>
      <line num="32" count="1" type="stmt"/>
      <line num="36" count="14" type="stmt"/>
      <line num="37" count="15" type="stmt"/>
      <line num="40" count="14" type="cond" truecount="2" falsecount="0"/>
      <line num="41" count="1" type="stmt"/>
      <line num="44" count="13" type="stmt"/>
      <line num="47" count="13" type="stmt"/>
      <line num="48" count="13" type="stmt"/>
      <line num="49" count="27" type="stmt"/>
      <line num="53" count="12" type="stmt"/>
      <line num="54" count="25" type="cond" truecount="1" falsecount="1"/>
      <line num="55" count="25" type="stmt"/>
      <line num="56" count="7" type="cond" truecount="2" falsecount="0"/>
      <line num="57" count="1" type="stmt"/>
      <line num="66" count="11" type="cond" truecount="2" falsecount="0"/>
      <line num="67" count="11" type="cond" truecount="2" falsecount="0"/>
      <line num="69" count="11" type="stmt"/>
      <line num="85" count="27" type="stmt"/>
      <line num="87" count="27" type="cond" truecount="2" falsecount="0"/>
      <line num="88" count="7" type="stmt"/>
      <line num="89" count="8" type="stmt"/>
      <line num="93" count="26" type="stmt"/>
      <line num="112" count="8" type="cond" truecount="2" falsecount="0"/>
      <line num="113" count="6" type="stmt"/>
      <line num="118" count="2" type="cond" truecount="2" falsecount="0"/>
      <line num="119" count="1" type="stmt"/>
      <line num="122" count="1" type="stmt"/>
      <line num="134" count="10" type="stmt"/>
      <line num="143" count="1" type="stmt"/>
      <line num="144" count="9" type="stmt"/>
      <line num="146" count="9" type="cond" truecount="2" falsecount="0"/>
      <line num="147" count="1" type="stmt"/>
      <line num="150" count="9" type="cond" truecount="2" falsecount="0"/>
      <line num="151" count="1" type="stmt"/>
      <line num="154" count="9" type="cond" truecount="2" falsecount="0"/>
      <line num="155" count="1" type="stmt"/>
      <line num="158" count="9" type="cond" truecount="4" falsecount="0"/>
      <line num="159" count="1" type="stmt"/>
      <line num="162" count="9" type="cond" truecount="2" falsecount="0"/>
      <line num="163" count="1" type="stmt"/>
      <line num="166" count="9" type="cond" truecount="4" falsecount="0"/>
      <line num="167" count="2" type="stmt"/>
      <line num="171" count="15" type="stmt"/>
      <line num="172" count="9" type="cond" truecount="2" falsecount="0"/>
      <line num="173" count="2" type="stmt"/>
      <line num="177" count="9" type="stmt"/>
      <line num="178" count="15" type="cond" truecount="2" falsecount="0"/>
      <line num="179" count="7" type="stmt"/>
      <line num="180" count="7" type="cond" truecount="2" falsecount="0"/>
      <line num="181" count="1" type="stmt"/>
      <line num="190" count="9" type="stmt"/>
    </file>
    <file name="plugin.ts" path="/home/runner/work/objectos/objectos/packages/plugins/workflow/src/plugin.ts">
      <metrics statements="60" coveredstatements="54" conditionals="16" coveredconditionals="9" methods="15" coveredmethods="12"/>
      <line num="22" count="1" type="stmt"/>
      <line num="23" count="1" type="stmt"/>
      <line num="24" count="1" type="stmt"/>
      <line num="40" count="1" type="stmt"/>
      <line num="76" count="24" type="stmt"/>
      <line num="83" count="24" type="cond" truecount="2" falsecount="0"/>
      <line num="84" count="24" type="stmt"/>
      <line num="85" count="24" type="stmt"/>
      <line num="92" count="16" type="stmt"/>
      <line num="95" count="16" type="stmt"/>
      <line num="98" count="16" type="stmt"/>
      <line num="99" count="16" type="cond" truecount="2" falsecount="0"/>
      <line num="100" count="14" type="stmt"/>
      <line num="103" count="15" type="stmt"/>
      <line num="111" count="14" type="cond" truecount="1" falsecount="1"/>
      <line num="112" count="14" type="stmt"/>
      <line num="113" count="0" type="stmt"/>
      <line num="122" count="0" type="stmt"/>
      <line num="123" count="0" type="cond" truecount="0" falsecount="4"/>
      <line num="124" count="0" type="stmt"/>
      <line num="132" count="0" type="stmt"/>
      <line num="133" count="0" type="stmt"/>
      <line num="140" count="3" type="stmt"/>
      <line num="147" count="1" type="stmt"/>
      <line num="154" count="4" type="stmt"/>
      <line num="162" count="1" type="cond" truecount="1" falsecount="0"/>
      <line num="163" count="24" type="stmt"/>
      <line num="165" count="24" type="stmt"/>
      <line num="170" count="2" type="stmt"/>
      <line num="172" count="2" type="stmt"/>
      <line num="173" count="2" type="stmt"/>
      <line num="175" count="2" type="stmt"/>
      <line num="182" count="16" type="stmt"/>
      <line num="184" count="16" type="stmt"/>
      <line num="185" count="16" type="stmt"/>
      <line num="188" count="15" type="stmt"/>
      <line num="190" count="15" type="stmt"/>
      <line num="192" count="1" type="cond" truecount="1" falsecount="1"/>
      <line num="193" count="1" type="stmt"/>
      <line num="194" count="1" type="stmt"/>
      <line num="202" count="2" type="stmt"/>
      <line num="204" count="2" type="stmt"/>
      <line num="205" count="2" type="stmt"/>
      <line num="207" count="2" type="stmt"/>
      <line num="209" count="2" type="stmt"/>
      <line num="211" count="1" type="stmt"/>
      <line num="213" count="1" type="stmt"/>
      <line num="214" count="1" type="stmt"/>
      <line num="222" count="2" type="stmt"/>
      <line num="224" count="2" type="stmt"/>
      <line num="225" count="2" type="stmt"/>
      <line num="227" count="2" type="stmt"/>
      <line num="228" count="1" type="stmt"/>
      <line num="229" count="1" type="stmt"/>
      <line num="231" count="1" type="stmt"/>
      <line num="233" count="1" type="stmt"/>
      <line num="234" count="1" type="stmt"/>
      <line num="243" count="1" type="stmt"/>
      <line num="248" count="1" type="stmt"/>
      <line num="249" count="9" type="cond" truecount="2" falsecount="0"/>
    </file>
    <file name="storage.ts" path="/home/runner/work/objectos/objectos/packages/plugins/workflow/src/storage.ts">
      <metrics statements="64" coveredstatements="64" conditionals="54" coveredconditionals="41" methods="20" coveredmethods="20"/>
      <line num="19" count="3" type="stmt"/>
      <line num="20" count="80" type="stmt"/>
      <line num="21" count="80" type="stmt"/>
      <line num="22" count="80" type="stmt"/>
      <line num="28" count="40" type="cond" truecount="2" falsecount="0"/>
      <line num="29" count="36" type="stmt"/>
      <line num="32" count="40" type="stmt"/>
      <line num="33" count="40" type="stmt"/>
      <line num="40" count="47" type="stmt"/>
      <line num="41" count="47" type="cond" truecount="2" falsecount="0"/>
      <line num="43" count="43" type="cond" truecount="2" falsecount="0"/>
      <line num="44" count="12" type="cond" truecount="1" falsecount="1"/>
      <line num="48" count="31" type="stmt"/>
      <line num="49" count="31" type="cond" truecount="1" falsecount="1"/>
      <line num="51" count="31" type="stmt"/>
      <line num="58" count="3" type="stmt"/>
      <line num="60" count="3" type="stmt"/>
      <line num="62" count="5" type="stmt"/>
      <line num="63" count="5" type="cond" truecount="1" falsecount="1"/>
      <line num="64" count="5" type="stmt"/>
      <line num="68" count="3" type="stmt"/>
      <line num="75" count="51" type="stmt"/>
      <line num="82" count="21" type="stmt"/>
      <line num="83" count="21" type="cond" truecount="2" falsecount="0"/>
      <line num="90" count="35" type="stmt"/>
      <line num="91" count="35" type="cond" truecount="2" falsecount="0"/>
      <line num="92" count="1" type="stmt"/>
      <line num="95" count="34" type="stmt"/>
      <line num="102" count="15" type="stmt"/>
      <line num="105" count="15" type="cond" truecount="2" falsecount="0"/>
      <line num="106" count="4" type="stmt"/>
      <line num="110" count="15" type="cond" truecount="2" falsecount="0"/>
      <line num="111" count="5" type="cond" truecount="2" falsecount="0"/>
      <line num="112" count="11" type="stmt"/>
      <line num="116" count="15" type="cond" truecount="2" falsecount="0"/>
      <line num="117" count="4" type="stmt"/>
      <line num="121" count="15" type="cond" truecount="2" falsecount="0"/>
      <line num="122" count="2" type="cond" truecount="1" falsecount="1"/>
      <line num="123" count="2" type="stmt"/>
      <line num="124" count="7" type="stmt"/>
      <line num="125" count="7" type="stmt"/>
      <line num="127" count="7" type="cond" truecount="2" falsecount="2"/>
      <line num="128" count="7" type="cond" truecount="1" falsecount="3"/>
      <line num="129" count="7" type="cond" truecount="1" falsecount="3"/>
      <line num="131" count="7" type="cond" truecount="3" falsecount="1"/>
      <line num="132" count="7" type="cond" truecount="2" falsecount="0"/>
      <line num="137" count="15" type="cond" truecount="2" falsecount="0"/>
      <line num="138" count="2" type="stmt"/>
      <line num="140" count="15" type="cond" truecount="2" falsecount="0"/>
      <line num="141" count="4" type="stmt"/>
      <line num="144" count="23" type="stmt"/>
      <line num="151" count="14" type="stmt"/>
      <line num="158" count="15" type="stmt"/>
      <line num="159" count="15" type="cond" truecount="2" falsecount="0"/>
      <line num="166" count="2" type="stmt"/>
      <line num="167" count="5" type="stmt"/>
      <line num="168" count="4" type="stmt"/>
      <line num="175" count="6" type="stmt"/>
      <line num="176" count="6" type="cond" truecount="2" falsecount="0"/>
      <line num="177" count="1" type="stmt"/>
      <line num="180" count="5" type="stmt"/>
      <line num="187" count="1" type="stmt"/>
      <line num="188" count="1" type="stmt"/>
      <line num="189" count="1" type="stmt"/>
    </file>
  </project>
</coverage>
