{"/home/runner/work/objectos/objectos/packages/plugins/workflow/src/api.ts": {"path":"/home/runner/work/objectos/objectos/packages/plugins/workflow/src/api.ts","statementMap":{"0":{"start":{"line":14,"column":0},"end":{"line":14,"column":42}},"1":{"start":{"line":24,"column":8},"end":{"line":24,"column":31}},"2":{"start":{"line":25,"column":8},"end":{"line":25,"column":53}},"3":{"start":{"line":32,"column":8},"end":{"line":32,"column":54}},"4":{"start":{"line":39,"column":8},"end":{"line":39,"column":55}},"5":{"start":{"line":46,"column":8},"end":{"line":46,"column":46}},"6":{"start":{"line":58,"column":27},"end":{"line":58,"column":80}},"7":{"start":{"line":59,"column":8},"end":{"line":61,"column":9}},"8":{"start":{"line":60,"column":12},"end":{"line":60,"column":65}},"9":{"start":{"line":63,"column":23},"end":{"line":63,"column":78}},"10":{"start":{"line":64,"column":8},"end":{"line":64,"column":50}},"11":{"start":{"line":66,"column":8},"end":{"line":66,"column":73}},"12":{"start":{"line":67,"column":8},"end":{"line":67,"column":65}},"13":{"start":{"line":69,"column":8},"end":{"line":69,"column":24}},"14":{"start":{"line":76,"column":8},"end":{"line":76,"column":52}},"15":{"start":{"line":88,"column":25},"end":{"line":88,"column":67}},"16":{"start":{"line":89,"column":8},"end":{"line":91,"column":9}},"17":{"start":{"line":90,"column":12},"end":{"line":90,"column":74}},"18":{"start":{"line":93,"column":27},"end":{"line":93,"column":98}},"19":{"start":{"line":94,"column":8},"end":{"line":98,"column":9}},"20":{"start":{"line":95,"column":12},"end":{"line":97,"column":14}},"21":{"start":{"line":100,"column":32},"end":{"line":105,"column":null}},"22":{"start":{"line":108,"column":8},"end":{"line":108,"column":71}},"23":{"start":{"line":110,"column":8},"end":{"line":110,"column":31}},"24":{"start":{"line":117,"column":25},"end":{"line":117,"column":67}},"25":{"start":{"line":118,"column":8},"end":{"line":120,"column":9}},"26":{"start":{"line":119,"column":12},"end":{"line":119,"column":74}},"27":{"start":{"line":122,"column":27},"end":{"line":122,"column":98}},"28":{"start":{"line":123,"column":8},"end":{"line":127,"column":9}},"29":{"start":{"line":124,"column":12},"end":{"line":126,"column":14}},"30":{"start":{"line":129,"column":32},"end":{"line":129,"column":96}},"31":{"start":{"line":130,"column":8},"end":{"line":130,"column":71}},"32":{"start":{"line":132,"column":8},"end":{"line":132,"column":31}},"33":{"start":{"line":139,"column":8},"end":{"line":139,"column":52}},"34":{"start":{"line":146,"column":25},"end":{"line":146,"column":67}},"35":{"start":{"line":147,"column":8},"end":{"line":149,"column":9}},"36":{"start":{"line":148,"column":12},"end":{"line":148,"column":74}},"37":{"start":{"line":151,"column":27},"end":{"line":151,"column":98}},"38":{"start":{"line":152,"column":8},"end":{"line":156,"column":9}},"39":{"start":{"line":153,"column":12},"end":{"line":155,"column":14}},"40":{"start":{"line":158,"column":8},"end":{"line":158,"column":73}},"41":{"start":{"line":165,"column":25},"end":{"line":165,"column":67}},"42":{"start":{"line":166,"column":8},"end":{"line":168,"column":9}},"43":{"start":{"line":167,"column":12},"end":{"line":167,"column":25}},"44":{"start":{"line":170,"column":27},"end":{"line":170,"column":98}},"45":{"start":{"line":171,"column":8},"end":{"line":173,"column":9}},"46":{"start":{"line":172,"column":12},"end":{"line":172,"column":25}},"47":{"start":{"line":175,"column":8},"end":{"line":175,"column":86}},"48":{"start":{"line":182,"column":38},"end":{"line":186,"column":10}},"49":{"start":{"line":188,"column":8},"end":{"line":188,"column":45}},"50":{"start":{"line":189,"column":8},"end":{"line":189,"column":23}},"51":{"start":{"line":196,"column":8},"end":{"line":196,"column":44}},"52":{"start":{"line":203,"column":8},"end":{"line":203,"column":57}},"53":{"start":{"line":213,"column":21},"end":{"line":213,"column":55}},"54":{"start":{"line":214,"column":8},"end":{"line":216,"column":9}},"55":{"start":{"line":215,"column":12},"end":{"line":215,"column":57}},"56":{"start":{"line":218,"column":8},"end":{"line":220,"column":9}},"57":{"start":{"line":219,"column":12},"end":{"line":219,"column":78}},"58":{"start":{"line":222,"column":8},"end":{"line":226,"column":11}},"59":{"start":{"line":228,"column":28},"end":{"line":228,"column":62}},"60":{"start":{"line":229,"column":8},"end":{"line":229,"column":28}},"61":{"start":{"line":236,"column":21},"end":{"line":236,"column":55}},"62":{"start":{"line":237,"column":8},"end":{"line":239,"column":9}},"63":{"start":{"line":238,"column":12},"end":{"line":238,"column":57}},"64":{"start":{"line":241,"column":8},"end":{"line":243,"column":9}},"65":{"start":{"line":242,"column":12},"end":{"line":242,"column":76}},"66":{"start":{"line":245,"column":8},"end":{"line":249,"column":11}},"67":{"start":{"line":251,"column":28},"end":{"line":251,"column":62}},"68":{"start":{"line":252,"column":8},"end":{"line":252,"column":28}},"69":{"start":{"line":259,"column":8},"end":{"line":259,"column":27}},"70":{"start":{"line":266,"column":8},"end":{"line":266,"column":79}},"71":{"start":{"line":19,"column":0},"end":{"line":19,"column":13}}},"fnMap":{"0":{"name":"(anonymous_0)","decl":{"start":{"line":23,"column":4},"end":{"line":23,"column":16}},"loc":{"start":{"line":23,"column":65},"end":{"line":26,"column":5}}},"1":{"name":"(anonymous_1)","decl":{"start":{"line":31,"column":4},"end":{"line":31,"column":9}},"loc":{"start":{"line":31,"column":57},"end":{"line":33,"column":5}}},"2":{"name":"(anonymous_2)","decl":{"start":{"line":38,"column":4},"end":{"line":38,"column":9}},"loc":{"start":{"line":38,"column":50},"end":{"line":40,"column":5}}},"3":{"name":"(anonymous_3)","decl":{"start":{"line":45,"column":4},"end":{"line":45,"column":9}},"loc":{"start":{"line":45,"column":23},"end":{"line":47,"column":5}}},"4":{"name":"(anonymous_4)","decl":{"start":{"line":52,"column":4},"end":{"line":52,"column":9}},"loc":{"start":{"line":56,"column":24},"end":{"line":70,"column":5}}},"5":{"name":"(anonymous_5)","decl":{"start":{"line":75,"column":4},"end":{"line":75,"column":9}},"loc":{"start":{"line":75,"column":46},"end":{"line":77,"column":5}}},"6":{"name":"(anonymous_6)","decl":{"start":{"line":82,"column":4},"end":{"line":82,"column":9}},"loc":{"start":{"line":86,"column":34},"end":{"line":111,"column":5}}},"7":{"name":"(anonymous_7)","decl":{"start":{"line":116,"column":4},"end":{"line":116,"column":9}},"loc":{"start":{"line":116,"column":62},"end":{"line":133,"column":5}}},"8":{"name":"(anonymous_8)","decl":{"start":{"line":138,"column":4},"end":{"line":138,"column":9}},"loc":{"start":{"line":138,"column":54},"end":{"line":140,"column":5}}},"9":{"name":"(anonymous_9)","decl":{"start":{"line":145,"column":4},"end":{"line":145,"column":9}},"loc":{"start":{"line":145,"column":52},"end":{"line":159,"column":5}}},"10":{"name":"(anonymous_10)","decl":{"start":{"line":164,"column":4},"end":{"line":164,"column":9}},"loc":{"start":{"line":164,"column":73},"end":{"line":176,"column":5}}},"11":{"name":"(anonymous_11)","decl":{"start":{"line":181,"column":4},"end":{"line":181,"column":9}},"loc":{"start":{"line":181,"column":65},"end":{"line":190,"column":5}}},"12":{"name":"(anonymous_12)","decl":{"start":{"line":195,"column":4},"end":{"line":195,"column":9}},"loc":{"start":{"line":195,"column":32},"end":{"line":197,"column":5}}},"13":{"name":"(anonymous_13)","decl":{"start":{"line":202,"column":4},"end":{"line":202,"column":9}},"loc":{"start":{"line":202,"column":45},"end":{"line":204,"column":5}}},"14":{"name":"(anonymous_14)","decl":{"start":{"line":209,"column":4},"end":{"line":209,"column":9}},"loc":{"start":{"line":211,"column":36},"end":{"line":230,"column":5}}},"15":{"name":"(anonymous_15)","decl":{"start":{"line":235,"column":4},"end":{"line":235,"column":9}},"loc":{"start":{"line":235,"column":65},"end":{"line":253,"column":5}}},"16":{"name":"(anonymous_16)","decl":{"start":{"line":258,"column":4},"end":{"line":258,"column":13}},"loc":{"start":{"line":258,"column":13},"end":{"line":260,"column":5}}},"17":{"name":"(anonymous_17)","decl":{"start":{"line":265,"column":12},"end":{"line":265,"column":26}},"loc":{"start":{"line":265,"column":26},"end":{"line":267,"column":5}}}},"branchMap":{"0":{"loc":{"start":{"line":25,"column":22},"end":{"line":25,"column":52}},"type":"binary-expr","locations":[{"start":{"line":25,"column":22},"end":{"line":25,"column":28}},{"start":{"line":25,"column":32},"end":{"line":25,"column":52}}]},"1":{"loc":{"start":{"line":54,"column":8},"end":{"line":54,"column":38}},"type":"default-arg","locations":[{"start":{"line":54,"column":36},"end":{"line":54,"column":38}}]},"2":{"loc":{"start":{"line":59,"column":8},"end":{"line":61,"column":9}},"type":"if","locations":[{"start":{"line":59,"column":8},"end":{"line":61,"column":9}},{"start":{},"end":{}}]},"3":{"loc":{"start":{"line":89,"column":8},"end":{"line":91,"column":9}},"type":"if","locations":[{"start":{"line":89,"column":8},"end":{"line":91,"column":9}},{"start":{},"end":{}}]},"4":{"loc":{"start":{"line":94,"column":8},"end":{"line":98,"column":9}},"type":"if","locations":[{"start":{"line":94,"column":8},"end":{"line":98,"column":9}},{"start":{},"end":{}}]},"5":{"loc":{"start":{"line":118,"column":8},"end":{"line":120,"column":9}},"type":"if","locations":[{"start":{"line":118,"column":8},"end":{"line":120,"column":9}},{"start":{},"end":{}}]},"6":{"loc":{"start":{"line":123,"column":8},"end":{"line":127,"column":9}},"type":"if","locations":[{"start":{"line":123,"column":8},"end":{"line":127,"column":9}},{"start":{},"end":{}}]},"7":{"loc":{"start":{"line":147,"column":8},"end":{"line":149,"column":9}},"type":"if","locations":[{"start":{"line":147,"column":8},"end":{"line":149,"column":9}},{"start":{},"end":{}}]},"8":{"loc":{"start":{"line":152,"column":8},"end":{"line":156,"column":9}},"type":"if","locations":[{"start":{"line":152,"column":8},"end":{"line":156,"column":9}},{"start":{},"end":{}}]},"9":{"loc":{"start":{"line":166,"column":8},"end":{"line":168,"column":9}},"type":"if","locations":[{"start":{"line":166,"column":8},"end":{"line":168,"column":9}},{"start":{},"end":{}}]},"10":{"loc":{"start":{"line":171,"column":8},"end":{"line":173,"column":9}},"type":"if","locations":[{"start":{"line":171,"column":8},"end":{"line":173,"column":9}},{"start":{},"end":{}}]},"11":{"loc":{"start":{"line":214,"column":8},"end":{"line":216,"column":9}},"type":"if","locations":[{"start":{"line":214,"column":8},"end":{"line":216,"column":9}},{"start":{},"end":{}}]},"12":{"loc":{"start":{"line":218,"column":8},"end":{"line":220,"column":9}},"type":"if","locations":[{"start":{"line":218,"column":8},"end":{"line":220,"column":9}},{"start":{},"end":{}}]},"13":{"loc":{"start":{"line":237,"column":8},"end":{"line":239,"column":9}},"type":"if","locations":[{"start":{"line":237,"column":8},"end":{"line":239,"column":9}},{"start":{},"end":{}}]},"14":{"loc":{"start":{"line":241,"column":8},"end":{"line":243,"column":9}},"type":"if","locations":[{"start":{"line":241,"column":8},"end":{"line":243,"column":9}},{"start":{},"end":{}}]}},"s":{"0":2,"1":56,"2":56,"3":30,"4":4,"5":1,"6":28,"7":28,"8":1,"9":27,"10":27,"11":27,"12":27,"13":27,"14":4,"15":4,"16":4,"17":1,"18":3,"19":3,"20":0,"21":3,"22":3,"23":3,"24":4,"25":4,"26":1,"27":3,"28":3,"29":0,"30":3,"31":3,"32":3,"33":6,"34":2,"35":2,"36":1,"37":1,"38":1,"39":0,"40":1,"41":3,"42":3,"43":1,"44":2,"45":2,"46":0,"47":2,"48":8,"49":8,"50":8,"51":1,"52":1,"53":3,"54":3,"55":0,"56":3,"57":1,"58":2,"59":2,"60":2,"61":3,"62":3,"63":0,"64":3,"65":1,"66":2,"67":2,"68":2,"69":1,"70":8,"71":2},"f":{"0":56,"1":30,"2":4,"3":1,"4":28,"5":4,"6":4,"7":4,"8":6,"9":2,"10":3,"11":8,"12":1,"13":1,"14":3,"15":3,"16":1,"17":8},"b":{"0":[56,0],"1":[25],"2":[1,27],"3":[1,3],"4":[0,3],"5":[1,3],"6":[0,3],"7":[1,1],"8":[0,1],"9":[1,2],"10":[0,2],"11":[0,3],"12":[1,2],"13":[0,3],"14":[1,2]}}
,"/home/runner/work/objectos/objectos/packages/plugins/workflow/src/engine.ts": {"path":"/home/runner/work/objectos/objectos/packages/plugins/workflow/src/engine.ts","statementMap":{"0":{"start":{"line":22,"column":12},"end":{"line":22,"column":61}},"1":{"start":{"line":23,"column":12},"end":{"line":23,"column":63}},"2":{"start":{"line":27,"column":8},"end":{"line":27,"column":40}},"3":{"start":{"line":34,"column":8},"end":{"line":34,"column":37}},"4":{"start":{"line":41,"column":8},"end":{"line":41,"column":39}},"5":{"start":{"line":52,"column":43},"end":{"line":62,"column":10}},"6":{"start":{"line":64,"column":8},"end":{"line":64,"column":24}},"7":{"start":{"line":74,"column":8},"end":{"line":76,"column":9}},"8":{"start":{"line":75,"column":12},"end":{"line":75,"column":83}},"9":{"start":{"line":78,"column":8},"end":{"line":78,"column":36}},"10":{"start":{"line":79,"column":8},"end":{"line":79,"column":40}},"11":{"start":{"line":82,"column":29},"end":{"line":82,"column":69}},"12":{"start":{"line":83,"column":24},"end":{"line":83,"column":78}},"13":{"start":{"line":85,"column":8},"end":{"line":87,"column":9}},"14":{"start":{"line":86,"column":12},"end":{"line":86,"column":69}},"15":{"start":{"line":90,"column":8},"end":{"line":93,"column":9}},"16":{"start":{"line":91,"column":12},"end":{"line":91,"column":42}},"17":{"start":{"line":92,"column":12},"end":{"line":92,"column":46}},"18":{"start":{"line":95,"column":8},"end":{"line":95,"column":24}},"19":{"start":{"line":108,"column":8},"end":{"line":110,"column":9}},"20":{"start":{"line":109,"column":12},"end":{"line":109,"column":99}},"21":{"start":{"line":112,"column":29},"end":{"line":112,"column":69}},"22":{"start":{"line":113,"column":8},"end":{"line":117,"column":9}},"23":{"start":{"line":114,"column":12},"end":{"line":116,"column":14}},"24":{"start":{"line":119,"column":27},"end":{"line":119,"column":67}},"25":{"start":{"line":120,"column":24},"end":{"line":123,"column":10}},"26":{"start":{"line":126,"column":8},"end":{"line":131,"column":9}},"27":{"start":{"line":127,"column":31},"end":{"line":127,"column":81}},"28":{"start":{"line":128,"column":12},"end":{"line":130,"column":13}},"29":{"start":{"line":129,"column":16},"end":{"line":129,"column":94}},"30":{"start":{"line":133,"column":26},"end":{"line":133,"column":47}},"31":{"start":{"line":134,"column":24},"end":{"line":134,"column":41}},"32":{"start":{"line":137,"column":8},"end":{"line":139,"column":9}},"33":{"start":{"line":138,"column":12},"end":{"line":138,"column":68}},"34":{"start":{"line":142,"column":8},"end":{"line":144,"column":9}},"35":{"start":{"line":143,"column":12},"end":{"line":143,"column":67}},"36":{"start":{"line":147,"column":8},"end":{"line":147,"column":40}},"37":{"start":{"line":150,"column":48},"end":{"line":157,"column":10}},"38":{"start":{"line":158,"column":8},"end":{"line":158,"column":44}},"39":{"start":{"line":161,"column":25},"end":{"line":161,"column":51}},"40":{"start":{"line":162,"column":27},"end":{"line":162,"column":77}},"41":{"start":{"line":164,"column":8},"end":{"line":166,"column":9}},"42":{"start":{"line":165,"column":12},"end":{"line":165,"column":68}},"43":{"start":{"line":169,"column":8},"end":{"line":173,"column":9}},"44":{"start":{"line":170,"column":12},"end":{"line":170,"column":42}},"45":{"start":{"line":171,"column":12},"end":{"line":171,"column":46}},"46":{"start":{"line":172,"column":12},"end":{"line":172,"column":47}},"47":{"start":{"line":175,"column":8},"end":{"line":175,"column":24}},"48":{"start":{"line":186,"column":8},"end":{"line":188,"column":9}},"49":{"start":{"line":187,"column":12},"end":{"line":187,"column":83}},"50":{"start":{"line":190,"column":8},"end":{"line":190,"column":36}},"51":{"start":{"line":191,"column":8},"end":{"line":191,"column":40}},"52":{"start":{"line":192,"column":8},"end":{"line":192,"column":41}},"53":{"start":{"line":195,"column":29},"end":{"line":195,"column":69}},"54":{"start":{"line":196,"column":8},"end":{"line":199,"column":9}},"55":{"start":{"line":197,"column":28},"end":{"line":197,"column":82}},"56":{"start":{"line":198,"column":12},"end":{"line":198,"column":68}},"57":{"start":{"line":201,"column":8},"end":{"line":201,"column":24}},"58":{"start":{"line":211,"column":29},"end":{"line":211,"column":69}},"59":{"start":{"line":212,"column":8},"end":{"line":214,"column":9}},"60":{"start":{"line":213,"column":12},"end":{"line":213,"column":22}},"61":{"start":{"line":216,"column":8},"end":{"line":216,"column":53}},"62":{"start":{"line":227,"column":8},"end":{"line":229,"column":9}},"63":{"start":{"line":228,"column":12},"end":{"line":228,"column":25}},"64":{"start":{"line":231,"column":29},"end":{"line":231,"column":69}},"65":{"start":{"line":232,"column":8},"end":{"line":234,"column":9}},"66":{"start":{"line":233,"column":12},"end":{"line":233,"column":25}},"67":{"start":{"line":236,"column":27},"end":{"line":236,"column":67}},"68":{"start":{"line":237,"column":8},"end":{"line":239,"column":9}},"69":{"start":{"line":238,"column":12},"end":{"line":238,"column":24}},"70":{"start":{"line":241,"column":24},"end":{"line":244,"column":10}},"71":{"start":{"line":246,"column":8},"end":{"line":246,"column":60}},"72":{"start":{"line":258,"column":8},"end":{"line":273,"column":10}},"73":{"start":{"line":265,"column":16},"end":{"line":267,"column":17}},"74":{"start":{"line":266,"column":20},"end":{"line":266,"column":46}},"75":{"start":{"line":268,"column":16},"end":{"line":268,"column":47}},"76":{"start":{"line":271,"column":16},"end":{"line":271,"column":43}},"77":{"start":{"line":283,"column":8},"end":{"line":288,"column":9}},"78":{"start":{"line":284,"column":27},"end":{"line":284,"column":47}},"79":{"start":{"line":285,"column":12},"end":{"line":287,"column":13}},"80":{"start":{"line":286,"column":16},"end":{"line":286,"column":29}},"81":{"start":{"line":289,"column":8},"end":{"line":289,"column":20}},"82":{"start":{"line":299,"column":8},"end":{"line":306,"column":9}},"83":{"start":{"line":300,"column":12},"end":{"line":305,"column":13}},"84":{"start":{"line":301,"column":16},"end":{"line":301,"column":38}},"85":{"start":{"line":303,"column":16},"end":{"line":303,"column":68}},"86":{"start":{"line":304,"column":16},"end":{"line":304,"column":28}},"87":{"start":{"line":313,"column":8},"end":{"line":313,"column":77}},"88":{"start":{"line":21,"column":0},"end":{"line":21,"column":13}}},"fnMap":{"0":{"name":"(anonymous_0)","decl":{"start":{"line":26,"column":4},"end":{"line":26,"column":16}},"loc":{"start":{"line":26,"column":28},"end":{"line":28,"column":5}}},"1":{"name":"(anonymous_1)","decl":{"start":{"line":33,"column":4},"end":{"line":33,"column":17}},"loc":{"start":{"line":33,"column":54},"end":{"line":35,"column":5}}},"2":{"name":"(anonymous_2)","decl":{"start":{"line":40,"column":4},"end":{"line":40,"column":18}},"loc":{"start":{"line":40,"column":57},"end":{"line":42,"column":5}}},"3":{"name":"(anonymous_3)","decl":{"start":{"line":47,"column":4},"end":{"line":47,"column":18}},"loc":{"start":{"line":50,"column":26},"end":{"line":65,"column":5}}},"4":{"name":"(anonymous_4)","decl":{"start":{"line":70,"column":4},"end":{"line":70,"column":9}},"loc":{"start":{"line":72,"column":38},"end":{"line":96,"column":5}}},"5":{"name":"(anonymous_5)","decl":{"start":{"line":101,"column":4},"end":{"line":101,"column":9}},"loc":{"start":{"line":106,"column":44},"end":{"line":176,"column":5}}},"6":{"name":"(anonymous_6)","decl":{"start":{"line":181,"column":4},"end":{"line":181,"column":9}},"loc":{"start":{"line":184,"column":26},"end":{"line":202,"column":5}}},"7":{"name":"(anonymous_7)","decl":{"start":{"line":207,"column":4},"end":{"line":207,"column":27}},"loc":{"start":{"line":209,"column":38},"end":{"line":217,"column":5}}},"8":{"name":"(anonymous_8)","decl":{"start":{"line":222,"column":4},"end":{"line":222,"column":9}},"loc":{"start":{"line":225,"column":30},"end":{"line":247,"column":5}}},"9":{"name":"(anonymous_9)","decl":{"start":{"line":252,"column":12},"end":{"line":252,"column":25}},"loc":{"start":{"line":256,"column":63},"end":{"line":274,"column":5}}},"10":{"name":"(anonymous_10)","decl":{"start":{"line":264,"column":21},"end":{"line":264,"column":31}},"loc":{"start":{"line":264,"column":50},"end":{"line":269,"column":13}}},"11":{"name":"(anonymous_11)","decl":{"start":{"line":270,"column":21},"end":{"line":270,"column":22}},"loc":{"start":{"line":270,"column":49},"end":{"line":272,"column":13}}},"12":{"name":"(anonymous_12)","decl":{"start":{"line":279,"column":12},"end":{"line":279,"column":17}},"loc":{"start":{"line":281,"column":32},"end":{"line":290,"column":5}}},"13":{"name":"(anonymous_13)","decl":{"start":{"line":295,"column":12},"end":{"line":295,"column":17}},"loc":{"start":{"line":297,"column":32},"end":{"line":307,"column":5}}},"14":{"name":"(anonymous_14)","decl":{"start":{"line":312,"column":12},"end":{"line":312,"column":30}},"loc":{"start":{"line":312,"column":30},"end":{"line":314,"column":5}}}},"branchMap":{"0":{"loc":{"start":{"line":27,"column":22},"end":{"line":27,"column":39}},"type":"binary-expr","locations":[{"start":{"line":27,"column":22},"end":{"line":27,"column":28}},{"start":{"line":27,"column":32},"end":{"line":27,"column":39}}]},"1":{"loc":{"start":{"line":49,"column":8},"end":{"line":49,"column":38}},"type":"default-arg","locations":[{"start":{"line":49,"column":36},"end":{"line":49,"column":38}}]},"2":{"loc":{"start":{"line":74,"column":8},"end":{"line":76,"column":9}},"type":"if","locations":[{"start":{"line":74,"column":8},"end":{"line":76,"column":9}},{"start":{},"end":{}}]},"3":{"loc":{"start":{"line":85,"column":8},"end":{"line":87,"column":9}},"type":"if","locations":[{"start":{"line":85,"column":8},"end":{"line":87,"column":9}},{"start":{},"end":{}}]},"4":{"loc":{"start":{"line":90,"column":8},"end":{"line":93,"column":9}},"type":"if","locations":[{"start":{"line":90,"column":8},"end":{"line":93,"column":9}},{"start":{},"end":{}}]},"5":{"loc":{"start":{"line":108,"column":8},"end":{"line":110,"column":9}},"type":"if","locations":[{"start":{"line":108,"column":8},"end":{"line":110,"column":9}},{"start":{},"end":{}}]},"6":{"loc":{"start":{"line":113,"column":8},"end":{"line":117,"column":9}},"type":"if","locations":[{"start":{"line":113,"column":8},"end":{"line":117,"column":9}},{"start":{},"end":{}}]},"7":{"loc":{"start":{"line":113,"column":12},"end":{"line":113,"column":82}},"type":"binary-expr","locations":[{"start":{"line":113,"column":12},"end":{"line":113,"column":37}},{"start":{"line":113,"column":41},"end":{"line":113,"column":82}}]},"8":{"loc":{"start":{"line":126,"column":8},"end":{"line":131,"column":9}},"type":"if","locations":[{"start":{"line":126,"column":8},"end":{"line":131,"column":9}},{"start":{},"end":{}}]},"9":{"loc":{"start":{"line":128,"column":12},"end":{"line":130,"column":13}},"type":"if","locations":[{"start":{"line":128,"column":12},"end":{"line":130,"column":13}},{"start":{},"end":{}}]},"10":{"loc":{"start":{"line":137,"column":8},"end":{"line":139,"column":9}},"type":"if","locations":[{"start":{"line":137,"column":8},"end":{"line":139,"column":9}},{"start":{},"end":{}}]},"11":{"loc":{"start":{"line":142,"column":8},"end":{"line":144,"column":9}},"type":"if","locations":[{"start":{"line":142,"column":8},"end":{"line":144,"column":9}},{"start":{},"end":{}}]},"12":{"loc":{"start":{"line":164,"column":8},"end":{"line":166,"column":9}},"type":"if","locations":[{"start":{"line":164,"column":8},"end":{"line":166,"column":9}},{"start":{},"end":{}}]},"13":{"loc":{"start":{"line":169,"column":8},"end":{"line":173,"column":9}},"type":"if","locations":[{"start":{"line":169,"column":8},"end":{"line":173,"column":9}},{"start":{},"end":{}}]},"14":{"loc":{"start":{"line":186,"column":8},"end":{"line":188,"column":9}},"type":"if","locations":[{"start":{"line":186,"column":8},"end":{"line":188,"column":9}},{"start":{},"end":{}}]},"15":{"loc":{"start":{"line":196,"column":8},"end":{"line":199,"column":9}},"type":"if","locations":[{"start":{"line":196,"column":8},"end":{"line":199,"column":9}},{"start":{},"end":{}}]},"16":{"loc":{"start":{"line":212,"column":8},"end":{"line":214,"column":9}},"type":"if","locations":[{"start":{"line":212,"column":8},"end":{"line":214,"column":9}},{"start":{},"end":{}}]},"17":{"loc":{"start":{"line":227,"column":8},"end":{"line":229,"column":9}},"type":"if","locations":[{"start":{"line":227,"column":8},"end":{"line":229,"column":9}},{"start":{},"end":{}}]},"18":{"loc":{"start":{"line":232,"column":8},"end":{"line":234,"column":9}},"type":"if","locations":[{"start":{"line":232,"column":8},"end":{"line":234,"column":9}},{"start":{},"end":{}}]},"19":{"loc":{"start":{"line":232,"column":12},"end":{"line":232,"column":82}},"type":"binary-expr","locations":[{"start":{"line":232,"column":12},"end":{"line":232,"column":37}},{"start":{"line":232,"column":41},"end":{"line":232,"column":82}}]},"20":{"loc":{"start":{"line":237,"column":8},"end":{"line":239,"column":9}},"type":"if","locations":[{"start":{"line":237,"column":8},"end":{"line":239,"column":9}},{"start":{},"end":{}}]},"21":{"loc":{"start":{"line":237,"column":12},"end":{"line":237,"column":64}},"type":"binary-expr","locations":[{"start":{"line":237,"column":12},"end":{"line":237,"column":30}},{"start":{"line":237,"column":34},"end":{"line":237,"column":64}}]},"22":{"loc":{"start":{"line":265,"column":16},"end":{"line":267,"column":17}},"type":"if","locations":[{"start":{"line":265,"column":16},"end":{"line":267,"column":17}},{"start":{},"end":{}}]},"23":{"loc":{"start":{"line":285,"column":12},"end":{"line":287,"column":13}},"type":"if","locations":[{"start":{"line":285,"column":12},"end":{"line":287,"column":13}},{"start":{},"end":{}}]}},"s":{"0":83,"1":83,"2":83,"3":2,"4":3,"5":54,"6":54,"7":49,"8":1,"9":48,"10":48,"11":48,"12":48,"13":48,"14":1,"15":48,"16":1,"17":1,"18":48,"19":20,"20":1,"21":19,"22":19,"23":1,"24":18,"25":18,"26":18,"27":3,"28":3,"29":1,"30":17,"31":17,"32":17,"33":1,"34":17,"35":3,"36":17,"37":17,"38":17,"39":17,"40":17,"41":17,"42":1,"43":17,"44":4,"45":4,"46":4,"47":17,"48":6,"49":1,"50":5,"51":5,"52":5,"53":5,"54":5,"55":1,"56":1,"57":5,"58":3,"59":3,"60":1,"61":2,"62":5,"63":1,"64":4,"65":4,"66":1,"67":3,"68":3,"69":2,"70":1,"71":1,"72":85,"73":0,"74":0,"75":0,"76":2,"77":4,"78":4,"79":4,"80":2,"81":2,"82":7,"83":7,"84":7,"85":0,"86":0,"87":54,"88":3},"f":{"0":83,"1":2,"2":3,"3":54,"4":49,"5":20,"6":6,"7":3,"8":5,"9":85,"10":0,"11":2,"12":4,"13":7,"14":54},"b":{"0":[83,56],"1":[26],"2":[1,48],"3":[1,47],"4":[1,47],"5":[1,19],"6":[1,18],"7":[19,19],"8":[3,15],"9":[1,2],"10":[1,16],"11":[3,14],"12":[1,16],"13":[4,13],"14":[1,5],"15":[1,4],"16":[1,2],"17":[1,4],"18":[1,3],"19":[4,4],"20":[2,1],"21":[3,1],"22":[0,0],"23":[2,2]}}
,"/home/runner/work/objectos/objectos/packages/plugins/workflow/src/parser.ts": {"path":"/home/runner/work/objectos/objectos/packages/plugins/workflow/src/parser.ts","statementMap":{"0":{"start":{"line":20,"column":0},"end":{"line":20,"column":16}},"1":{"start":{"line":143,"column":0},"end":{"line":143,"column":16}},"2":{"start":{"line":7,"column":0},"end":{"line":7,"column":32}},"3":{"start":{"line":21,"column":19},"end":{"line":21,"column":67}},"4":{"start":{"line":23,"column":4},"end":{"line":25,"column":5}},"5":{"start":{"line":24,"column":8},"end":{"line":24,"column":60}},"6":{"start":{"line":27,"column":4},"end":{"line":29,"column":5}},"7":{"start":{"line":28,"column":8},"end":{"line":28,"column":64}},"8":{"start":{"line":31,"column":4},"end":{"line":33,"column":5}},"9":{"start":{"line":32,"column":8},"end":{"line":32,"column":76}},"10":{"start":{"line":36,"column":30},"end":{"line":37,"column":null}},"11":{"start":{"line":37,"column":24},"end":{"line":37,"column":46}},"12":{"start":{"line":40,"column":4},"end":{"line":42,"column":5}},"13":{"start":{"line":41,"column":8},"end":{"line":41,"column":74}},"14":{"start":{"line":44,"column":25},"end":{"line":44,"column":45}},"15":{"start":{"line":47,"column":48},"end":{"line":47,"column":50}},"16":{"start":{"line":48,"column":4},"end":{"line":50,"column":5}},"17":{"start":{"line":49,"column":8},"end":{"line":49,"column":69}},"18":{"start":{"line":53,"column":4},"end":{"line":64,"column":5}},"19":{"start":{"line":54,"column":8},"end":{"line":63,"column":9}},"20":{"start":{"line":55,"column":12},"end":{"line":62,"column":13}},"21":{"start":{"line":56,"column":16},"end":{"line":61,"column":17}},"22":{"start":{"line":57,"column":20},"end":{"line":60,"column":22}},"23":{"start":{"line":66,"column":23},"end":{"line":66,"column":60}},"24":{"start":{"line":67,"column":20},"end":{"line":67,"column":45}},"25":{"start":{"line":69,"column":4},"end":{"line":78,"column":6}},"26":{"start":{"line":85,"column":58},"end":{"line":85,"column":60}},"27":{"start":{"line":87,"column":4},"end":{"line":91,"column":5}},"28":{"start":{"line":88,"column":8},"end":{"line":90,"column":9}},"29":{"start":{"line":89,"column":12},"end":{"line":89,"column":98}},"30":{"start":{"line":93,"column":4},"end":{"line":101,"column":6}},"31":{"start":{"line":112,"column":4},"end":{"line":116,"column":5}},"32":{"start":{"line":113,"column":8},"end":{"line":115,"column":10}},"33":{"start":{"line":118,"column":4},"end":{"line":120,"column":5}},"34":{"start":{"line":119,"column":8},"end":{"line":119,"column":73}},"35":{"start":{"line":122,"column":4},"end":{"line":127,"column":6}},"36":{"start":{"line":134,"column":4},"end":{"line":137,"column":33}},"37":{"start":{"line":144,"column":29},"end":{"line":144,"column":31}},"38":{"start":{"line":146,"column":4},"end":{"line":148,"column":5}},"39":{"start":{"line":147,"column":8},"end":{"line":147,"column":48}},"40":{"start":{"line":150,"column":4},"end":{"line":152,"column":5}},"41":{"start":{"line":151,"column":8},"end":{"line":151,"column":49}},"42":{"start":{"line":154,"column":4},"end":{"line":156,"column":5}},"43":{"start":{"line":155,"column":8},"end":{"line":155,"column":52}},"44":{"start":{"line":158,"column":4},"end":{"line":160,"column":5}},"45":{"start":{"line":159,"column":8},"end":{"line":159,"column":61}},"46":{"start":{"line":162,"column":4},"end":{"line":164,"column":5}},"47":{"start":{"line":163,"column":8},"end":{"line":163,"column":59}},"48":{"start":{"line":166,"column":4},"end":{"line":168,"column":5}},"49":{"start":{"line":167,"column":8},"end":{"line":167,"column":81}},"50":{"start":{"line":171,"column":26},"end":{"line":171,"column":86}},"51":{"start":{"line":171,"column":69},"end":{"line":171,"column":85}},"52":{"start":{"line":172,"column":4},"end":{"line":174,"column":5}},"53":{"start":{"line":173,"column":8},"end":{"line":173,"column":67}},"54":{"start":{"line":177,"column":4},"end":{"line":188,"column":5}},"55":{"start":{"line":178,"column":8},"end":{"line":187,"column":9}},"56":{"start":{"line":179,"column":12},"end":{"line":186,"column":13}},"57":{"start":{"line":180,"column":16},"end":{"line":185,"column":17}},"58":{"start":{"line":181,"column":20},"end":{"line":184,"column":22}},"59":{"start":{"line":190,"column":4},"end":{"line":190,"column":18}}},"fnMap":{"0":{"name":"parseWorkflowYAML","decl":{"start":{"line":20,"column":16},"end":{"line":20,"column":33}},"loc":{"start":{"line":20,"column":66},"end":{"line":79,"column":1}}},"1":{"name":"(anonymous_10)","decl":{"start":{"line":37,"column":8},"end":{"line":37,"column":9}},"loc":{"start":{"line":37,"column":24},"end":{"line":37,"column":46}}},"2":{"name":"parseStateConfig","decl":{"start":{"line":84,"column":9},"end":{"line":84,"column":25}},"loc":{"start":{"line":84,"column":63},"end":{"line":102,"column":1}}},"3":{"name":"parseTransitionConfig","decl":{"start":{"line":107,"column":9},"end":{"line":107,"column":30}},"loc":{"start":{"line":109,"column":41},"end":{"line":128,"column":1}}},"4":{"name":"generateWorkflowId","decl":{"start":{"line":133,"column":9},"end":{"line":133,"column":27}},"loc":{"start":{"line":133,"column":40},"end":{"line":138,"column":1}}},"5":{"name":"validateWorkflowDefinition","decl":{"start":{"line":143,"column":16},"end":{"line":143,"column":42}},"loc":{"start":{"line":143,"column":73},"end":{"line":191,"column":1}}},"6":{"name":"(anonymous_15)","decl":{"start":{"line":171,"column":64},"end":{"line":171,"column":65}},"loc":{"start":{"line":171,"column":69},"end":{"line":171,"column":85}}}},"branchMap":{"0":{"loc":{"start":{"line":23,"column":4},"end":{"line":25,"column":5}},"type":"if","locations":[{"start":{"line":23,"column":4},"end":{"line":25,"column":5}},{"start":{},"end":{}}]},"1":{"loc":{"start":{"line":23,"column":8},"end":{"line":23,"column":45}},"type":"binary-expr","locations":[{"start":{"line":23,"column":8},"end":{"line":23,"column":15}},{"start":{"line":23,"column":19},"end":{"line":23,"column":45}}]},"2":{"loc":{"start":{"line":27,"column":4},"end":{"line":29,"column":5}},"type":"if","locations":[{"start":{"line":27,"column":4},"end":{"line":29,"column":5}},{"start":{},"end":{}}]},"3":{"loc":{"start":{"line":31,"column":4},"end":{"line":33,"column":5}},"type":"if","locations":[{"start":{"line":31,"column":4},"end":{"line":33,"column":5}},{"start":{},"end":{}}]},"4":{"loc":{"start":{"line":31,"column":8},"end":{"line":31,"column":65}},"type":"binary-expr","locations":[{"start":{"line":31,"column":8},"end":{"line":31,"column":22}},{"start":{"line":31,"column":26},"end":{"line":31,"column":65}}]},"5":{"loc":{"start":{"line":40,"column":4},"end":{"line":42,"column":5}},"type":"if","locations":[{"start":{"line":40,"column":4},"end":{"line":42,"column":5}},{"start":{},"end":{}}]},"6":{"loc":{"start":{"line":54,"column":8},"end":{"line":63,"column":9}},"type":"if","locations":[{"start":{"line":54,"column":8},"end":{"line":63,"column":9}},{"start":{},"end":{}}]},"7":{"loc":{"start":{"line":56,"column":16},"end":{"line":61,"column":17}},"type":"if","locations":[{"start":{"line":56,"column":16},"end":{"line":61,"column":17}},{"start":{},"end":{}}]},"8":{"loc":{"start":{"line":66,"column":23},"end":{"line":66,"column":60}},"type":"binary-expr","locations":[{"start":{"line":66,"column":23},"end":{"line":66,"column":25}},{"start":{"line":66,"column":29},"end":{"line":66,"column":60}}]},"9":{"loc":{"start":{"line":67,"column":20},"end":{"line":67,"column":45}},"type":"binary-expr","locations":[{"start":{"line":67,"column":20},"end":{"line":67,"column":34}},{"start":{"line":67,"column":38},"end":{"line":67,"column":45}}]},"10":{"loc":{"start":{"line":87,"column":4},"end":{"line":91,"column":5}},"type":"if","locations":[{"start":{"line":87,"column":4},"end":{"line":91,"column":5}},{"start":{},"end":{}}]},"11":{"loc":{"start":{"line":97,"column":17},"end":{"line":97,"column":49}},"type":"cond-expr","locations":[{"start":{"line":97,"column":35},"end":{"line":97,"column":37}},{"start":{"line":97,"column":40},"end":{"line":97,"column":49}}]},"12":{"loc":{"start":{"line":98,"column":16},"end":{"line":98,"column":47}},"type":"cond-expr","locations":[{"start":{"line":98,"column":33},"end":{"line":98,"column":35}},{"start":{"line":98,"column":38},"end":{"line":98,"column":47}}]},"13":{"loc":{"start":{"line":112,"column":4},"end":{"line":116,"column":5}},"type":"if","locations":[{"start":{"line":112,"column":4},"end":{"line":116,"column":5}},{"start":{},"end":{}}]},"14":{"loc":{"start":{"line":118,"column":4},"end":{"line":120,"column":5}},"type":"if","locations":[{"start":{"line":118,"column":4},"end":{"line":120,"column":5}},{"start":{},"end":{}}]},"15":{"loc":{"start":{"line":124,"column":16},"end":{"line":124,"column":46}},"type":"cond-expr","locations":[{"start":{"line":124,"column":32},"end":{"line":124,"column":34}},{"start":{"line":124,"column":37},"end":{"line":124,"column":46}}]},"16":{"loc":{"start":{"line":125,"column":17},"end":{"line":125,"column":48}},"type":"cond-expr","locations":[{"start":{"line":125,"column":34},"end":{"line":125,"column":36}},{"start":{"line":125,"column":39},"end":{"line":125,"column":48}}]},"17":{"loc":{"start":{"line":146,"column":4},"end":{"line":148,"column":5}},"type":"if","locations":[{"start":{"line":146,"column":4},"end":{"line":148,"column":5}},{"start":{},"end":{}}]},"18":{"loc":{"start":{"line":150,"column":4},"end":{"line":152,"column":5}},"type":"if","locations":[{"start":{"line":150,"column":4},"end":{"line":152,"column":5}},{"start":{},"end":{}}]},"19":{"loc":{"start":{"line":154,"column":4},"end":{"line":156,"column":5}},"type":"if","locations":[{"start":{"line":154,"column":4},"end":{"line":156,"column":5}},{"start":{},"end":{}}]},"20":{"loc":{"start":{"line":158,"column":4},"end":{"line":160,"column":5}},"type":"if","locations":[{"start":{"line":158,"column":4},"end":{"line":160,"column":5}},{"start":{},"end":{}}]},"21":{"loc":{"start":{"line":158,"column":8},"end":{"line":158,"column":73}},"type":"binary-expr","locations":[{"start":{"line":158,"column":8},"end":{"line":158,"column":26}},{"start":{"line":158,"column":30},"end":{"line":158,"column":73}}]},"22":{"loc":{"start":{"line":162,"column":4},"end":{"line":164,"column":5}},"type":"if","locations":[{"start":{"line":162,"column":4},"end":{"line":164,"column":5}},{"start":{},"end":{}}]},"23":{"loc":{"start":{"line":166,"column":4},"end":{"line":168,"column":5}},"type":"if","locations":[{"start":{"line":166,"column":4},"end":{"line":168,"column":5}},{"start":{},"end":{}}]},"24":{"loc":{"start":{"line":166,"column":8},"end":{"line":166,"column":78}},"type":"binary-expr","locations":[{"start":{"line":166,"column":8},"end":{"line":166,"column":31}},{"start":{"line":166,"column":35},"end":{"line":166,"column":78}}]},"25":{"loc":{"start":{"line":172,"column":4},"end":{"line":174,"column":5}},"type":"if","locations":[{"start":{"line":172,"column":4},"end":{"line":174,"column":5}},{"start":{},"end":{}}]},"26":{"loc":{"start":{"line":178,"column":8},"end":{"line":187,"column":9}},"type":"if","locations":[{"start":{"line":178,"column":8},"end":{"line":187,"column":9}},{"start":{},"end":{}}]},"27":{"loc":{"start":{"line":180,"column":16},"end":{"line":185,"column":17}},"type":"if","locations":[{"start":{"line":180,"column":16},"end":{"line":185,"column":17}},{"start":{},"end":{}}]}},"s":{"0":1,"1":1,"2":1,"3":17,"4":16,"5":0,"6":16,"7":1,"8":15,"9":1,"10":14,"11":15,"12":14,"13":1,"14":13,"15":13,"16":13,"17":27,"18":12,"19":25,"20":25,"21":7,"22":1,"23":11,"24":11,"25":11,"26":27,"27":27,"28":7,"29":8,"30":26,"31":8,"32":6,"33":2,"34":1,"35":1,"36":10,"37":9,"38":9,"39":1,"40":9,"41":1,"42":9,"43":1,"44":9,"45":1,"46":9,"47":1,"48":9,"49":2,"50":9,"51":15,"52":9,"53":2,"54":9,"55":15,"56":7,"57":7,"58":1,"59":9},"f":{"0":17,"1":15,"2":27,"3":8,"4":10,"5":9,"6":15},"b":{"0":[0,16],"1":[16,16],"2":[1,15],"3":[1,14],"4":[15,14],"5":[1,13],"6":[25,0],"7":[1,6],"8":[11,10],"9":[11,10],"10":[7,20],"11":[1,25],"12":[1,25],"13":[6,2],"14":[1,1],"15":[1,0],"16":[1,0],"17":[1,8],"18":[1,8],"19":[1,8],"20":[1,8],"21":[9,9],"22":[1,8],"23":[2,7],"24":[9,8],"25":[2,7],"26":[7,8],"27":[1,6]}}
,"/home/runner/work/objectos/objectos/packages/plugins/workflow/src/plugin.ts": {"path":"/home/runner/work/objectos/objectos/packages/plugins/workflow/src/plugin.ts","statementMap":{"0":{"start":{"line":248,"column":0},"end":{"line":248,"column":16}},"1":{"start":{"line":22,"column":0},"end":{"line":22,"column":52}},"2":{"start":{"line":23,"column":0},"end":{"line":23,"column":42}},"3":{"start":{"line":24,"column":0},"end":{"line":24,"column":36}},"4":{"start":{"line":40,"column":13},"end":{"line":63,"column":2}},"5":{"start":{"line":76,"column":8},"end":{"line":81,"column":10}},"6":{"start":{"line":83,"column":8},"end":{"line":83,"column":71}},"7":{"start":{"line":84,"column":8},"end":{"line":84,"column":43}},"8":{"start":{"line":85,"column":8},"end":{"line":85,"column":62}},"9":{"start":{"line":92,"column":8},"end":{"line":92,"column":31}},"10":{"start":{"line":95,"column":9},"end":{"line":95,"column":53}},"11":{"start":{"line":98,"column":20},"end":{"line":98,"column":53}},"12":{"start":{"line":99,"column":8},"end":{"line":101,"column":9}},"13":{"start":{"line":100,"column":12},"end":{"line":100,"column":51}},"14":{"start":{"line":103,"column":8},"end":{"line":103,"column":74}},"15":{"start":{"line":111,"column":8},"end":{"line":115,"column":9}},"16":{"start":{"line":112,"column":12},"end":{"line":114,"column":15}},"17":{"start":{"line":113,"column":16},"end":{"line":113,"column":82}},"18":{"start":{"line":122,"column":20},"end":{"line":122,"column":59}},"19":{"start":{"line":123,"column":8},"end":{"line":125,"column":9}},"20":{"start":{"line":124,"column":12},"end":{"line":124,"column":43}},"21":{"start":{"line":132,"column":8},"end":{"line":132,"column":52}},"22":{"start":{"line":133,"column":8},"end":{"line":133,"column":95}},"23":{"start":{"line":140,"column":8},"end":{"line":140,"column":24}},"24":{"start":{"line":147,"column":8},"end":{"line":147,"column":27}},"25":{"start":{"line":154,"column":8},"end":{"line":154,"column":64}},"26":{"start":{"line":162,"column":36},"end":{"line":238,"column":1}},"27":{"start":{"line":163,"column":21},"end":{"line":163,"column":55}},"28":{"start":{"line":165,"column":4},"end":{"line":237,"column":6}},"29":{"start":{"line":170,"column":12},"end":{"line":170,"column":67}},"30":{"start":{"line":172,"column":12},"end":{"line":172,"column":80}},"31":{"start":{"line":173,"column":12},"end":{"line":173,"column":72}},"32":{"start":{"line":175,"column":12},"end":{"line":175,"column":75}},"33":{"start":{"line":182,"column":12},"end":{"line":182,"column":65}},"34":{"start":{"line":184,"column":12},"end":{"line":195,"column":13}},"35":{"start":{"line":185,"column":16},"end":{"line":185,"column":51}},"36":{"start":{"line":188,"column":17},"end":{"line":188,"column":65}},"37":{"start":{"line":190,"column":16},"end":{"line":190,"column":78}},"38":{"start":{"line":192,"column":37},"end":{"line":192,"column":93}},"39":{"start":{"line":193,"column":16},"end":{"line":193,"column":99}},"40":{"start":{"line":194,"column":16},"end":{"line":194,"column":90}},"41":{"start":{"line":202,"column":12},"end":{"line":202,"column":66}},"42":{"start":{"line":204,"column":12},"end":{"line":215,"column":13}},"43":{"start":{"line":205,"column":16},"end":{"line":205,"column":42}},"44":{"start":{"line":207,"column":16},"end":{"line":207,"column":61}},"45":{"start":{"line":209,"column":16},"end":{"line":209,"column":85}},"46":{"start":{"line":211,"column":16},"end":{"line":211,"column":79}},"47":{"start":{"line":213,"column":16},"end":{"line":213,"column":87}},"48":{"start":{"line":214,"column":16},"end":{"line":214,"column":28}},"49":{"start":{"line":222,"column":12},"end":{"line":222,"column":69}},"50":{"start":{"line":224,"column":12},"end":{"line":235,"column":13}},"51":{"start":{"line":225,"column":16},"end":{"line":225,"column":42}},"52":{"start":{"line":227,"column":16},"end":{"line":227,"column":61}},"53":{"start":{"line":228,"column":16},"end":{"line":228,"column":62}},"54":{"start":{"line":229,"column":16},"end":{"line":229,"column":55}},"55":{"start":{"line":231,"column":16},"end":{"line":231,"column":95}},"56":{"start":{"line":233,"column":16},"end":{"line":233,"column":89}},"57":{"start":{"line":234,"column":16},"end":{"line":234,"column":28}},"58":{"start":{"line":162,"column":13},"end":{"line":162,"column":36}},"59":{"start":{"line":243,"column":13},"end":{"line":243,"column":71}},"60":{"start":{"line":249,"column":4},"end":{"line":249,"column":40}}},"fnMap":{"0":{"name":"(anonymous_0)","decl":{"start":{"line":75,"column":4},"end":{"line":75,"column":16}},"loc":{"start":{"line":75,"column":49},"end":{"line":86,"column":5}}},"1":{"name":"(anonymous_1)","decl":{"start":{"line":91,"column":4},"end":{"line":91,"column":9}},"loc":{"start":{"line":91,"column":47},"end":{"line":104,"column":5}}},"2":{"name":"(anonymous_2)","decl":{"start":{"line":109,"column":12},"end":{"line":109,"column":31}},"loc":{"start":{"line":109,"column":45},"end":{"line":116,"column":5}}},"3":{"name":"(anonymous_3)","decl":{"start":{"line":112,"column":39},"end":{"line":112,"column":40}},"loc":{"start":{"line":112,"column":53},"end":{"line":114,"column":13}}},"4":{"name":"(anonymous_4)","decl":{"start":{"line":121,"column":12},"end":{"line":121,"column":21}},"loc":{"start":{"line":121,"column":46},"end":{"line":126,"column":5}}},"5":{"name":"(anonymous_5)","decl":{"start":{"line":131,"column":4},"end":{"line":131,"column":9}},"loc":{"start":{"line":131,"column":57},"end":{"line":134,"column":5}}},"6":{"name":"(anonymous_6)","decl":{"start":{"line":139,"column":4},"end":{"line":139,"column":10}},"loc":{"start":{"line":139,"column":10},"end":{"line":141,"column":5}}},"7":{"name":"(anonymous_7)","decl":{"start":{"line":146,"column":4},"end":{"line":146,"column":13}},"loc":{"start":{"line":146,"column":13},"end":{"line":148,"column":5}}},"8":{"name":"(anonymous_8)","decl":{"start":{"line":153,"column":4},"end":{"line":153,"column":9}},"loc":{"start":{"line":153,"column":18},"end":{"line":155,"column":5}}},"9":{"name":"(anonymous_9)","decl":{"start":{"line":162,"column":36},"end":{"line":162,"column":37}},"loc":{"start":{"line":162,"column":92},"end":{"line":238,"column":1}}},"10":{"name":"(anonymous_10)","decl":{"start":{"line":169,"column":20},"end":{"line":169,"column":25}},"loc":{"start":{"line":169,"column":72},"end":{"line":176,"column":9}}},"11":{"name":"(anonymous_11)","decl":{"start":{"line":181,"column":19},"end":{"line":181,"column":24}},"loc":{"start":{"line":181,"column":71},"end":{"line":196,"column":9}}},"12":{"name":"(anonymous_12)","decl":{"start":{"line":201,"column":20},"end":{"line":201,"column":25}},"loc":{"start":{"line":201,"column":72},"end":{"line":216,"column":9}}},"13":{"name":"(anonymous_13)","decl":{"start":{"line":221,"column":22},"end":{"line":221,"column":27}},"loc":{"start":{"line":221,"column":74},"end":{"line":236,"column":9}}},"14":{"name":"getWorkflowAPI","decl":{"start":{"line":248,"column":16},"end":{"line":248,"column":30}},"loc":{"start":{"line":248,"column":39},"end":{"line":250,"column":1}}}},"branchMap":{"0":{"loc":{"start":{"line":75,"column":16},"end":{"line":75,"column":49}},"type":"default-arg","locations":[{"start":{"line":75,"column":47},"end":{"line":75,"column":49}}]},"1":{"loc":{"start":{"line":83,"column":23},"end":{"line":83,"column":70}},"type":"binary-expr","locations":[{"start":{"line":83,"column":23},"end":{"line":83,"column":37}},{"start":{"line":83,"column":41},"end":{"line":83,"column":70}}]},"2":{"loc":{"start":{"line":99,"column":8},"end":{"line":101,"column":9}},"type":"if","locations":[{"start":{"line":99,"column":8},"end":{"line":101,"column":9}},{"start":{},"end":{}}]},"3":{"loc":{"start":{"line":111,"column":8},"end":{"line":115,"column":9}},"type":"if","locations":[{"start":{"line":111,"column":8},"end":{"line":115,"column":9}},{"start":{},"end":{}}]},"4":{"loc":{"start":{"line":123,"column":8},"end":{"line":125,"column":9}},"type":"if","locations":[{"start":{"line":123,"column":8},"end":{"line":125,"column":9}},{"start":{},"end":{}}]},"5":{"loc":{"start":{"line":123,"column":12},"end":{"line":123,"column":68}},"type":"binary-expr","locations":[{"start":{"line":123,"column":12},"end":{"line":123,"column":25}},{"start":{"line":123,"column":29},"end":{"line":123,"column":68}}]},"6":{"loc":{"start":{"line":162,"column":37},"end":{"line":162,"column":70}},"type":"default-arg","locations":[{"start":{"line":162,"column":68},"end":{"line":162,"column":70}}]},"7":{"loc":{"start":{"line":192,"column":37},"end":{"line":192,"column":93}},"type":"cond-expr","locations":[{"start":{"line":192,"column":62},"end":{"line":192,"column":75}},{"start":{"line":192,"column":78},"end":{"line":192,"column":93}}]},"8":{"loc":{"start":{"line":249,"column":11},"end":{"line":249,"column":39}},"type":"binary-expr","locations":[{"start":{"line":249,"column":11},"end":{"line":249,"column":31}},{"start":{"line":249,"column":35},"end":{"line":249,"column":39}}]}},"s":{"0":1,"1":1,"2":1,"3":1,"4":1,"5":24,"6":24,"7":24,"8":24,"9":16,"10":16,"11":16,"12":16,"13":14,"14":15,"15":14,"16":14,"17":0,"18":0,"19":0,"20":0,"21":0,"22":0,"23":3,"24":1,"25":4,"26":1,"27":24,"28":24,"29":2,"30":2,"31":2,"32":2,"33":16,"34":16,"35":16,"36":15,"37":15,"38":1,"39":1,"40":1,"41":2,"42":2,"43":2,"44":2,"45":2,"46":1,"47":1,"48":1,"49":2,"50":2,"51":2,"52":2,"53":1,"54":1,"55":1,"56":1,"57":1,"58":1,"59":1,"60":9},"f":{"0":24,"1":16,"2":14,"3":0,"4":0,"5":0,"6":3,"7":1,"8":4,"9":24,"10":2,"11":16,"12":2,"13":2,"14":9},"b":{"0":[0],"1":[24,24],"2":[14,1],"3":[14,0],"4":[0,0],"5":[0,0],"6":[2],"7":[1,0],"8":[9,1]}}
,"/home/runner/work/objectos/objectos/packages/plugins/workflow/src/storage.ts": {"path":"/home/runner/work/objectos/objectos/packages/plugins/workflow/src/storage.ts","statementMap":{"0":{"start":{"line":20,"column":12},"end":{"line":20,"column":82}},"1":{"start":{"line":21,"column":12},"end":{"line":21,"column":65}},"2":{"start":{"line":22,"column":12},"end":{"line":22,"column":57}},"3":{"start":{"line":28,"column":8},"end":{"line":30,"column":9}},"4":{"start":{"line":29,"column":12},"end":{"line":29,"column":59}},"5":{"start":{"line":32,"column":25},"end":{"line":32,"column":61}},"6":{"start":{"line":33,"column":8},"end":{"line":33,"column":53}},"7":{"start":{"line":40,"column":25},"end":{"line":40,"column":49}},"8":{"start":{"line":41,"column":8},"end":{"line":41,"column":35}},"9":{"start":{"line":41,"column":23},"end":{"line":41,"column":35}},"10":{"start":{"line":43,"column":8},"end":{"line":45,"column":9}},"11":{"start":{"line":44,"column":12},"end":{"line":44,"column":49}},"12":{"start":{"line":48,"column":28},"end":{"line":48,"column":57}},"13":{"start":{"line":49,"column":8},"end":{"line":49,"column":50}},"14":{"start":{"line":49,"column":38},"end":{"line":49,"column":50}},"15":{"start":{"line":51,"column":8},"end":{"line":51,"column":51}},"16":{"start":{"line":58,"column":45},"end":{"line":58,"column":47}},"17":{"start":{"line":60,"column":8},"end":{"line":66,"column":9}},"18":{"start":{"line":62,"column":32},"end":{"line":62,"column":61}},"19":{"start":{"line":63,"column":12},"end":{"line":65,"column":13}},"20":{"start":{"line":64,"column":16},"end":{"line":64,"column":65}},"21":{"start":{"line":68,"column":8},"end":{"line":68,"column":22}},"22":{"start":{"line":75,"column":8},"end":{"line":75,"column":57}},"23":{"start":{"line":82,"column":25},"end":{"line":82,"column":47}},"24":{"start":{"line":83,"column":8},"end":{"line":83,"column":49}},"25":{"start":{"line":90,"column":25},"end":{"line":90,"column":47}},"26":{"start":{"line":91,"column":8},"end":{"line":93,"column":9}},"27":{"start":{"line":92,"column":12},"end":{"line":92,"column":66}},"28":{"start":{"line":95,"column":8},"end":{"line":95,"column":41}},"29":{"start":{"line":102,"column":22},"end":{"line":102,"column":57}},"30":{"start":{"line":105,"column":8},"end":{"line":107,"column":9}},"31":{"start":{"line":106,"column":12},"end":{"line":106,"column":79}},"32":{"start":{"line":106,"column":42},"end":{"line":106,"column":77}},"33":{"start":{"line":110,"column":8},"end":{"line":113,"column":9}},"34":{"start":{"line":111,"column":29},"end":{"line":111,"column":94}},"35":{"start":{"line":112,"column":12},"end":{"line":112,"column":71}},"36":{"start":{"line":112,"column":42},"end":{"line":112,"column":69}},"37":{"start":{"line":116,"column":8},"end":{"line":118,"column":9}},"38":{"start":{"line":117,"column":12},"end":{"line":117,"column":77}},"39":{"start":{"line":117,"column":42},"end":{"line":117,"column":75}},"40":{"start":{"line":121,"column":8},"end":{"line":134,"column":9}},"41":{"start":{"line":122,"column":30},"end":{"line":122,"column":57}},"42":{"start":{"line":123,"column":12},"end":{"line":133,"column":15}},"43":{"start":{"line":124,"column":29},"end":{"line":124,"column":47}},"44":{"start":{"line":125,"column":29},"end":{"line":125,"column":47}},"45":{"start":{"line":127,"column":16},"end":{"line":127,"column":45}},"46":{"start":{"line":127,"column":36},"end":{"line":127,"column":45}},"47":{"start":{"line":128,"column":16},"end":{"line":128,"column":63}},"48":{"start":{"line":128,"column":27},"end":{"line":128,"column":63}},"49":{"start":{"line":129,"column":16},"end":{"line":129,"column":63}},"50":{"start":{"line":129,"column":27},"end":{"line":129,"column":63}},"51":{"start":{"line":131,"column":35},"end":{"line":131,"column":73}},"52":{"start":{"line":132,"column":16},"end":{"line":132,"column":70}},"53":{"start":{"line":137,"column":8},"end":{"line":139,"column":9}},"54":{"start":{"line":138,"column":12},"end":{"line":138,"column":50}},"55":{"start":{"line":140,"column":8},"end":{"line":142,"column":9}},"56":{"start":{"line":141,"column":12},"end":{"line":141,"column":54}},"57":{"start":{"line":144,"column":8},"end":{"line":144,"column":44}},"58":{"start":{"line":144,"column":33},"end":{"line":144,"column":41}},"59":{"start":{"line":151,"column":8},"end":{"line":151,"column":45}},"60":{"start":{"line":158,"column":21},"end":{"line":158,"column":39}},"61":{"start":{"line":159,"column":8},"end":{"line":159,"column":41}},"62":{"start":{"line":166,"column":8},"end":{"line":168,"column":34}},"63":{"start":{"line":167,"column":25},"end":{"line":167,"column":52}},"64":{"start":{"line":168,"column":23},"end":{"line":168,"column":31}},"65":{"start":{"line":175,"column":21},"end":{"line":175,"column":39}},"66":{"start":{"line":176,"column":8},"end":{"line":178,"column":9}},"67":{"start":{"line":177,"column":12},"end":{"line":177,"column":53}},"68":{"start":{"line":180,"column":8},"end":{"line":180,"column":37}},"69":{"start":{"line":187,"column":8},"end":{"line":187,"column":33}},"70":{"start":{"line":188,"column":8},"end":{"line":188,"column":31}},"71":{"start":{"line":189,"column":8},"end":{"line":189,"column":27}},"72":{"start":{"line":19,"column":0},"end":{"line":19,"column":13}}},"fnMap":{"0":{"name":"(anonymous_0)","decl":{"start":{"line":19,"column":0},"end":{"line":19,"column":13}},"loc":{"start":{"line":19,"column":0},"end":{"line":191,"column":1}}},"1":{"name":"(anonymous_1)","decl":{"start":{"line":27,"column":4},"end":{"line":27,"column":9}},"loc":{"start":{"line":27,"column":55},"end":{"line":34,"column":5}}},"2":{"name":"(anonymous_2)","decl":{"start":{"line":39,"column":4},"end":{"line":39,"column":9}},"loc":{"start":{"line":39,"column":52},"end":{"line":52,"column":5}}},"3":{"name":"(anonymous_3)","decl":{"start":{"line":57,"column":4},"end":{"line":57,"column":9}},"loc":{"start":{"line":57,"column":25},"end":{"line":69,"column":5}}},"4":{"name":"(anonymous_4)","decl":{"start":{"line":74,"column":4},"end":{"line":74,"column":9}},"loc":{"start":{"line":74,"column":49},"end":{"line":76,"column":5}}},"5":{"name":"(anonymous_5)","decl":{"start":{"line":81,"column":4},"end":{"line":81,"column":9}},"loc":{"start":{"line":81,"column":32},"end":{"line":84,"column":5}}},"6":{"name":"(anonymous_6)","decl":{"start":{"line":89,"column":4},"end":{"line":89,"column":9}},"loc":{"start":{"line":89,"column":71},"end":{"line":96,"column":5}}},"7":{"name":"(anonymous_7)","decl":{"start":{"line":101,"column":4},"end":{"line":101,"column":9}},"loc":{"start":{"line":101,"column":54},"end":{"line":145,"column":5}}},"8":{"name":"(anonymous_8)","decl":{"start":{"line":106,"column":37},"end":{"line":106,"column":38}},"loc":{"start":{"line":106,"column":42},"end":{"line":106,"column":77}}},"9":{"name":"(anonymous_9)","decl":{"start":{"line":112,"column":37},"end":{"line":112,"column":38}},"loc":{"start":{"line":112,"column":42},"end":{"line":112,"column":69}}},"10":{"name":"(anonymous_10)","decl":{"start":{"line":117,"column":37},"end":{"line":117,"column":38}},"loc":{"start":{"line":117,"column":42},"end":{"line":117,"column":75}}},"11":{"name":"(anonymous_11)","decl":{"start":{"line":123,"column":25},"end":{"line":123,"column":26}},"loc":{"start":{"line":123,"column":34},"end":{"line":133,"column":13}}},"12":{"name":"(anonymous_12)","decl":{"start":{"line":144,"column":27},"end":{"line":144,"column":28}},"loc":{"start":{"line":144,"column":33},"end":{"line":144,"column":41}}},"13":{"name":"(anonymous_13)","decl":{"start":{"line":150,"column":4},"end":{"line":150,"column":9}},"loc":{"start":{"line":150,"column":37},"end":{"line":152,"column":5}}},"14":{"name":"(anonymous_14)","decl":{"start":{"line":157,"column":4},"end":{"line":157,"column":9}},"loc":{"start":{"line":157,"column":28},"end":{"line":160,"column":5}}},"15":{"name":"(anonymous_15)","decl":{"start":{"line":165,"column":4},"end":{"line":165,"column":9}},"loc":{"start":{"line":165,"column":45},"end":{"line":169,"column":5}}},"16":{"name":"(anonymous_16)","decl":{"start":{"line":167,"column":20},"end":{"line":167,"column":21}},"loc":{"start":{"line":167,"column":25},"end":{"line":167,"column":52}}},"17":{"name":"(anonymous_17)","decl":{"start":{"line":168,"column":17},"end":{"line":168,"column":18}},"loc":{"start":{"line":168,"column":23},"end":{"line":168,"column":31}}},"18":{"name":"(anonymous_18)","decl":{"start":{"line":174,"column":4},"end":{"line":174,"column":9}},"loc":{"start":{"line":174,"column":63},"end":{"line":181,"column":5}}},"19":{"name":"(anonymous_19)","decl":{"start":{"line":186,"column":4},"end":{"line":186,"column":9}},"loc":{"start":{"line":186,"column":15},"end":{"line":190,"column":5}}}},"branchMap":{"0":{"loc":{"start":{"line":28,"column":8},"end":{"line":30,"column":9}},"type":"if","locations":[{"start":{"line":28,"column":8},"end":{"line":30,"column":9}},{"start":{},"end":{}}]},"1":{"loc":{"start":{"line":41,"column":8},"end":{"line":41,"column":35}},"type":"if","locations":[{"start":{"line":41,"column":8},"end":{"line":41,"column":35}},{"start":{},"end":{}}]},"2":{"loc":{"start":{"line":43,"column":8},"end":{"line":45,"column":9}},"type":"if","locations":[{"start":{"line":43,"column":8},"end":{"line":45,"column":9}},{"start":{},"end":{}}]},"3":{"loc":{"start":{"line":44,"column":19},"end":{"line":44,"column":48}},"type":"binary-expr","locations":[{"start":{"line":44,"column":19},"end":{"line":44,"column":40}},{"start":{"line":44,"column":44},"end":{"line":44,"column":48}}]},"4":{"loc":{"start":{"line":49,"column":8},"end":{"line":49,"column":50}},"type":"if","locations":[{"start":{"line":49,"column":8},"end":{"line":49,"column":50}},{"start":{},"end":{}}]},"5":{"loc":{"start":{"line":63,"column":12},"end":{"line":65,"column":13}},"type":"if","locations":[{"start":{"line":63,"column":12},"end":{"line":65,"column":13}},{"start":{},"end":{}}]},"6":{"loc":{"start":{"line":83,"column":15},"end":{"line":83,"column":48}},"type":"cond-expr","locations":[{"start":{"line":83,"column":26},"end":{"line":83,"column":41}},{"start":{"line":83,"column":44},"end":{"line":83,"column":48}}]},"7":{"loc":{"start":{"line":91,"column":8},"end":{"line":93,"column":9}},"type":"if","locations":[{"start":{"line":91,"column":8},"end":{"line":93,"column":9}},{"start":{},"end":{}}]},"8":{"loc":{"start":{"line":105,"column":8},"end":{"line":107,"column":9}},"type":"if","locations":[{"start":{"line":105,"column":8},"end":{"line":107,"column":9}},{"start":{},"end":{}}]},"9":{"loc":{"start":{"line":110,"column":8},"end":{"line":113,"column":9}},"type":"if","locations":[{"start":{"line":110,"column":8},"end":{"line":113,"column":9}},{"start":{},"end":{}}]},"10":{"loc":{"start":{"line":111,"column":29},"end":{"line":111,"column":94}},"type":"cond-expr","locations":[{"start":{"line":111,"column":61},"end":{"line":111,"column":75}},{"start":{"line":111,"column":78},"end":{"line":111,"column":94}}]},"11":{"loc":{"start":{"line":116,"column":8},"end":{"line":118,"column":9}},"type":"if","locations":[{"start":{"line":116,"column":8},"end":{"line":118,"column":9}},{"start":{},"end":{}}]},"12":{"loc":{"start":{"line":121,"column":8},"end":{"line":134,"column":9}},"type":"if","locations":[{"start":{"line":121,"column":8},"end":{"line":134,"column":9}},{"start":{},"end":{}}]},"13":{"loc":{"start":{"line":122,"column":30},"end":{"line":122,"column":57}},"type":"binary-expr","locations":[{"start":{"line":122,"column":30},"end":{"line":122,"column":47}},{"start":{"line":122,"column":51},"end":{"line":122,"column":57}}]},"14":{"loc":{"start":{"line":127,"column":16},"end":{"line":127,"column":45}},"type":"if","locations":[{"start":{"line":127,"column":16},"end":{"line":127,"column":45}},{"start":{},"end":{}}]},"15":{"loc":{"start":{"line":127,"column":20},"end":{"line":127,"column":34}},"type":"binary-expr","locations":[{"start":{"line":127,"column":20},"end":{"line":127,"column":25}},{"start":{"line":127,"column":29},"end":{"line":127,"column":34}}]},"16":{"loc":{"start":{"line":128,"column":16},"end":{"line":128,"column":63}},"type":"if","locations":[{"start":{"line":128,"column":16},"end":{"line":128,"column":63}},{"start":{},"end":{}}]},"17":{"loc":{"start":{"line":128,"column":34},"end":{"line":128,"column":62}},"type":"cond-expr","locations":[{"start":{"line":128,"column":56},"end":{"line":128,"column":57}},{"start":{"line":128,"column":60},"end":{"line":128,"column":62}}]},"18":{"loc":{"start":{"line":129,"column":16},"end":{"line":129,"column":63}},"type":"if","locations":[{"start":{"line":129,"column":16},"end":{"line":129,"column":63}},{"start":{},"end":{}}]},"19":{"loc":{"start":{"line":129,"column":34},"end":{"line":129,"column":62}},"type":"cond-expr","locations":[{"start":{"line":129,"column":56},"end":{"line":129,"column":58}},{"start":{"line":129,"column":61},"end":{"line":129,"column":62}}]},"20":{"loc":{"start":{"line":131,"column":35},"end":{"line":131,"column":73}},"type":"cond-expr","locations":[{"start":{"line":131,"column":49},"end":{"line":131,"column":51}},{"start":{"line":131,"column":54},"end":{"line":131,"column":73}}]},"21":{"loc":{"start":{"line":131,"column":54},"end":{"line":131,"column":73}},"type":"cond-expr","locations":[{"start":{"line":131,"column":68},"end":{"line":131,"column":69}},{"start":{"line":131,"column":72},"end":{"line":131,"column":73}}]},"22":{"loc":{"start":{"line":132,"column":23},"end":{"line":132,"column":69}},"type":"cond-expr","locations":[{"start":{"line":132,"column":45},"end":{"line":132,"column":55}},{"start":{"line":132,"column":58},"end":{"line":132,"column":69}}]},"23":{"loc":{"start":{"line":137,"column":8},"end":{"line":139,"column":9}},"type":"if","locations":[{"start":{"line":137,"column":8},"end":{"line":139,"column":9}},{"start":{},"end":{}}]},"24":{"loc":{"start":{"line":140,"column":8},"end":{"line":142,"column":9}},"type":"if","locations":[{"start":{"line":140,"column":8},"end":{"line":142,"column":9}},{"start":{},"end":{}}]},"25":{"loc":{"start":{"line":159,"column":15},"end":{"line":159,"column":40}},"type":"cond-expr","locations":[{"start":{"line":159,"column":22},"end":{"line":159,"column":33}},{"start":{"line":159,"column":36},"end":{"line":159,"column":40}}]},"26":{"loc":{"start":{"line":176,"column":8},"end":{"line":178,"column":9}},"type":"if","locations":[{"start":{"line":176,"column":8},"end":{"line":178,"column":9}},{"start":{},"end":{}}]}},"s":{"0":80,"1":80,"2":80,"3":40,"4":36,"5":40,"6":40,"7":47,"8":47,"9":4,"10":43,"11":12,"12":31,"13":31,"14":0,"15":31,"16":3,"17":3,"18":5,"19":5,"20":5,"21":3,"22":51,"23":21,"24":21,"25":35,"26":35,"27":1,"28":34,"29":15,"30":15,"31":2,"32":4,"33":15,"34":5,"35":5,"36":11,"37":15,"38":2,"39":4,"40":15,"41":2,"42":2,"43":7,"44":7,"45":7,"46":0,"47":7,"48":0,"49":7,"50":0,"51":7,"52":7,"53":15,"54":2,"55":15,"56":4,"57":15,"58":23,"59":14,"60":15,"61":15,"62":2,"63":5,"64":4,"65":6,"66":6,"67":1,"68":5,"69":1,"70":1,"71":1,"72":3},"f":{"0":80,"1":40,"2":47,"3":3,"4":51,"5":21,"6":35,"7":15,"8":4,"9":11,"10":4,"11":7,"12":23,"13":14,"14":15,"15":2,"16":5,"17":4,"18":6,"19":1},"b":{"0":[36,4],"1":[4,43],"2":[12,31],"3":[12,0],"4":[0,31],"5":[5,0],"6":[14,7],"7":[1,34],"8":[2,13],"9":[5,10],"10":[1,4],"11":[2,13],"12":[2,13],"13":[2,0],"14":[0,7],"15":[7,0],"16":[0,7],"17":[0,0],"18":[0,7],"19":[0,0],"20":[2,5],"21":[5,0],"22":[3,4],"23":[2,13],"24":[4,11],"25":[13,2],"26":[1,5]}}
}
