TN:
SF:src/api.ts
FN:23,(anonymous_0)
FN:31,(anonymous_1)
FN:38,(anonymous_2)
FN:45,(anonymous_3)
FN:52,(anonymous_4)
FN:75,(anonymous_5)
FN:82,(anonymous_6)
FN:116,(anonymous_7)
FN:138,(anonymous_8)
FN:145,(anonymous_9)
FN:164,(anonymous_10)
FN:181,(anonymous_11)
FN:195,(anonymous_12)
FN:202,(anonymous_13)
FN:209,(anonymous_14)
FN:235,(anonymous_15)
FN:258,(anonymous_16)
FN:265,(anonymous_17)
FNF:18
FNH:18
FNDA:56,(anonymous_0)
FNDA:30,(anonymous_1)
FNDA:4,(anonymous_2)
FNDA:1,(anonymous_3)
FNDA:28,(anonymous_4)
FNDA:4,(anonymous_5)
FNDA:4,(anonymous_6)
FNDA:4,(anonymous_7)
FNDA:6,(anonymous_8)
FNDA:2,(anonymous_9)
FNDA:3,(anonymous_10)
FNDA:8,(anonymous_11)
FNDA:1,(anonymous_12)
FNDA:1,(anonymous_13)
FNDA:3,(anonymous_14)
FNDA:3,(anonymous_15)
FNDA:1,(anonymous_16)
FNDA:8,(anonymous_17)
DA:14,2
DA:19,2
DA:24,56
DA:25,56
DA:32,30
DA:39,4
DA:46,1
DA:58,28
DA:59,28
DA:60,1
DA:63,27
DA:64,27
DA:66,27
DA:67,27
DA:69,27
DA:76,4
DA:88,4
DA:89,4
DA:90,1
DA:93,3
DA:94,3
DA:95,0
DA:100,3
DA:108,3
DA:110,3
DA:117,4
DA:118,4
DA:119,1
DA:122,3
DA:123,3
DA:124,0
DA:129,3
DA:130,3
DA:132,3
DA:139,6
DA:146,2
DA:147,2
DA:148,1
DA:151,1
DA:152,1
DA:153,0
DA:158,1
DA:165,3
DA:166,3
DA:167,1
DA:170,2
DA:171,2
DA:172,0
DA:175,2
DA:182,8
DA:188,8
DA:189,8
DA:196,1
DA:203,1
DA:213,3
DA:214,3
DA:215,0
DA:218,3
DA:219,1
DA:222,2
DA:228,2
DA:229,2
DA:236,3
DA:237,3
DA:238,0
DA:241,3
DA:242,1
DA:245,2
DA:251,2
DA:252,2
DA:259,1
DA:266,8
LF:72
LH:66
BRDA:25,0,0,56
BRDA:25,0,1,0
BRDA:54,1,0,25
BRDA:59,2,0,1
BRDA:59,2,1,27
BRDA:89,3,0,1
BRDA:89,3,1,3
BRDA:94,4,0,0
BRDA:94,4,1,3
BRDA:118,5,0,1
BRDA:118,5,1,3
BRDA:123,6,0,0
BRDA:123,6,1,3
BRDA:147,7,0,1
BRDA:147,7,1,1
BRDA:152,8,0,0
BRDA:152,8,1,1
BRDA:166,9,0,1
BRDA:166,9,1,2
BRDA:171,10,0,0
BRDA:171,10,1,2
BRDA:214,11,0,0
BRDA:214,11,1,3
BRDA:218,12,0,1
BRDA:218,12,1,2
BRDA:237,13,0,0
BRDA:237,13,1,3
BRDA:241,14,0,1
BRDA:241,14,1,2
BRF:29
BRH:22
end_of_record
TN:
SF:src/engine.ts
FN:26,(anonymous_0)
FN:33,(anonymous_1)
FN:40,(anonymous_2)
FN:47,(anonymous_3)
FN:70,(anonymous_4)
FN:101,(anonymous_5)
FN:181,(anonymous_6)
FN:207,(anonymous_7)
FN:222,(anonymous_8)
FN:252,(anonymous_9)
FN:264,(anonymous_10)
FN:270,(anonymous_11)
FN:279,(anonymous_12)
FN:295,(anonymous_13)
FN:312,(anonymous_14)
FNF:15
FNH:14
FNDA:83,(anonymous_0)
FNDA:2,(anonymous_1)
FNDA:3,(anonymous_2)
FNDA:54,(anonymous_3)
FNDA:49,(anonymous_4)
FNDA:20,(anonymous_5)
FNDA:6,(anonymous_6)
FNDA:3,(anonymous_7)
FNDA:5,(anonymous_8)
FNDA:85,(anonymous_9)
FNDA:0,(anonymous_10)
FNDA:2,(anonymous_11)
FNDA:4,(anonymous_12)
FNDA:7,(anonymous_13)
FNDA:54,(anonymous_14)
DA:21,3
DA:22,83
DA:23,83
DA:27,83
DA:34,2
DA:41,3
DA:52,54
DA:64,54
DA:74,49
DA:75,1
DA:78,48
DA:79,48
DA:82,48
DA:83,48
DA:85,48
DA:86,1
DA:90,48
DA:91,1
DA:92,1
DA:95,48
DA:108,20
DA:109,1
DA:112,19
DA:113,19
DA:114,1
DA:119,18
DA:120,18
DA:126,18
DA:127,3
DA:128,3
DA:129,1
DA:133,17
DA:134,17
DA:137,17
DA:138,1
DA:142,17
DA:143,3
DA:147,17
DA:150,17
DA:158,17
DA:161,17
DA:162,17
DA:164,17
DA:165,1
DA:169,17
DA:170,4
DA:171,4
DA:172,4
DA:175,17
DA:186,6
DA:187,1
DA:190,5
DA:191,5
DA:192,5
DA:195,5
DA:196,5
DA:197,1
DA:198,1
DA:201,5
DA:211,3
DA:212,3
DA:213,1
DA:216,2
DA:227,5
DA:228,1
DA:231,4
DA:232,4
DA:233,1
DA:236,3
DA:237,3
DA:238,2
DA:241,1
DA:246,1
DA:258,85
DA:265,0
DA:266,0
DA:268,0
DA:271,2
DA:283,4
DA:284,4
DA:285,4
DA:286,2
DA:289,2
DA:299,7
DA:300,7
DA:301,7
DA:303,0
DA:304,0
DA:313,54
LF:89
LH:84
BRDA:27,0,0,83
BRDA:27,0,1,56
BRDA:49,1,0,26
BRDA:74,2,0,1
BRDA:74,2,1,48
BRDA:85,3,0,1
BRDA:85,3,1,47
BRDA:90,4,0,1
BRDA:90,4,1,47
BRDA:108,5,0,1
BRDA:108,5,1,19
BRDA:113,6,0,1
BRDA:113,6,1,18
BRDA:113,7,0,19
BRDA:113,7,1,19
BRDA:126,8,0,3
BRDA:126,8,1,15
BRDA:128,9,0,1
BRDA:128,9,1,2
BRDA:137,10,0,1
BRDA:137,10,1,16
BRDA:142,11,0,3
BRDA:142,11,1,14
BRDA:164,12,0,1
BRDA:164,12,1,16
BRDA:169,13,0,4
BRDA:169,13,1,13
BRDA:186,14,0,1
BRDA:186,14,1,5
BRDA:196,15,0,1
BRDA:196,15,1,4
BRDA:212,16,0,1
BRDA:212,16,1,2
BRDA:227,17,0,1
BRDA:227,17,1,4
BRDA:232,18,0,1
BRDA:232,18,1,3
BRDA:232,19,0,4
BRDA:232,19,1,4
BRDA:237,20,0,2
BRDA:237,20,1,1
BRDA:237,21,0,3
BRDA:237,21,1,1
BRDA:265,22,0,0
BRDA:265,22,1,0
BRDA:285,23,0,2
BRDA:285,23,1,2
BRF:47
BRH:45
end_of_record
TN:
SF:src/parser.ts
FN:20,parseWorkflowYAML
FN:37,(anonymous_10)
FN:84,parseStateConfig
FN:107,parseTransitionConfig
FN:133,generateWorkflowId
FN:143,validateWorkflowDefinition
FN:171,(anonymous_15)
FNF:7
FNH:7
FNDA:17,parseWorkflowYAML
FNDA:15,(anonymous_10)
FNDA:27,parseStateConfig
FNDA:8,parseTransitionConfig
FNDA:10,generateWorkflowId
FNDA:9,validateWorkflowDefinition
FNDA:15,(anonymous_15)
DA:7,1
DA:20,1
DA:21,17
DA:23,16
DA:24,0
DA:27,16
DA:28,1
DA:31,15
DA:32,1
DA:36,14
DA:37,15
DA:40,14
DA:41,1
DA:44,13
DA:47,13
DA:48,13
DA:49,27
DA:53,12
DA:54,25
DA:55,25
DA:56,7
DA:57,1
DA:66,11
DA:67,11
DA:69,11
DA:85,27
DA:87,27
DA:88,7
DA:89,8
DA:93,26
DA:112,8
DA:113,6
DA:118,2
DA:119,1
DA:122,1
DA:134,10
DA:143,1
DA:144,9
DA:146,9
DA:147,1
DA:150,9
DA:151,1
DA:154,9
DA:155,1
DA:158,9
DA:159,1
DA:162,9
DA:163,1
DA:166,9
DA:167,2
DA:171,15
DA:172,9
DA:173,2
DA:177,9
DA:178,15
DA:179,7
DA:180,7
DA:181,1
DA:190,9
LF:59
LH:58
BRDA:23,0,0,0
BRDA:23,0,1,16
BRDA:23,1,0,16
BRDA:23,1,1,16
BRDA:27,2,0,1
BRDA:27,2,1,15
BRDA:31,3,0,1
BRDA:31,3,1,14
BRDA:31,4,0,15
BRDA:31,4,1,14
BRDA:40,5,0,1
BRDA:40,5,1,13
BRDA:54,6,0,25
BRDA:54,6,1,0
BRDA:56,7,0,1
BRDA:56,7,1,6
BRDA:66,8,0,11
BRDA:66,8,1,10
BRDA:67,9,0,11
BRDA:67,9,1,10
BRDA:87,10,0,7
BRDA:87,10,1,20
BRDA:97,11,0,1
BRDA:97,11,1,25
BRDA:98,12,0,1
BRDA:98,12,1,25
BRDA:112,13,0,6
BRDA:112,13,1,2
BRDA:118,14,0,1
BRDA:118,14,1,1
BRDA:124,15,0,1
BRDA:124,15,1,0
BRDA:125,16,0,1
BRDA:125,16,1,0
BRDA:146,17,0,1
BRDA:146,17,1,8
BRDA:150,18,0,1
BRDA:150,18,1,8
BRDA:154,19,0,1
BRDA:154,19,1,8
BRDA:158,20,0,1
BRDA:158,20,1,8
BRDA:158,21,0,9
BRDA:158,21,1,9
BRDA:162,22,0,1
BRDA:162,22,1,8
BRDA:166,23,0,2
BRDA:166,23,1,7
BRDA:166,24,0,9
BRDA:166,24,1,8
BRDA:172,25,0,2
BRDA:172,25,1,7
BRDA:178,26,0,7
BRDA:178,26,1,8
BRDA:180,27,0,1
BRDA:180,27,1,6
BRF:56
BRH:52
end_of_record
TN:
SF:src/plugin.ts
FN:75,(anonymous_0)
FN:91,(anonymous_1)
FN:109,(anonymous_2)
FN:112,(anonymous_3)
FN:121,(anonymous_4)
FN:131,(anonymous_5)
FN:139,(anonymous_6)
FN:146,(anonymous_7)
FN:153,(anonymous_8)
FN:162,(anonymous_9)
FN:169,(anonymous_10)
FN:181,(anonymous_11)
FN:201,(anonymous_12)
FN:221,(anonymous_13)
FN:248,getWorkflowAPI
FNF:15
FNH:12
FNDA:24,(anonymous_0)
FNDA:16,(anonymous_1)
FNDA:14,(anonymous_2)
FNDA:0,(anonymous_3)
FNDA:0,(anonymous_4)
FNDA:0,(anonymous_5)
FNDA:3,(anonymous_6)
FNDA:1,(anonymous_7)
FNDA:4,(anonymous_8)
FNDA:24,(anonymous_9)
FNDA:2,(anonymous_10)
FNDA:16,(anonymous_11)
FNDA:2,(anonymous_12)
FNDA:2,(anonymous_13)
FNDA:9,getWorkflowAPI
DA:22,1
DA:23,1
DA:24,1
DA:40,1
DA:76,24
DA:83,24
DA:84,24
DA:85,24
DA:92,16
DA:95,16
DA:98,16
DA:99,16
DA:100,14
DA:103,15
DA:111,14
DA:112,14
DA:113,0
DA:122,0
DA:123,0
DA:124,0
DA:132,0
DA:133,0
DA:140,3
DA:147,1
DA:154,4
DA:162,1
DA:163,24
DA:165,24
DA:170,2
DA:172,2
DA:173,2
DA:175,2
DA:182,16
DA:184,16
DA:185,16
DA:188,15
DA:190,15
DA:192,1
DA:193,1
DA:194,1
DA:202,2
DA:204,2
DA:205,2
DA:207,2
DA:209,2
DA:211,1
DA:213,1
DA:214,1
DA:222,2
DA:224,2
DA:225,2
DA:227,2
DA:228,1
DA:229,1
DA:231,1
DA:233,1
DA:234,1
DA:243,1
DA:248,1
DA:249,9
LF:60
LH:54
BRDA:75,0,0,0
BRDA:83,1,0,24
BRDA:83,1,1,24
BRDA:99,2,0,14
BRDA:99,2,1,1
BRDA:111,3,0,14
BRDA:111,3,1,0
BRDA:123,4,0,0
BRDA:123,4,1,0
BRDA:123,5,0,0
BRDA:123,5,1,0
BRDA:162,6,0,2
BRDA:192,7,0,1
BRDA:192,7,1,0
BRDA:249,8,0,9
BRDA:249,8,1,1
BRF:16
BRH:9
end_of_record
TN:
SF:src/storage.ts
FN:19,(anonymous_0)
FN:27,(anonymous_1)
FN:39,(anonymous_2)
FN:57,(anonymous_3)
FN:74,(anonymous_4)
FN:81,(anonymous_5)
FN:89,(anonymous_6)
FN:101,(anonymous_7)
FN:106,(anonymous_8)
FN:112,(anonymous_9)
FN:117,(anonymous_10)
FN:123,(anonymous_11)
FN:144,(anonymous_12)
FN:150,(anonymous_13)
FN:157,(anonymous_14)
FN:165,(anonymous_15)
FN:167,(anonymous_16)
FN:168,(anonymous_17)
FN:174,(anonymous_18)
FN:186,(anonymous_19)
FNF:20
FNH:20
FNDA:80,(anonymous_0)
FNDA:40,(anonymous_1)
FNDA:47,(anonymous_2)
FNDA:3,(anonymous_3)
FNDA:51,(anonymous_4)
FNDA:21,(anonymous_5)
FNDA:35,(anonymous_6)
FNDA:15,(anonymous_7)
FNDA:4,(anonymous_8)
FNDA:11,(anonymous_9)
FNDA:4,(anonymous_10)
FNDA:7,(anonymous_11)
FNDA:23,(anonymous_12)
FNDA:14,(anonymous_13)
FNDA:15,(anonymous_14)
FNDA:2,(anonymous_15)
FNDA:5,(anonymous_16)
FNDA:4,(anonymous_17)
FNDA:6,(anonymous_18)
FNDA:1,(anonymous_19)
DA:19,3
DA:20,80
DA:21,80
DA:22,80
DA:28,40
DA:29,36
DA:32,40
DA:33,40
DA:40,47
DA:41,47
DA:43,43
DA:44,12
DA:48,31
DA:49,31
DA:51,31
DA:58,3
DA:60,3
DA:62,5
DA:63,5
DA:64,5
DA:68,3
DA:75,51
DA:82,21
DA:83,21
DA:90,35
DA:91,35
DA:92,1
DA:95,34
DA:102,15
DA:105,15
DA:106,4
DA:110,15
DA:111,5
DA:112,11
DA:116,15
DA:117,4
DA:121,15
DA:122,2
DA:123,2
DA:124,7
DA:125,7
DA:127,7
DA:128,7
DA:129,7
DA:131,7
DA:132,7
DA:137,15
DA:138,2
DA:140,15
DA:141,4
DA:144,23
DA:151,14
DA:158,15
DA:159,15
DA:166,2
DA:167,5
DA:168,4
DA:175,6
DA:176,6
DA:177,1
DA:180,5
DA:187,1
DA:188,1
DA:189,1
LF:64
LH:64
BRDA:28,0,0,36
BRDA:28,0,1,4
BRDA:41,1,0,4
BRDA:41,1,1,43
BRDA:43,2,0,12
BRDA:43,2,1,31
BRDA:44,3,0,12
BRDA:44,3,1,0
BRDA:49,4,0,0
BRDA:49,4,1,31
BRDA:63,5,0,5
BRDA:63,5,1,0
BRDA:83,6,0,14
BRDA:83,6,1,7
BRDA:91,7,0,1
BRDA:91,7,1,34
BRDA:105,8,0,2
BRDA:105,8,1,13
BRDA:110,9,0,5
BRDA:110,9,1,10
BRDA:111,10,0,1
BRDA:111,10,1,4
BRDA:116,11,0,2
BRDA:116,11,1,13
BRDA:121,12,0,2
BRDA:121,12,1,13
BRDA:122,13,0,2
BRDA:122,13,1,0
BRDA:127,14,0,0
BRDA:127,14,1,7
BRDA:127,15,0,7
BRDA:127,15,1,0
BRDA:128,16,0,0
BRDA:128,16,1,7
BRDA:128,17,0,0
BRDA:128,17,1,0
BRDA:129,18,0,0
BRDA:129,18,1,7
BRDA:129,19,0,0
BRDA:129,19,1,0
BRDA:131,20,0,2
BRDA:131,20,1,5
BRDA:131,21,0,5
BRDA:131,21,1,0
BRDA:132,22,0,3
BRDA:132,22,1,4
BRDA:137,23,0,2
BRDA:137,23,1,13
BRDA:140,24,0,4
BRDA:140,24,1,11
BRDA:159,25,0,13
BRDA:159,25,1,2
BRDA:176,26,0,1
BRDA:176,26,1,5
BRF:54
BRH:41
end_of_record
