{"/home/runner/work/objectos/objectos/packages/plugins/metrics/src/collectors.ts": {"path":"/home/runner/work/objectos/objectos/packages/plugins/metrics/src/collectors.ts","statementMap":{"0":{"start":{"line":7,"column":0},"end":{"line":7,"column":37}},"1":{"start":{"line":26,"column":16},"end":{"line":26,"column":28}},"2":{"start":{"line":27,"column":16},"end":{"line":27,"column":28}},"3":{"start":{"line":28,"column":16},"end":{"line":28,"column":33}},"4":{"start":{"line":22,"column":12},"end":{"line":22,"column":30}},"5":{"start":{"line":30,"column":8},"end":{"line":30,"column":36}},"6":{"start":{"line":37,"column":8},"end":{"line":39,"column":9}},"7":{"start":{"line":38,"column":12},"end":{"line":38,"column":86}},"8":{"start":{"line":40,"column":8},"end":{"line":40,"column":29}},"9":{"start":{"line":41,"column":8},"end":{"line":41,"column":36}},"10":{"start":{"line":48,"column":8},"end":{"line":55,"column":10}},"11":{"start":{"line":62,"column":8},"end":{"line":62,"column":23}},"12":{"start":{"line":63,"column":8},"end":{"line":63,"column":36}},"13":{"start":{"line":21,"column":0},"end":{"line":21,"column":13}},"14":{"start":{"line":75,"column":16},"end":{"line":75,"column":28}},"15":{"start":{"line":76,"column":16},"end":{"line":76,"column":28}},"16":{"start":{"line":77,"column":16},"end":{"line":77,"column":33}},"17":{"start":{"line":71,"column":12},"end":{"line":71,"column":30}},"18":{"start":{"line":79,"column":8},"end":{"line":79,"column":36}},"19":{"start":{"line":86,"column":8},"end":{"line":86,"column":27}},"20":{"start":{"line":87,"column":8},"end":{"line":87,"column":36}},"21":{"start":{"line":94,"column":8},"end":{"line":94,"column":29}},"22":{"start":{"line":95,"column":8},"end":{"line":95,"column":36}},"23":{"start":{"line":102,"column":8},"end":{"line":102,"column":29}},"24":{"start":{"line":103,"column":8},"end":{"line":103,"column":36}},"25":{"start":{"line":110,"column":8},"end":{"line":117,"column":10}},"26":{"start":{"line":124,"column":8},"end":{"line":124,"column":23}},"27":{"start":{"line":125,"column":8},"end":{"line":125,"column":36}},"28":{"start":{"line":70,"column":0},"end":{"line":70,"column":13}},"29":{"start":{"line":139,"column":16},"end":{"line":139,"column":28}},"30":{"start":{"line":140,"column":16},"end":{"line":140,"column":28}},"31":{"start":{"line":141,"column":16},"end":{"line":141,"column":33}},"32":{"start":{"line":142,"column":16},"end":{"line":142,"column":42}},"33":{"start":{"line":133,"column":12},"end":{"line":133,"column":28}},"34":{"start":{"line":134,"column":12},"end":{"line":134,"column":30}},"35":{"start":{"line":135,"column":12},"end":{"line":135,"column":54}},"36":{"start":{"line":144,"column":8},"end":{"line":144,"column":36}},"37":{"start":{"line":151,"column":8},"end":{"line":151,"column":26}},"38":{"start":{"line":152,"column":8},"end":{"line":152,"column":24}},"39":{"start":{"line":153,"column":8},"end":{"line":156,"column":11}},"40":{"start":{"line":159,"column":8},"end":{"line":161,"column":9}},"41":{"start":{"line":160,"column":12},"end":{"line":160,"column":38}},"42":{"start":{"line":163,"column":8},"end":{"line":163,"column":36}},"43":{"start":{"line":170,"column":8},"end":{"line":172,"column":9}},"44":{"start":{"line":171,"column":12},"end":{"line":171,"column":54}},"45":{"start":{"line":174,"column":23},"end":{"line":176,"column":34}},"46":{"start":{"line":175,"column":22},"end":{"line":175,"column":29}},"47":{"start":{"line":176,"column":28},"end":{"line":176,"column":33}},"48":{"start":{"line":178,"column":30},"end":{"line":181,"column":9}},"49":{"start":{"line":179,"column":26},"end":{"line":179,"column":66}},"50":{"start":{"line":180,"column":12},"end":{"line":180,"column":46}},"51":{"start":{"line":183,"column":8},"end":{"line":188,"column":10}},"52":{"start":{"line":195,"column":8},"end":{"line":204,"column":10}},"53":{"start":{"line":211,"column":8},"end":{"line":211,"column":21}},"54":{"start":{"line":212,"column":8},"end":{"line":212,"column":23}},"55":{"start":{"line":213,"column":8},"end":{"line":213,"column":31}},"56":{"start":{"line":214,"column":8},"end":{"line":214,"column":36}},"57":{"start":{"line":221,"column":8},"end":{"line":221,"column":58}},"58":{"start":{"line":132,"column":0},"end":{"line":132,"column":13}}},"fnMap":{"0":{"name":"(anonymous_0)","decl":{"start":{"line":25,"column":4},"end":{"line":25,"column":null}},"loc":{"start":{"line":28,"column":35},"end":{"line":31,"column":5}}},"1":{"name":"(anonymous_1)","decl":{"start":{"line":36,"column":4},"end":{"line":36,"column":7}},"loc":{"start":{"line":36,"column":26},"end":{"line":42,"column":5}}},"2":{"name":"(anonymous_2)","decl":{"start":{"line":47,"column":4},"end":{"line":47,"column":7}},"loc":{"start":{"line":47,"column":7},"end":{"line":56,"column":5}}},"3":{"name":"(anonymous_3)","decl":{"start":{"line":61,"column":4},"end":{"line":61,"column":9}},"loc":{"start":{"line":61,"column":9},"end":{"line":64,"column":5}}},"4":{"name":"(anonymous_4)","decl":{"start":{"line":74,"column":4},"end":{"line":74,"column":null}},"loc":{"start":{"line":77,"column":35},"end":{"line":80,"column":5}}},"5":{"name":"(anonymous_5)","decl":{"start":{"line":85,"column":4},"end":{"line":85,"column":7}},"loc":{"start":{"line":85,"column":21},"end":{"line":88,"column":5}}},"6":{"name":"(anonymous_6)","decl":{"start":{"line":93,"column":4},"end":{"line":93,"column":7}},"loc":{"start":{"line":93,"column":26},"end":{"line":96,"column":5}}},"7":{"name":"(anonymous_7)","decl":{"start":{"line":101,"column":4},"end":{"line":101,"column":7}},"loc":{"start":{"line":101,"column":26},"end":{"line":104,"column":5}}},"8":{"name":"(anonymous_8)","decl":{"start":{"line":109,"column":4},"end":{"line":109,"column":7}},"loc":{"start":{"line":109,"column":7},"end":{"line":118,"column":5}}},"9":{"name":"(anonymous_9)","decl":{"start":{"line":123,"column":4},"end":{"line":123,"column":9}},"loc":{"start":{"line":123,"column":9},"end":{"line":126,"column":5}}},"10":{"name":"(anonymous_10)","decl":{"start":{"line":138,"column":4},"end":{"line":138,"column":null}},"loc":{"start":{"line":142,"column":47},"end":{"line":145,"column":5}}},"11":{"name":"(anonymous_11)","decl":{"start":{"line":150,"column":4},"end":{"line":150,"column":11}},"loc":{"start":{"line":150,"column":25},"end":{"line":164,"column":5}}},"12":{"name":"(anonymous_12)","decl":{"start":{"line":169,"column":4},"end":{"line":169,"column":24}},"loc":{"start":{"line":169,"column":24},"end":{"line":189,"column":5}}},"13":{"name":"(anonymous_13)","decl":{"start":{"line":175,"column":17},"end":{"line":175,"column":18}},"loc":{"start":{"line":175,"column":22},"end":{"line":175,"column":29}}},"14":{"name":"(anonymous_14)","decl":{"start":{"line":176,"column":18},"end":{"line":176,"column":19}},"loc":{"start":{"line":176,"column":28},"end":{"line":176,"column":33}}},"15":{"name":"(anonymous_15)","decl":{"start":{"line":178,"column":30},"end":{"line":178,"column":31}},"loc":{"start":{"line":178,"column":52},"end":{"line":181,"column":9}}},"16":{"name":"(anonymous_16)","decl":{"start":{"line":194,"column":4},"end":{"line":194,"column":7}},"loc":{"start":{"line":194,"column":7},"end":{"line":205,"column":5}}},"17":{"name":"(anonymous_17)","decl":{"start":{"line":210,"column":4},"end":{"line":210,"column":9}},"loc":{"start":{"line":210,"column":9},"end":{"line":215,"column":5}}},"18":{"name":"(anonymous_18)","decl":{"start":{"line":220,"column":4},"end":{"line":220,"column":14}},"loc":{"start":{"line":220,"column":14},"end":{"line":222,"column":5}}}},"branchMap":{"0":{"loc":{"start":{"line":28,"column":16},"end":{"line":28,"column":35}},"type":"default-arg","locations":[{"start":{"line":28,"column":33},"end":{"line":28,"column":35}}]},"1":{"loc":{"start":{"line":36,"column":8},"end":{"line":36,"column":26}},"type":"default-arg","locations":[{"start":{"line":36,"column":25},"end":{"line":36,"column":26}}]},"2":{"loc":{"start":{"line":37,"column":8},"end":{"line":39,"column":9}},"type":"if","locations":[{"start":{"line":37,"column":8},"end":{"line":39,"column":9}},{"start":{},"end":{}}]},"3":{"loc":{"start":{"line":77,"column":16},"end":{"line":77,"column":35}},"type":"default-arg","locations":[{"start":{"line":77,"column":33},"end":{"line":77,"column":35}}]},"4":{"loc":{"start":{"line":93,"column":8},"end":{"line":93,"column":26}},"type":"default-arg","locations":[{"start":{"line":93,"column":25},"end":{"line":93,"column":26}}]},"5":{"loc":{"start":{"line":101,"column":8},"end":{"line":101,"column":26}},"type":"default-arg","locations":[{"start":{"line":101,"column":25},"end":{"line":101,"column":26}}]},"6":{"loc":{"start":{"line":141,"column":16},"end":{"line":141,"column":35}},"type":"default-arg","locations":[{"start":{"line":141,"column":33},"end":{"line":141,"column":35}}]},"7":{"loc":{"start":{"line":142,"column":16},"end":{"line":142,"column":47}},"type":"default-arg","locations":[{"start":{"line":142,"column":42},"end":{"line":142,"column":47}}]},"8":{"loc":{"start":{"line":159,"column":8},"end":{"line":161,"column":9}},"type":"if","locations":[{"start":{"line":159,"column":8},"end":{"line":161,"column":9}},{"start":{},"end":{}}]},"9":{"loc":{"start":{"line":170,"column":8},"end":{"line":172,"column":9}},"type":"if","locations":[{"start":{"line":170,"column":8},"end":{"line":172,"column":9}},{"start":{},"end":{}}]},"10":{"loc":{"start":{"line":221,"column":15},"end":{"line":221,"column":57}},"type":"cond-expr","locations":[{"start":{"line":221,"column":32},"end":{"line":221,"column":53}},{"start":{"line":221,"column":56},"end":{"line":221,"column":57}}]}},"s":{"0":1,"1":21,"2":21,"3":21,"4":21,"5":21,"6":22,"7":1,"8":21,"9":21,"10":22,"11":2,"12":2,"13":1,"14":12,"15":12,"16":12,"17":12,"18":12,"19":11,"20":11,"21":2,"22":2,"23":2,"24":2,"25":14,"26":1,"27":1,"28":1,"29":15,"30":15,"31":15,"32":15,"33":15,"34":15,"35":15,"36":15,"37":148,"38":148,"39":148,"40":148,"41":10,"42":148,"43":2,"44":0,"45":2,"46":102,"47":100,"48":2,"49":8,"50":8,"51":2,"52":14,"53":1,"54":1,"55":1,"56":1,"57":1,"58":1},"f":{"0":21,"1":22,"2":22,"3":2,"4":12,"5":11,"6":2,"7":2,"8":14,"9":1,"10":15,"11":148,"12":2,"13":102,"14":100,"15":8,"16":14,"17":1,"18":1},"b":{"0":[3],"1":[0],"2":[1,21],"3":[3],"4":[0],"5":[0],"6":[3],"7":[4],"8":[10,138],"9":[0,2],"10":[1,0]}}
,"/home/runner/work/objectos/objectos/packages/plugins/metrics/src/plugin.ts": {"path":"/home/runner/work/objectos/objectos/packages/plugins/metrics/src/plugin.ts","statementMap":{"0":{"start":{"line":346,"column":0},"end":{"line":346,"column":16}},"1":{"start":{"line":17,"column":0},"end":{"line":17,"column":84}},"2":{"start":{"line":18,"column":0},"end":{"line":18,"column":48}},"3":{"start":{"line":29,"column":23},"end":{"line":32,"column":18}},"4":{"start":{"line":30,"column":28},"end":{"line":30,"column":46}},"5":{"start":{"line":31,"column":25},"end":{"line":31,"column":38}},"6":{"start":{"line":34,"column":4},"end":{"line":34,"column":56}},"7":{"start":{"line":42,"column":4},"end":{"line":42,"column":34}},"8":{"start":{"line":43,"column":4},"end":{"line":43,"column":22}},"9":{"start":{"line":44,"column":4},"end":{"line":44,"column":32}},"10":{"start":{"line":47,"column":12},"end":{"line":47,"column":62}},"11":{"start":{"line":48,"column":12},"end":{"line":48,"column":58}},"12":{"start":{"line":49,"column":12},"end":{"line":49,"column":66}},"13":{"start":{"line":53,"column":8},"end":{"line":60,"column":10}},"14":{"start":{"line":67,"column":8},"end":{"line":67,"column":31}},"15":{"start":{"line":70,"column":8},"end":{"line":70,"column":49}},"16":{"start":{"line":73,"column":8},"end":{"line":75,"column":9}},"17":{"start":{"line":74,"column":12},"end":{"line":74,"column":52}},"18":{"start":{"line":77,"column":8},"end":{"line":77,"column":66}},"19":{"start":{"line":84,"column":8},"end":{"line":84,"column":53}},"20":{"start":{"line":85,"column":8},"end":{"line":85,"column":62}},"21":{"start":{"line":93,"column":8},"end":{"line":104,"column":11}},"22":{"start":{"line":94,"column":30},"end":{"line":94,"column":40}},"23":{"start":{"line":96,"column":12},"end":{"line":103,"column":15}},"24":{"start":{"line":97,"column":16},"end":{"line":102,"column":17}},"25":{"start":{"line":98,"column":37},"end":{"line":98,"column":59}},"26":{"start":{"line":99,"column":20},"end":{"line":101,"column":23}},"27":{"start":{"line":106,"column":8},"end":{"line":117,"column":11}},"28":{"start":{"line":107,"column":30},"end":{"line":107,"column":40}},"29":{"start":{"line":109,"column":12},"end":{"line":116,"column":15}},"30":{"start":{"line":110,"column":16},"end":{"line":115,"column":17}},"31":{"start":{"line":111,"column":37},"end":{"line":111,"column":59}},"32":{"start":{"line":112,"column":20},"end":{"line":114,"column":23}},"33":{"start":{"line":120,"column":8},"end":{"line":126,"column":11}},"34":{"start":{"line":121,"column":44},"end":{"line":121,"column":48}},"35":{"start":{"line":122,"column":12},"end":{"line":125,"column":15}},"36":{"start":{"line":129,"column":8},"end":{"line":141,"column":11}},"37":{"start":{"line":130,"column":30},"end":{"line":130,"column":40}},"38":{"start":{"line":131,"column":29},"end":{"line":131,"column":42}},"39":{"start":{"line":133,"column":12},"end":{"line":140,"column":15}},"40":{"start":{"line":134,"column":16},"end":{"line":139,"column":17}},"41":{"start":{"line":135,"column":37},"end":{"line":135,"column":59}},"42":{"start":{"line":136,"column":20},"end":{"line":138,"column":23}},"43":{"start":{"line":143,"column":8},"end":{"line":143,"column":81}},"44":{"start":{"line":150,"column":8},"end":{"line":150,"column":41}},"45":{"start":{"line":150,"column":34},"end":{"line":150,"column":41}},"46":{"start":{"line":152,"column":25},"end":{"line":152,"column":83}},"47":{"start":{"line":153,"column":27},"end":{"line":153,"column":70}},"48":{"start":{"line":154,"column":20},"end":{"line":154,"column":54}},"49":{"start":{"line":156,"column":22},"end":{"line":156,"column":44}},"50":{"start":{"line":157,"column":8},"end":{"line":160,"column":9}},"51":{"start":{"line":158,"column":12},"end":{"line":158,"column":85}},"52":{"start":{"line":159,"column":12},"end":{"line":159,"column":44}},"53":{"start":{"line":162,"column":8},"end":{"line":162,"column":28}},"54":{"start":{"line":169,"column":8},"end":{"line":169,"column":41}},"55":{"start":{"line":169,"column":34},"end":{"line":169,"column":41}},"56":{"start":{"line":171,"column":25},"end":{"line":171,"column":83}},"57":{"start":{"line":172,"column":27},"end":{"line":172,"column":70}},"58":{"start":{"line":173,"column":20},"end":{"line":173,"column":54}},"59":{"start":{"line":175,"column":20},"end":{"line":175,"column":40}},"60":{"start":{"line":176,"column":8},"end":{"line":179,"column":9}},"61":{"start":{"line":177,"column":12},"end":{"line":177,"column":79}},"62":{"start":{"line":178,"column":12},"end":{"line":178,"column":40}},"63":{"start":{"line":181,"column":8},"end":{"line":181,"column":25}},"64":{"start":{"line":188,"column":8},"end":{"line":188,"column":41}},"65":{"start":{"line":188,"column":34},"end":{"line":188,"column":41}},"66":{"start":{"line":190,"column":25},"end":{"line":190,"column":83}},"67":{"start":{"line":191,"column":27},"end":{"line":191,"column":70}},"68":{"start":{"line":192,"column":20},"end":{"line":192,"column":54}},"69":{"start":{"line":194,"column":20},"end":{"line":194,"column":40}},"70":{"start":{"line":195,"column":8},"end":{"line":198,"column":9}},"71":{"start":{"line":196,"column":12},"end":{"line":196,"column":79}},"72":{"start":{"line":197,"column":12},"end":{"line":197,"column":40}},"73":{"start":{"line":200,"column":8},"end":{"line":200,"column":26}},"74":{"start":{"line":207,"column":8},"end":{"line":207,"column":41}},"75":{"start":{"line":207,"column":34},"end":{"line":207,"column":41}},"76":{"start":{"line":209,"column":25},"end":{"line":209,"column":83}},"77":{"start":{"line":210,"column":27},"end":{"line":210,"column":70}},"78":{"start":{"line":211,"column":20},"end":{"line":211,"column":54}},"79":{"start":{"line":213,"column":20},"end":{"line":213,"column":40}},"80":{"start":{"line":214,"column":8},"end":{"line":217,"column":9}},"81":{"start":{"line":215,"column":12},"end":{"line":215,"column":79}},"82":{"start":{"line":216,"column":12},"end":{"line":216,"column":40}},"83":{"start":{"line":219,"column":8},"end":{"line":219,"column":26}},"84":{"start":{"line":226,"column":8},"end":{"line":226,"column":41}},"85":{"start":{"line":226,"column":34},"end":{"line":226,"column":41}},"86":{"start":{"line":228,"column":25},"end":{"line":228,"column":83}},"87":{"start":{"line":229,"column":27},"end":{"line":229,"column":70}},"88":{"start":{"line":230,"column":20},"end":{"line":230,"column":54}},"89":{"start":{"line":232,"column":24},"end":{"line":232,"column":48}},"90":{"start":{"line":233,"column":8},"end":{"line":241,"column":9}},"91":{"start":{"line":234,"column":12},"end":{"line":239,"column":14}},"92":{"start":{"line":240,"column":12},"end":{"line":240,"column":48}},"93":{"start":{"line":243,"column":8},"end":{"line":243,"column":33}},"94":{"start":{"line":250,"column":34},"end":{"line":250,"column":36}},"95":{"start":{"line":253,"column":8},"end":{"line":255,"column":9}},"96":{"start":{"line":254,"column":12},"end":{"line":254,"column":42}},"97":{"start":{"line":258,"column":8},"end":{"line":260,"column":9}},"98":{"start":{"line":259,"column":12},"end":{"line":259,"column":42}},"99":{"start":{"line":263,"column":8},"end":{"line":265,"column":9}},"100":{"start":{"line":264,"column":12},"end":{"line":264,"column":42}},"101":{"start":{"line":267,"column":8},"end":{"line":267,"column":23}},"102":{"start":{"line":274,"column":8},"end":{"line":274,"column":62}},"103":{"start":{"line":274,"column":45},"end":{"line":274,"column":60}},"104":{"start":{"line":281,"column":25},"end":{"line":281,"column":83}},"105":{"start":{"line":282,"column":27},"end":{"line":282,"column":70}},"106":{"start":{"line":283,"column":20},"end":{"line":283,"column":54}},"107":{"start":{"line":285,"column":24},"end":{"line":285,"column":46}},"108":{"start":{"line":286,"column":8},"end":{"line":286,"column":42}},"109":{"start":{"line":286,"column":21},"end":{"line":286,"column":42}},"110":{"start":{"line":288,"column":22},"end":{"line":288,"column":42}},"111":{"start":{"line":289,"column":8},"end":{"line":289,"column":38}},"112":{"start":{"line":289,"column":19},"end":{"line":289,"column":38}},"113":{"start":{"line":291,"column":26},"end":{"line":291,"column":50}},"114":{"start":{"line":292,"column":8},"end":{"line":292,"column":46}},"115":{"start":{"line":292,"column":23},"end":{"line":292,"column":46}},"116":{"start":{"line":294,"column":8},"end":{"line":294,"column":25}},"117":{"start":{"line":301,"column":8},"end":{"line":301,"column":51}},"118":{"start":{"line":308,"column":8},"end":{"line":310,"column":9}},"119":{"start":{"line":309,"column":12},"end":{"line":309,"column":30}},"120":{"start":{"line":311,"column":8},"end":{"line":313,"column":9}},"121":{"start":{"line":312,"column":12},"end":{"line":312,"column":30}},"122":{"start":{"line":314,"column":8},"end":{"line":316,"column":9}},"123":{"start":{"line":315,"column":12},"end":{"line":315,"column":30}},"124":{"start":{"line":323,"column":25},"end":{"line":323,"column":83}},"125":{"start":{"line":324,"column":27},"end":{"line":324,"column":70}},"126":{"start":{"line":325,"column":20},"end":{"line":325,"column":54}},"127":{"start":{"line":327,"column":8},"end":{"line":327,"column":40}},"128":{"start":{"line":328,"column":8},"end":{"line":328,"column":38}},"129":{"start":{"line":329,"column":8},"end":{"line":329,"column":42}},"130":{"start":{"line":336,"column":8},"end":{"line":336,"column":30}},"131":{"start":{"line":337,"column":8},"end":{"line":337,"column":28}},"132":{"start":{"line":338,"column":8},"end":{"line":338,"column":32}},"133":{"start":{"line":339,"column":8},"end":{"line":339,"column":57}},"134":{"start":{"line":41,"column":0},"end":{"line":41,"column":13}},"135":{"start":{"line":347,"column":4},"end":{"line":351,"column":5}},"136":{"start":{"line":348,"column":8},"end":{"line":348,"column":44}},"137":{"start":{"line":350,"column":8},"end":{"line":350,"column":20}}},"fnMap":{"0":{"name":"getMetricKey","decl":{"start":{"line":28,"column":9},"end":{"line":28,"column":21}},"loc":{"start":{"line":28,"column":55},"end":{"line":35,"column":1}}},"1":{"name":"(anonymous_1)","decl":{"start":{"line":30,"column":14},"end":{"line":30,"column":15}},"loc":{"start":{"line":30,"column":28},"end":{"line":30,"column":46}}},"2":{"name":"(anonymous_2)","decl":{"start":{"line":31,"column":13},"end":{"line":31,"column":14}},"loc":{"start":{"line":31,"column":25},"end":{"line":31,"column":38}}},"3":{"name":"(anonymous_3)","decl":{"start":{"line":52,"column":4},"end":{"line":52,"column":16}},"loc":{"start":{"line":52,"column":42},"end":{"line":61,"column":5}}},"4":{"name":"(anonymous_4)","decl":{"start":{"line":66,"column":4},"end":{"line":66,"column":9}},"loc":{"start":{"line":66,"column":37},"end":{"line":78,"column":5}}},"5":{"name":"(anonymous_5)","decl":{"start":{"line":83,"column":4},"end":{"line":83,"column":9}},"loc":{"start":{"line":83,"column":38},"end":{"line":86,"column":5}}},"6":{"name":"(anonymous_6)","decl":{"start":{"line":91,"column":12},"end":{"line":91,"column":17}},"loc":{"start":{"line":91,"column":60},"end":{"line":144,"column":5}}},"7":{"name":"(anonymous_7)","decl":{"start":{"line":93,"column":42},"end":{"line":93,"column":47}},"loc":{"start":{"line":93,"column":62},"end":{"line":104,"column":9}}},"8":{"name":"(anonymous_8)","decl":{"start":{"line":96,"column":44},"end":{"line":96,"column":49}},"loc":{"start":{"line":96,"column":67},"end":{"line":103,"column":13}}},"9":{"name":"(anonymous_9)","decl":{"start":{"line":106,"column":44},"end":{"line":106,"column":49}},"loc":{"start":{"line":106,"column":64},"end":{"line":117,"column":9}}},"10":{"name":"(anonymous_10)","decl":{"start":{"line":109,"column":46},"end":{"line":109,"column":51}},"loc":{"start":{"line":109,"column":69},"end":{"line":116,"column":13}}},"11":{"name":"(anonymous_11)","decl":{"start":{"line":120,"column":37},"end":{"line":120,"column":42}},"loc":{"start":{"line":120,"column":57},"end":{"line":126,"column":9}}},"12":{"name":"(anonymous_12)","decl":{"start":{"line":129,"column":43},"end":{"line":129,"column":48}},"loc":{"start":{"line":129,"column":63},"end":{"line":141,"column":9}}},"13":{"name":"(anonymous_13)","decl":{"start":{"line":133,"column":45},"end":{"line":133,"column":50}},"loc":{"start":{"line":133,"column":68},"end":{"line":140,"column":13}}},"14":{"name":"(anonymous_14)","decl":{"start":{"line":149,"column":4},"end":{"line":149,"column":20}},"loc":{"start":{"line":149,"column":74},"end":{"line":163,"column":5}}},"15":{"name":"(anonymous_15)","decl":{"start":{"line":168,"column":4},"end":{"line":168,"column":12}},"loc":{"start":{"line":168,"column":61},"end":{"line":182,"column":5}}},"16":{"name":"(anonymous_16)","decl":{"start":{"line":187,"column":4},"end":{"line":187,"column":18}},"loc":{"start":{"line":187,"column":72},"end":{"line":201,"column":5}}},"17":{"name":"(anonymous_17)","decl":{"start":{"line":206,"column":4},"end":{"line":206,"column":18}},"loc":{"start":{"line":206,"column":72},"end":{"line":220,"column":5}}},"18":{"name":"(anonymous_18)","decl":{"start":{"line":225,"column":4},"end":{"line":225,"column":19}},"loc":{"start":{"line":225,"column":68},"end":{"line":244,"column":5}}},"19":{"name":"(anonymous_19)","decl":{"start":{"line":249,"column":4},"end":{"line":249,"column":14}},"loc":{"start":{"line":249,"column":14},"end":{"line":268,"column":5}}},"20":{"name":"(anonymous_20)","decl":{"start":{"line":273,"column":4},"end":{"line":273,"column":20}},"loc":{"start":{"line":273,"column":37},"end":{"line":275,"column":5}}},"21":{"name":"(anonymous_21)","decl":{"start":{"line":274,"column":40},"end":{"line":274,"column":41}},"loc":{"start":{"line":274,"column":45},"end":{"line":274,"column":60}}},"22":{"name":"(anonymous_22)","decl":{"start":{"line":280,"column":4},"end":{"line":280,"column":13}},"loc":{"start":{"line":280,"column":47},"end":{"line":295,"column":5}}},"23":{"name":"(anonymous_23)","decl":{"start":{"line":300,"column":4},"end":{"line":300,"column":20}},"loc":{"start":{"line":300,"column":20},"end":{"line":302,"column":5}}},"24":{"name":"(anonymous_24)","decl":{"start":{"line":307,"column":4},"end":{"line":307,"column":19}},"loc":{"start":{"line":307,"column":19},"end":{"line":317,"column":5}}},"25":{"name":"(anonymous_25)","decl":{"start":{"line":322,"column":4},"end":{"line":322,"column":15}},"loc":{"start":{"line":322,"column":49},"end":{"line":330,"column":5}}},"26":{"name":"(anonymous_26)","decl":{"start":{"line":335,"column":4},"end":{"line":335,"column":9}},"loc":{"start":{"line":335,"column":17},"end":{"line":340,"column":5}}},"27":{"name":"getMetricsAPI","decl":{"start":{"line":346,"column":16},"end":{"line":346,"column":29}},"loc":{"start":{"line":346,"column":41},"end":{"line":352,"column":1}}}},"branchMap":{"0":{"loc":{"start":{"line":28,"column":36},"end":{"line":28,"column":55}},"type":"default-arg","locations":[{"start":{"line":28,"column":53},"end":{"line":28,"column":55}}]},"1":{"loc":{"start":{"line":34,"column":11},"end":{"line":34,"column":55}},"type":"cond-expr","locations":[{"start":{"line":34,"column":24},"end":{"line":34,"column":48}},{"start":{"line":34,"column":51},"end":{"line":34,"column":55}}]},"2":{"loc":{"start":{"line":52,"column":16},"end":{"line":52,"column":42}},"type":"default-arg","locations":[{"start":{"line":52,"column":40},"end":{"line":52,"column":42}}]},"3":{"loc":{"start":{"line":73,"column":8},"end":{"line":75,"column":9}},"type":"if","locations":[{"start":{"line":73,"column":8},"end":{"line":75,"column":9}},{"start":{},"end":{}}]},"4":{"loc":{"start":{"line":97,"column":16},"end":{"line":102,"column":17}},"type":"if","locations":[{"start":{"line":97,"column":16},"end":{"line":102,"column":17}},{"start":{},"end":{}}]},"5":{"loc":{"start":{"line":100,"column":32},"end":{"line":100,"column":60}},"type":"binary-expr","locations":[{"start":{"line":100,"column":32},"end":{"line":100,"column":47}},{"start":{"line":100,"column":51},"end":{"line":100,"column":60}}]},"6":{"loc":{"start":{"line":110,"column":16},"end":{"line":115,"column":17}},"type":"if","locations":[{"start":{"line":110,"column":16},"end":{"line":115,"column":17}},{"start":{},"end":{}}]},"7":{"loc":{"start":{"line":113,"column":32},"end":{"line":113,"column":60}},"type":"binary-expr","locations":[{"start":{"line":113,"column":32},"end":{"line":113,"column":47}},{"start":{"line":113,"column":51},"end":{"line":113,"column":60}}]},"8":{"loc":{"start":{"line":123,"column":25},"end":{"line":123,"column":49}},"type":"binary-expr","locations":[{"start":{"line":123,"column":25},"end":{"line":123,"column":36}},{"start":{"line":123,"column":40},"end":{"line":123,"column":49}}]},"9":{"loc":{"start":{"line":124,"column":24},"end":{"line":124,"column":43}},"type":"binary-expr","locations":[{"start":{"line":124,"column":24},"end":{"line":124,"column":30}},{"start":{"line":124,"column":34},"end":{"line":124,"column":43}}]},"10":{"loc":{"start":{"line":134,"column":16},"end":{"line":139,"column":17}},"type":"if","locations":[{"start":{"line":134,"column":16},"end":{"line":139,"column":17}},{"start":{},"end":{}}]},"11":{"loc":{"start":{"line":137,"column":30},"end":{"line":137,"column":51}},"type":"binary-expr","locations":[{"start":{"line":137,"column":30},"end":{"line":137,"column":38}},{"start":{"line":137,"column":42},"end":{"line":137,"column":51}}]},"12":{"loc":{"start":{"line":149,"column":35},"end":{"line":149,"column":53}},"type":"default-arg","locations":[{"start":{"line":149,"column":52},"end":{"line":149,"column":53}}]},"13":{"loc":{"start":{"line":149,"column":55},"end":{"line":149,"column":74}},"type":"default-arg","locations":[{"start":{"line":149,"column":72},"end":{"line":149,"column":74}}]},"14":{"loc":{"start":{"line":150,"column":8},"end":{"line":150,"column":41}},"type":"if","locations":[{"start":{"line":150,"column":8},"end":{"line":150,"column":41}},{"start":{},"end":{}}]},"15":{"loc":{"start":{"line":152,"column":25},"end":{"line":152,"column":83}},"type":"cond-expr","locations":[{"start":{"line":152,"column":46},"end":{"line":152,"column":76}},{"start":{"line":152,"column":79},"end":{"line":152,"column":83}}]},"16":{"loc":{"start":{"line":157,"column":8},"end":{"line":160,"column":9}},"type":"if","locations":[{"start":{"line":157,"column":8},"end":{"line":160,"column":9}},{"start":{},"end":{}}]},"17":{"loc":{"start":{"line":168,"column":42},"end":{"line":168,"column":61}},"type":"default-arg","locations":[{"start":{"line":168,"column":59},"end":{"line":168,"column":61}}]},"18":{"loc":{"start":{"line":169,"column":8},"end":{"line":169,"column":41}},"type":"if","locations":[{"start":{"line":169,"column":8},"end":{"line":169,"column":41}},{"start":{},"end":{}}]},"19":{"loc":{"start":{"line":171,"column":25},"end":{"line":171,"column":83}},"type":"cond-expr","locations":[{"start":{"line":171,"column":46},"end":{"line":171,"column":76}},{"start":{"line":171,"column":79},"end":{"line":171,"column":83}}]},"20":{"loc":{"start":{"line":176,"column":8},"end":{"line":179,"column":9}},"type":"if","locations":[{"start":{"line":176,"column":8},"end":{"line":179,"column":9}},{"start":{},"end":{}}]},"21":{"loc":{"start":{"line":187,"column":33},"end":{"line":187,"column":51}},"type":"default-arg","locations":[{"start":{"line":187,"column":50},"end":{"line":187,"column":51}}]},"22":{"loc":{"start":{"line":187,"column":53},"end":{"line":187,"column":72}},"type":"default-arg","locations":[{"start":{"line":187,"column":70},"end":{"line":187,"column":72}}]},"23":{"loc":{"start":{"line":188,"column":8},"end":{"line":188,"column":41}},"type":"if","locations":[{"start":{"line":188,"column":8},"end":{"line":188,"column":41}},{"start":{},"end":{}}]},"24":{"loc":{"start":{"line":190,"column":25},"end":{"line":190,"column":83}},"type":"cond-expr","locations":[{"start":{"line":190,"column":46},"end":{"line":190,"column":76}},{"start":{"line":190,"column":79},"end":{"line":190,"column":83}}]},"25":{"loc":{"start":{"line":195,"column":8},"end":{"line":198,"column":9}},"type":"if","locations":[{"start":{"line":195,"column":8},"end":{"line":198,"column":9}},{"start":{},"end":{}}]},"26":{"loc":{"start":{"line":206,"column":33},"end":{"line":206,"column":51}},"type":"default-arg","locations":[{"start":{"line":206,"column":50},"end":{"line":206,"column":51}}]},"27":{"loc":{"start":{"line":206,"column":53},"end":{"line":206,"column":72}},"type":"default-arg","locations":[{"start":{"line":206,"column":70},"end":{"line":206,"column":72}}]},"28":{"loc":{"start":{"line":207,"column":8},"end":{"line":207,"column":41}},"type":"if","locations":[{"start":{"line":207,"column":8},"end":{"line":207,"column":41}},{"start":{},"end":{}}]},"29":{"loc":{"start":{"line":209,"column":25},"end":{"line":209,"column":83}},"type":"cond-expr","locations":[{"start":{"line":209,"column":46},"end":{"line":209,"column":76}},{"start":{"line":209,"column":79},"end":{"line":209,"column":83}}]},"30":{"loc":{"start":{"line":214,"column":8},"end":{"line":217,"column":9}},"type":"if","locations":[{"start":{"line":214,"column":8},"end":{"line":217,"column":9}},{"start":{},"end":{}}]},"31":{"loc":{"start":{"line":225,"column":49},"end":{"line":225,"column":68}},"type":"default-arg","locations":[{"start":{"line":225,"column":66},"end":{"line":225,"column":68}}]},"32":{"loc":{"start":{"line":226,"column":8},"end":{"line":226,"column":41}},"type":"if","locations":[{"start":{"line":226,"column":8},"end":{"line":226,"column":41}},{"start":{},"end":{}}]},"33":{"loc":{"start":{"line":228,"column":25},"end":{"line":228,"column":83}},"type":"cond-expr","locations":[{"start":{"line":228,"column":46},"end":{"line":228,"column":76}},{"start":{"line":228,"column":79},"end":{"line":228,"column":83}}]},"34":{"loc":{"start":{"line":233,"column":8},"end":{"line":241,"column":9}},"type":"if","locations":[{"start":{"line":233,"column":8},"end":{"line":241,"column":9}},{"start":{},"end":{}}]},"35":{"loc":{"start":{"line":280,"column":28},"end":{"line":280,"column":47}},"type":"default-arg","locations":[{"start":{"line":280,"column":45},"end":{"line":280,"column":47}}]},"36":{"loc":{"start":{"line":281,"column":25},"end":{"line":281,"column":83}},"type":"cond-expr","locations":[{"start":{"line":281,"column":46},"end":{"line":281,"column":76}},{"start":{"line":281,"column":79},"end":{"line":281,"column":83}}]},"37":{"loc":{"start":{"line":286,"column":8},"end":{"line":286,"column":42}},"type":"if","locations":[{"start":{"line":286,"column":8},"end":{"line":286,"column":42}},{"start":{},"end":{}}]},"38":{"loc":{"start":{"line":289,"column":8},"end":{"line":289,"column":38}},"type":"if","locations":[{"start":{"line":289,"column":8},"end":{"line":289,"column":38}},{"start":{},"end":{}}]},"39":{"loc":{"start":{"line":292,"column":8},"end":{"line":292,"column":46}},"type":"if","locations":[{"start":{"line":292,"column":8},"end":{"line":292,"column":46}},{"start":{},"end":{}}]},"40":{"loc":{"start":{"line":322,"column":30},"end":{"line":322,"column":49}},"type":"default-arg","locations":[{"start":{"line":322,"column":47},"end":{"line":322,"column":49}}]},"41":{"loc":{"start":{"line":323,"column":25},"end":{"line":323,"column":83}},"type":"cond-expr","locations":[{"start":{"line":323,"column":46},"end":{"line":323,"column":76}},{"start":{"line":323,"column":79},"end":{"line":323,"column":83}}]}},"s":{"0":1,"1":1,"2":1,"3":69,"4":6,"5":21,"6":69,"7":33,"8":33,"9":33,"10":33,"11":33,"12":33,"13":33,"14":31,"15":31,"16":31,"17":30,"18":31,"19":1,"20":1,"21":30,"22":1,"23":1,"24":1,"25":1,"26":1,"27":30,"28":0,"29":0,"30":0,"31":0,"32":0,"33":30,"34":1,"35":1,"36":30,"37":0,"38":0,"39":0,"40":0,"41":0,"42":0,"43":30,"44":21,"45":1,"46":20,"47":20,"48":20,"49":20,"50":20,"51":18,"52":18,"53":20,"54":9,"55":0,"56":9,"57":9,"58":9,"59":9,"60":9,"61":9,"62":9,"63":9,"64":1,"65":0,"66":1,"67":1,"68":1,"69":1,"70":1,"71":0,"72":0,"73":1,"74":1,"75":0,"76":1,"77":1,"78":1,"79":1,"80":1,"81":0,"82":0,"83":1,"84":31,"85":0,"86":31,"87":31,"88":31,"89":31,"90":31,"91":10,"92":10,"93":31,"94":27,"95":27,"96":16,"97":27,"98":10,"99":27,"100":11,"101":27,"102":3,"103":9,"104":6,"105":6,"106":6,"107":6,"108":6,"109":4,"110":2,"111":2,"112":1,"113":1,"114":1,"115":1,"116":0,"117":4,"118":1,"119":1,"120":1,"121":1,"122":1,"123":1,"124":1,"125":1,"126":1,"127":1,"128":1,"129":1,"130":1,"131":1,"132":1,"133":1,"134":1,"135":2,"136":2,"137":1},"f":{"0":69,"1":6,"2":21,"3":33,"4":31,"5":1,"6":30,"7":1,"8":1,"9":0,"10":0,"11":1,"12":0,"13":0,"14":21,"15":9,"16":1,"17":1,"18":31,"19":27,"20":3,"21":9,"22":6,"23":4,"24":1,"25":1,"26":1,"27":2},"b":{"0":[0],"1":[15,54],"2":[25],"3":[30,1],"4":[1,0],"5":[1,0],"6":[0,0],"7":[0,0],"8":[1,0],"9":[1,0],"10":[0,0],"11":[0,0],"12":[0],"13":[13],"14":[1,20],"15":[1,19],"16":[18,2],"17":[7],"18":[0,9],"19":[0,9],"20":[9,0],"21":[0],"22":[1],"23":[0,1],"24":[0,1],"25":[0,1],"26":[0],"27":[1],"28":[0,1],"29":[0,1],"30":[0,1],"31":[28],"32":[0,31],"33":[0,31],"34":[10,21],"35":[5],"36":[0,6],"37":[4,2],"38":[1,1],"39":[1,0],"40":[1],"41":[0,1]}}
,"/home/runner/work/objectos/objectos/packages/plugins/metrics/src/prometheus.ts": {"path":"/home/runner/work/objectos/objectos/packages/plugins/metrics/src/prometheus.ts","statementMap":{"0":{"start":{"line":99,"column":0},"end":{"line":99,"column":16}},"1":{"start":{"line":111,"column":0},"end":{"line":111,"column":16}},"2":{"start":{"line":7,"column":0},"end":{"line":7,"column":37}},"3":{"start":{"line":15,"column":0},"end":{"line":15,"column":50}},"4":{"start":{"line":21,"column":20},"end":{"line":21,"column":42}},"5":{"start":{"line":22,"column":4},"end":{"line":24,"column":5}},"6":{"start":{"line":23,"column":8},"end":{"line":23,"column":18}},"7":{"start":{"line":26,"column":22},"end":{"line":28,"column":18}},"8":{"start":{"line":27,"column":31},"end":{"line":27,"column":63}},"9":{"start":{"line":30,"column":4},"end":{"line":30,"column":28}},"10":{"start":{"line":37,"column":4},"end":{"line":40,"column":31}},"11":{"start":{"line":47,"column":28},"end":{"line":47,"column":30}},"12":{"start":{"line":48,"column":22},"end":{"line":48,"column":49}},"13":{"start":{"line":51,"column":4},"end":{"line":51,"column":55}},"14":{"start":{"line":52,"column":4},"end":{"line":52,"column":55}},"15":{"start":{"line":54,"column":4},"end":{"line":91,"column":5}},"16":{"start":{"line":57,"column":22},"end":{"line":57,"column":59}},"17":{"start":{"line":58,"column":12},"end":{"line":58,"column":84}},"18":{"start":{"line":59,"column":12},"end":{"line":59,"column":18}},"19":{"start":{"line":63,"column":22},"end":{"line":63,"column":47}},"20":{"start":{"line":64,"column":29},"end":{"line":64,"column":40}},"21":{"start":{"line":67,"column":30},"end":{"line":70,"column":null}},"22":{"start":{"line":74,"column":12},"end":{"line":76,"column":15}},"23":{"start":{"line":75,"column":16},"end":{"line":75,"column":45}},"24":{"start":{"line":78,"column":32},"end":{"line":78,"column":64}},"25":{"start":{"line":81,"column":12},"end":{"line":81,"column":83}},"26":{"start":{"line":82,"column":12},"end":{"line":82,"column":87}},"27":{"start":{"line":85,"column":12},"end":{"line":85,"column":93}},"28":{"start":{"line":86,"column":12},"end":{"line":86,"column":93}},"29":{"start":{"line":87,"column":12},"end":{"line":87,"column":93}},"30":{"start":{"line":88,"column":12},"end":{"line":88,"column":93}},"31":{"start":{"line":89,"column":12},"end":{"line":89,"column":18}},"32":{"start":{"line":93,"column":4},"end":{"line":93,"column":28}},"33":{"start":{"line":100,"column":4},"end":{"line":102,"column":5}},"34":{"start":{"line":101,"column":8},"end":{"line":101,"column":18}},"35":{"start":{"line":104,"column":22},"end":{"line":104,"column":65}},"36":{"start":{"line":104,"column":44},"end":{"line":104,"column":64}},"37":{"start":{"line":105,"column":4},"end":{"line":105,"column":41}},"38":{"start":{"line":113,"column":4},"end":{"line":115,"column":5}},"39":{"start":{"line":114,"column":8},"end":{"line":114,"column":20}},"40":{"start":{"line":118,"column":18},"end":{"line":118,"column":102}},"41":{"start":{"line":119,"column":4},"end":{"line":121,"column":5}},"42":{"start":{"line":120,"column":8},"end":{"line":120,"column":20}},"43":{"start":{"line":123,"column":17},"end":{"line":123,"column":25}},"44":{"start":{"line":124,"column":22},"end":{"line":124,"column":30}},"45":{"start":{"line":125,"column":18},"end":{"line":125,"column":38}},"46":{"start":{"line":128,"column":27},"end":{"line":128,"column":29}},"47":{"start":{"line":129,"column":4},"end":{"line":139,"column":5}},"48":{"start":{"line":130,"column":30},"end":{"line":130,"column":52}},"49":{"start":{"line":131,"column":27},"end":{"line":131,"column":85}},"50":{"start":{"line":133,"column":8},"end":{"line":138,"column":9}},"51":{"start":{"line":134,"column":12},"end":{"line":137,"column":15}},"52":{"start":{"line":135,"column":35},"end":{"line":135,"column":50}},"53":{"start":{"line":136,"column":16},"end":{"line":136,"column":47}},"54":{"start":{"line":141,"column":4},"end":{"line":141,"column":35}}},"fnMap":{"0":{"name":"formatLabels","decl":{"start":{"line":20,"column":9},"end":{"line":20,"column":21}},"loc":{"start":{"line":20,"column":36},"end":{"line":31,"column":1}}},"1":{"name":"(anonymous_1)","decl":{"start":{"line":27,"column":13},"end":{"line":27,"column":14}},"loc":{"start":{"line":27,"column":31},"end":{"line":27,"column":63}}},"2":{"name":"escapeLabel","decl":{"start":{"line":36,"column":9},"end":{"line":36,"column":20}},"loc":{"start":{"line":36,"column":34},"end":{"line":41,"column":1}}},"3":{"name":"formatMetric","decl":{"start":{"line":46,"column":9},"end":{"line":46,"column":21}},"loc":{"start":{"line":46,"column":36},"end":{"line":94,"column":1}}},"4":{"name":"(anonymous_4)","decl":{"start":{"line":74,"column":35},"end":{"line":74,"column":38}},"loc":{"start":{"line":74,"column":41},"end":{"line":76,"column":13}}},"5":{"name":"exportPrometheus","decl":{"start":{"line":99,"column":16},"end":{"line":99,"column":32}},"loc":{"start":{"line":99,"column":50},"end":{"line":106,"column":1}}},"6":{"name":"(anonymous_6)","decl":{"start":{"line":104,"column":34},"end":{"line":104,"column":40}},"loc":{"start":{"line":104,"column":44},"end":{"line":104,"column":64}}},"7":{"name":"parsePrometheusLine","decl":{"start":{"line":111,"column":16},"end":{"line":111,"column":35}},"loc":{"start":{"line":111,"column":48},"end":{"line":142,"column":1}}},"8":{"name":"(anonymous_8)","decl":{"start":{"line":134,"column":31},"end":{"line":134,"column":35}},"loc":{"start":{"line":134,"column":38},"end":{"line":137,"column":13}}}},"branchMap":{"0":{"loc":{"start":{"line":22,"column":4},"end":{"line":24,"column":5}},"type":"if","locations":[{"start":{"line":22,"column":4},"end":{"line":24,"column":5}},{"start":{},"end":{}}]},"1":{"loc":{"start":{"line":54,"column":4},"end":{"line":91,"column":5}},"type":"switch","locations":[{"start":{"line":55,"column":8},"end":{"line":55,"column":32}},{"start":{"line":56,"column":8},"end":{"line":60,"column":9}},{"start":{"line":62,"column":8},"end":{"line":90,"column":9}}]},"2":{"loc":{"start":{"line":100,"column":4},"end":{"line":102,"column":5}},"type":"if","locations":[{"start":{"line":100,"column":4},"end":{"line":102,"column":5}},{"start":{},"end":{}}]},"3":{"loc":{"start":{"line":113,"column":4},"end":{"line":115,"column":5}},"type":"if","locations":[{"start":{"line":113,"column":4},"end":{"line":115,"column":5}},{"start":{},"end":{}}]},"4":{"loc":{"start":{"line":113,"column":8},"end":{"line":113,"column":50}},"type":"binary-expr","locations":[{"start":{"line":113,"column":8},"end":{"line":113,"column":28}},{"start":{"line":113,"column":32},"end":{"line":113,"column":50}}]},"5":{"loc":{"start":{"line":119,"column":4},"end":{"line":121,"column":5}},"type":"if","locations":[{"start":{"line":119,"column":4},"end":{"line":121,"column":5}},{"start":{},"end":{}}]},"6":{"loc":{"start":{"line":129,"column":4},"end":{"line":139,"column":5}},"type":"if","locations":[{"start":{"line":129,"column":4},"end":{"line":139,"column":5}},{"start":{},"end":{}}]},"7":{"loc":{"start":{"line":129,"column":8},"end":{"line":129,"column":41}},"type":"binary-expr","locations":[{"start":{"line":129,"column":8},"end":{"line":129,"column":17}},{"start":{"line":129,"column":21},"end":{"line":129,"column":41}}]},"8":{"loc":{"start":{"line":133,"column":8},"end":{"line":138,"column":9}},"type":"if","locations":[{"start":{"line":133,"column":8},"end":{"line":138,"column":9}},{"start":{},"end":{}}]}},"s":{"0":1,"1":1,"2":1,"3":1,"4":4,"5":4,"6":3,"7":1,"8":2,"9":1,"10":2,"11":4,"12":4,"13":4,"14":4,"15":4,"16":3,"17":3,"18":3,"19":1,"20":1,"21":1,"22":1,"23":2,"24":1,"25":1,"26":1,"27":1,"28":1,"29":1,"30":1,"31":1,"32":4,"33":4,"34":0,"35":4,"36":4,"37":4,"38":3,"39":1,"40":2,"41":2,"42":0,"43":2,"44":2,"45":2,"46":2,"47":2,"48":1,"49":1,"50":1,"51":1,"52":2,"53":2,"54":2},"f":{"0":4,"1":2,"2":2,"3":4,"4":2,"5":4,"6":4,"7":3,"8":2},"b":{"0":[3,1],"1":[2,3,1],"2":[0,4],"3":[1,2],"4":[3,2],"5":[0,2],"6":[1,1],"7":[2,1],"8":[1,0]}}
,"/home/runner/work/objectos/objectos/packages/plugins/metrics/src/types.ts": {"path":"/home/runner/work/objectos/objectos/packages/plugins/metrics/src/types.ts","statementMap":{"0":{"start":{"line":10,"column":0},"end":{"line":10,"column":null}},"1":{"start":{"line":12,"column":4},"end":{"line":12,"column":null}},"2":{"start":{"line":14,"column":4},"end":{"line":14,"column":null}},"3":{"start":{"line":16,"column":4},"end":{"line":16,"column":null}}},"fnMap":{"0":{"name":"(anonymous_0)","decl":{"start":{"line":10,"column":0},"end":{"line":10,"column":12}},"loc":{"start":{"line":10,"column":22},"end":{"line":17,"column":1}}}},"branchMap":{"0":{"loc":{"start":{"line":10,"column":12},"end":{"line":10,"column":null}},"type":"binary-expr","locations":[{"start":{"line":10,"column":12},"end":{"line":10,"column":22}},{"start":{"line":10,"column":22},"end":{"line":10,"column":null}}]}},"s":{"0":1,"1":1,"2":1,"3":1},"f":{"0":1},"b":{"0":[1,1]}}
}
