{"/home/runner/work/objectos/objectos/packages/plugins/automation/src/actions.ts": {"path":"/home/runner/work/objectos/objectos/packages/plugins/automation/src/actions.ts","statementMap":{"0":{"start":{"line":42,"column":8},"end":{"line":42,"column":48}},"1":{"start":{"line":43,"column":8},"end":{"line":43,"column":47}},"2":{"start":{"line":44,"column":8},"end":{"line":44,"column":57}},"3":{"start":{"line":45,"column":8},"end":{"line":45,"column":55}},"4":{"start":{"line":46,"column":8},"end":{"line":46,"column":77}},"5":{"start":{"line":47,"column":8},"end":{"line":47,"column":66}},"6":{"start":{"line":56,"column":8},"end":{"line":56,"column":42}},"7":{"start":{"line":65,"column":8},"end":{"line":65,"column":43}},"8":{"start":{"line":72,"column":8},"end":{"line":72,"column":40}},"9":{"start":{"line":79,"column":26},"end":{"line":79,"column":36}},"10":{"start":{"line":81,"column":8},"end":{"line":119,"column":9}},"11":{"start":{"line":84,"column":12},"end":{"line":107,"column":13}},"12":{"start":{"line":86,"column":20},"end":{"line":86,"column":76}},"13":{"start":{"line":87,"column":20},"end":{"line":87,"column":26}},"14":{"start":{"line":90,"column":20},"end":{"line":90,"column":77}},"15":{"start":{"line":91,"column":20},"end":{"line":91,"column":26}},"16":{"start":{"line":94,"column":20},"end":{"line":94,"column":74}},"17":{"start":{"line":95,"column":20},"end":{"line":95,"column":26}},"18":{"start":{"line":98,"column":20},"end":{"line":98,"column":76}},"19":{"start":{"line":99,"column":20},"end":{"line":99,"column":26}},"20":{"start":{"line":102,"column":20},"end":{"line":102,"column":71}},"21":{"start":{"line":103,"column":20},"end":{"line":103,"column":26}},"22":{"start":{"line":106,"column":20},"end":{"line":106,"column":84}},"23":{"start":{"line":109,"column":29},"end":{"line":109,"column":51}},"24":{"start":{"line":110,"column":12},"end":{"line":112,"column":14}},"25":{"start":{"line":114,"column":12},"end":{"line":114,"column":26}},"26":{"start":{"line":116,"column":33},"end":{"line":116,"column":89}},"27":{"start":{"line":117,"column":12},"end":{"line":117,"column":86}},"28":{"start":{"line":118,"column":12},"end":{"line":118,"column":24}},"29":{"start":{"line":129,"column":8},"end":{"line":131,"column":9}},"30":{"start":{"line":130,"column":12},"end":{"line":130,"column":67}},"31":{"start":{"line":133,"column":25},"end":{"line":133,"column":72}},"32":{"start":{"line":134,"column":23},"end":{"line":134,"column":69}},"33":{"start":{"line":136,"column":8},"end":{"line":136,"column":75}},"34":{"start":{"line":138,"column":8},"end":{"line":140,"column":10}},"35":{"start":{"line":150,"column":8},"end":{"line":152,"column":9}},"36":{"start":{"line":151,"column":12},"end":{"line":151,"column":68}},"37":{"start":{"line":154,"column":23},"end":{"line":154,"column":69}},"38":{"start":{"line":156,"column":23},"end":{"line":156,"column":80}},"39":{"start":{"line":158,"column":8},"end":{"line":158,"column":89}},"40":{"start":{"line":160,"column":8},"end":{"line":160,"column":22}},"41":{"start":{"line":170,"column":8},"end":{"line":172,"column":9}},"42":{"start":{"line":171,"column":12},"end":{"line":171,"column":58}},"43":{"start":{"line":174,"column":8},"end":{"line":179,"column":9}},"44":{"start":{"line":175,"column":12},"end":{"line":175,"column":48}},"45":{"start":{"line":178,"column":12},"end":{"line":178,"column":80}},"46":{"start":{"line":181,"column":27},"end":{"line":181,"column":86}},"47":{"start":{"line":182,"column":8},"end":{"line":182,"column":88}},"48":{"start":{"line":192,"column":8},"end":{"line":194,"column":9}},"49":{"start":{"line":193,"column":12},"end":{"line":193,"column":57}},"50":{"start":{"line":196,"column":24},"end":{"line":196,"column":63}},"51":{"start":{"line":198,"column":27},"end":{"line":198,"column":48}},"52":{"start":{"line":199,"column":26},"end":{"line":199,"column":71}},"53":{"start":{"line":199,"column":43},"end":{"line":199,"column":61}},"54":{"start":{"line":201,"column":8},"end":{"line":225,"column":9}},"55":{"start":{"line":202,"column":29},"end":{"line":207,"column":14}},"56":{"start":{"line":209,"column":12},"end":{"line":209,"column":36}},"57":{"start":{"line":211,"column":12},"end":{"line":213,"column":13}},"58":{"start":{"line":212,"column":16},"end":{"line":212,"column":83}},"59":{"start":{"line":215,"column":27},"end":{"line":215,"column":77}},"60":{"start":{"line":215,"column":61},"end":{"line":215,"column":76}},"61":{"start":{"line":217,"column":12},"end":{"line":219,"column":14}},"62":{"start":{"line":221,"column":12},"end":{"line":221,"column":26}},"63":{"start":{"line":223,"column":12},"end":{"line":223,"column":36}},"64":{"start":{"line":224,"column":12},"end":{"line":224,"column":24}},"65":{"start":{"line":235,"column":8},"end":{"line":237,"column":9}},"66":{"start":{"line":236,"column":12},"end":{"line":236,"column":60}},"67":{"start":{"line":240,"column":30},"end":{"line":243,"column":10}},"68":{"start":{"line":245,"column":8},"end":{"line":261,"column":9}},"69":{"start":{"line":251,"column":23},"end":{"line":251,"column":57}},"70":{"start":{"line":252,"column":27},"end":{"line":252,"column":67}},"71":{"start":{"line":254,"column":12},"end":{"line":254,"column":64}},"72":{"start":{"line":256,"column":12},"end":{"line":256,"column":26}},"73":{"start":{"line":258,"column":33},"end":{"line":258,"column":99}},"74":{"start":{"line":259,"column":12},"end":{"line":259,"column":76}},"75":{"start":{"line":260,"column":12},"end":{"line":260,"column":24}},"76":{"start":{"line":268,"column":8},"end":{"line":270,"column":9}},"77":{"start":{"line":269,"column":12},"end":{"line":269,"column":25}},"78":{"start":{"line":273,"column":8},"end":{"line":277,"column":11}},"79":{"start":{"line":274,"column":33},"end":{"line":274,"column":45}},"80":{"start":{"line":275,"column":31},"end":{"line":275,"column":85}},"81":{"start":{"line":276,"column":12},"end":{"line":276,"column":73}},"82":{"start":{"line":284,"column":44},"end":{"line":284,"column":46}},"83":{"start":{"line":286,"column":8},"end":{"line":292,"column":9}},"84":{"start":{"line":287,"column":12},"end":{"line":291,"column":13}},"85":{"start":{"line":288,"column":16},"end":{"line":288,"column":68}},"86":{"start":{"line":290,"column":16},"end":{"line":290,"column":36}},"87":{"start":{"line":294,"column":8},"end":{"line":294,"column":22}},"88":{"start":{"line":301,"column":8},"end":{"line":301,"column":79}},"89":{"start":{"line":301,"column":57},"end":{"line":301,"column":72}},"90":{"start":{"line":21,"column":0},"end":{"line":21,"column":13}}},"fnMap":{"0":{"name":"(anonymous_0)","decl":{"start":{"line":34,"column":4},"end":{"line":34,"column":16}},"loc":{"start":{"line":41,"column":10},"end":{"line":48,"column":5}}},"1":{"name":"(anonymous_1)","decl":{"start":{"line":53,"column":4},"end":{"line":53,"column":25}},"loc":{"start":{"line":54,"column":101},"end":{"line":57,"column":5}}},"2":{"name":"(anonymous_2)","decl":{"start":{"line":62,"column":4},"end":{"line":62,"column":26}},"loc":{"start":{"line":63,"column":82},"end":{"line":66,"column":5}}},"3":{"name":"(anonymous_3)","decl":{"start":{"line":71,"column":4},"end":{"line":71,"column":23}},"loc":{"start":{"line":71,"column":81},"end":{"line":73,"column":5}}},"4":{"name":"(anonymous_4)","decl":{"start":{"line":78,"column":4},"end":{"line":78,"column":9}},"loc":{"start":{"line":78,"column":72},"end":{"line":120,"column":5}}},"5":{"name":"(anonymous_5)","decl":{"start":{"line":125,"column":12},"end":{"line":125,"column":17}},"loc":{"start":{"line":127,"column":34},"end":{"line":141,"column":5}}},"6":{"name":"(anonymous_6)","decl":{"start":{"line":146,"column":12},"end":{"line":146,"column":17}},"loc":{"start":{"line":148,"column":34},"end":{"line":161,"column":5}}},"7":{"name":"(anonymous_7)","decl":{"start":{"line":166,"column":12},"end":{"line":166,"column":17}},"loc":{"start":{"line":168,"column":34},"end":{"line":183,"column":5}}},"8":{"name":"(anonymous_8)","decl":{"start":{"line":188,"column":12},"end":{"line":188,"column":17}},"loc":{"start":{"line":190,"column":34},"end":{"line":226,"column":5}}},"9":{"name":"(anonymous_9)","decl":{"start":{"line":199,"column":37},"end":{"line":199,"column":40}},"loc":{"start":{"line":199,"column":43},"end":{"line":199,"column":61}}},"10":{"name":"(anonymous_10)","decl":{"start":{"line":215,"column":55},"end":{"line":215,"column":58}},"loc":{"start":{"line":215,"column":61},"end":{"line":215,"column":76}}},"11":{"name":"(anonymous_11)","decl":{"start":{"line":231,"column":12},"end":{"line":231,"column":17}},"loc":{"start":{"line":233,"column":34},"end":{"line":262,"column":5}}},"12":{"name":"(anonymous_12)","decl":{"start":{"line":267,"column":12},"end":{"line":267,"column":28}},"loc":{"start":{"line":267,"column":70},"end":{"line":278,"column":5}}},"13":{"name":"(anonymous_13)","decl":{"start":{"line":273,"column":49},"end":{"line":273,"column":50}},"loc":{"start":{"line":273,"column":66},"end":{"line":277,"column":9}}},"14":{"name":"(anonymous_14)","decl":{"start":{"line":283,"column":12},"end":{"line":283,"column":29}},"loc":{"start":{"line":283,"column":85},"end":{"line":295,"column":5}}},"15":{"name":"(anonymous_15)","decl":{"start":{"line":300,"column":12},"end":{"line":300,"column":26}},"loc":{"start":{"line":300,"column":49},"end":{"line":302,"column":5}}},"16":{"name":"(anonymous_16)","decl":{"start":{"line":301,"column":38},"end":{"line":301,"column":39}},"loc":{"start":{"line":301,"column":57},"end":{"line":301,"column":72}}}},"branchMap":{"0":{"loc":{"start":{"line":34,"column":16},"end":{"line":41,"column":10}},"type":"default-arg","locations":[{"start":{"line":41,"column":8},"end":{"line":41,"column":10}}]},"1":{"loc":{"start":{"line":42,"column":22},"end":{"line":42,"column":47}},"type":"binary-expr","locations":[{"start":{"line":42,"column":22},"end":{"line":42,"column":36}},{"start":{"line":42,"column":40},"end":{"line":42,"column":47}}]},"2":{"loc":{"start":{"line":47,"column":32},"end":{"line":47,"column":65}},"type":"binary-expr","locations":[{"start":{"line":47,"column":32},"end":{"line":47,"column":56}},{"start":{"line":47,"column":60},"end":{"line":47,"column":65}}]},"3":{"loc":{"start":{"line":84,"column":12},"end":{"line":107,"column":13}},"type":"switch","locations":[{"start":{"line":85,"column":16},"end":{"line":87,"column":26}},{"start":{"line":89,"column":16},"end":{"line":91,"column":26}},{"start":{"line":93,"column":16},"end":{"line":95,"column":26}},{"start":{"line":97,"column":16},"end":{"line":99,"column":26}},{"start":{"line":101,"column":16},"end":{"line":103,"column":26}},{"start":{"line":105,"column":16},"end":{"line":106,"column":84}}]},"4":{"loc":{"start":{"line":116,"column":33},"end":{"line":116,"column":89}},"type":"cond-expr","locations":[{"start":{"line":116,"column":58},"end":{"line":116,"column":71}},{"start":{"line":116,"column":74},"end":{"line":116,"column":89}}]},"5":{"loc":{"start":{"line":129,"column":8},"end":{"line":131,"column":9}},"type":"if","locations":[{"start":{"line":129,"column":8},"end":{"line":131,"column":9}},{"start":{},"end":{}}]},"6":{"loc":{"start":{"line":150,"column":8},"end":{"line":152,"column":9}},"type":"if","locations":[{"start":{"line":150,"column":8},"end":{"line":152,"column":9}},{"start":{},"end":{}}]},"7":{"loc":{"start":{"line":170,"column":8},"end":{"line":172,"column":9}},"type":"if","locations":[{"start":{"line":170,"column":8},"end":{"line":172,"column":9}},{"start":{},"end":{}}]},"8":{"loc":{"start":{"line":174,"column":8},"end":{"line":179,"column":9}},"type":"if","locations":[{"start":{"line":174,"column":8},"end":{"line":179,"column":9}},{"start":{"line":176,"column":15},"end":{"line":179,"column":9}}]},"9":{"loc":{"start":{"line":181,"column":27},"end":{"line":181,"column":86}},"type":"cond-expr","locations":[{"start":{"line":181,"column":54},"end":{"line":181,"column":74}},{"start":{"line":181,"column":77},"end":{"line":181,"column":86}}]},"10":{"loc":{"start":{"line":192,"column":8},"end":{"line":194,"column":9}},"type":"if","locations":[{"start":{"line":192,"column":8},"end":{"line":194,"column":9}},{"start":{},"end":{}}]},"11":{"loc":{"start":{"line":196,"column":24},"end":{"line":196,"column":63}},"type":"binary-expr","locations":[{"start":{"line":196,"column":24},"end":{"line":196,"column":38}},{"start":{"line":196,"column":42},"end":{"line":196,"column":63}}]},"12":{"loc":{"start":{"line":205,"column":22},"end":{"line":205,"column":75}},"type":"cond-expr","locations":[{"start":{"line":205,"column":36},"end":{"line":205,"column":63}},{"start":{"line":205,"column":66},"end":{"line":205,"column":75}}]},"13":{"loc":{"start":{"line":211,"column":12},"end":{"line":213,"column":13}},"type":"if","locations":[{"start":{"line":211,"column":12},"end":{"line":213,"column":13}},{"start":{},"end":{}}]},"14":{"loc":{"start":{"line":235,"column":8},"end":{"line":237,"column":9}},"type":"if","locations":[{"start":{"line":235,"column":8},"end":{"line":237,"column":9}},{"start":{},"end":{}}]},"15":{"loc":{"start":{"line":258,"column":33},"end":{"line":258,"column":99}},"type":"cond-expr","locations":[{"start":{"line":258,"column":58},"end":{"line":258,"column":71}},{"start":{"line":258,"column":74},"end":{"line":258,"column":99}}]},"16":{"loc":{"start":{"line":268,"column":8},"end":{"line":270,"column":9}},"type":"if","locations":[{"start":{"line":268,"column":8},"end":{"line":270,"column":9}},{"start":{},"end":{}}]},"17":{"loc":{"start":{"line":276,"column":19},"end":{"line":276,"column":72}},"type":"cond-expr","locations":[{"start":{"line":276,"column":46},"end":{"line":276,"column":64}},{"start":{"line":276,"column":67},"end":{"line":276,"column":72}}]},"18":{"loc":{"start":{"line":287,"column":12},"end":{"line":291,"column":13}},"type":"if","locations":[{"start":{"line":287,"column":12},"end":{"line":291,"column":13}},{"start":{"line":289,"column":19},"end":{"line":291,"column":13}}]}},"s":{"0":41,"1":41,"2":41,"3":41,"4":41,"5":41,"6":6,"7":1,"8":2,"9":21,"10":21,"11":21,"12":7,"13":5,"14":2,"15":1,"16":3,"17":2,"18":4,"19":1,"20":4,"21":2,"22":1,"23":11,"24":11,"25":11,"26":10,"27":10,"28":10,"29":7,"30":1,"31":6,"32":6,"33":6,"34":5,"35":2,"36":1,"37":1,"38":1,"39":1,"40":1,"41":3,"42":1,"43":2,"44":2,"45":0,"46":2,"47":2,"48":4,"49":1,"50":3,"51":3,"52":3,"53":0,"54":3,"55":3,"56":3,"57":3,"58":1,"59":2,"60":0,"61":1,"62":1,"63":2,"64":2,"65":4,"66":1,"67":3,"68":3,"69":3,"70":3,"71":2,"72":2,"73":1,"74":1,"75":1,"76":16,"77":0,"78":16,"79":8,"80":8,"81":8,"82":7,"83":7,"84":10,"85":10,"86":0,"87":7,"88":8,"89":19,"90":2},"f":{"0":41,"1":6,"2":1,"3":2,"4":21,"5":7,"6":2,"7":3,"8":4,"9":0,"10":0,"11":4,"12":16,"13":8,"14":7,"15":8,"16":19},"b":{"0":[0],"1":[41,21],"2":[41,23],"3":[7,2,3,4,4,1],"4":[10,0],"5":[1,6],"6":[1,1],"7":[1,2],"8":[2,0],"9":[1,1],"10":[1,3],"11":[3,3],"12":[1,2],"13":[1,2],"14":[1,3],"15":[1,0],"16":[0,16],"17":[7,1],"18":[10,0]}}
,"/home/runner/work/objectos/objectos/packages/plugins/automation/src/formulas.ts": {"path":"/home/runner/work/objectos/objectos/packages/plugins/automation/src/formulas.ts","statementMap":{"0":{"start":{"line":22,"column":12},"end":{"line":22,"column":64}},"1":{"start":{"line":31,"column":8},"end":{"line":31,"column":40}},"2":{"start":{"line":40,"column":8},"end":{"line":40,"column":43}},"3":{"start":{"line":51,"column":8},"end":{"line":63,"column":9}},"4":{"start":{"line":53,"column":16},"end":{"line":53,"column":77}},"5":{"start":{"line":56,"column":16},"end":{"line":56,"column":85}},"6":{"start":{"line":59,"column":16},"end":{"line":59,"column":78}},"7":{"start":{"line":62,"column":16},"end":{"line":62,"column":89}},"8":{"start":{"line":73,"column":8},"end":{"line":89,"column":9}},"9":{"start":{"line":75,"column":28},"end":{"line":75,"column":41}},"10":{"start":{"line":82,"column":27},"end":{"line":82,"column":78}},"11":{"start":{"line":85,"column":12},"end":{"line":85,"column":61}},"12":{"start":{"line":87,"column":12},"end":{"line":87,"column":88}},"13":{"start":{"line":88,"column":12},"end":{"line":88,"column":24}},"14":{"start":{"line":100,"column":8},"end":{"line":136,"column":9}},"15":{"start":{"line":104,"column":12},"end":{"line":118,"column":13}},"16":{"start":{"line":106,"column":42},"end":{"line":106,"column":74}},"17":{"start":{"line":107,"column":16},"end":{"line":109,"column":18}},"18":{"start":{"line":108,"column":25},"end":{"line":108,"column":74}},"19":{"start":{"line":110,"column":19},"end":{"line":118,"column":13}},"20":{"start":{"line":112,"column":31},"end":{"line":114,"column":18}},"21":{"start":{"line":115,"column":16},"end":{"line":115,"column":94}},"22":{"start":{"line":117,"column":16},"end":{"line":117,"column":83}},"23":{"start":{"line":121,"column":12},"end":{"line":125,"column":13}},"24":{"start":{"line":122,"column":16},"end":{"line":124,"column":18}},"25":{"start":{"line":123,"column":20},"end":{"line":123,"column":66}},"26":{"start":{"line":128,"column":12},"end":{"line":132,"column":14}},"27":{"start":{"line":134,"column":12},"end":{"line":134,"column":72}},"28":{"start":{"line":135,"column":12},"end":{"line":135,"column":24}},"29":{"start":{"line":146,"column":20},"end":{"line":146,"column":59}},"30":{"start":{"line":147,"column":30},"end":{"line":147,"column":92}},"31":{"start":{"line":150,"column":8},"end":{"line":150,"column":60}},"32":{"start":{"line":153,"column":23},"end":{"line":153,"column":41}},"33":{"start":{"line":154,"column":26},"end":{"line":154,"column":72}},"34":{"start":{"line":157,"column":21},"end":{"line":157,"column":23}},"35":{"start":{"line":158,"column":8},"end":{"line":160,"column":9}},"36":{"start":{"line":159,"column":12},"end":{"line":159,"column":36}},"37":{"start":{"line":161,"column":8},"end":{"line":161,"column":28}},"38":{"start":{"line":162,"column":8},"end":{"line":164,"column":9}},"39":{"start":{"line":163,"column":12},"end":{"line":163,"column":36}},"40":{"start":{"line":166,"column":8},"end":{"line":166,"column":22}},"41":{"start":{"line":175,"column":28},"end":{"line":175,"column":38}},"42":{"start":{"line":178,"column":8},"end":{"line":184,"column":11}},"43":{"start":{"line":179,"column":26},"end":{"line":179,"column":47}},"44":{"start":{"line":180,"column":12},"end":{"line":182,"column":13}},"45":{"start":{"line":181,"column":16},"end":{"line":181,"column":27}},"46":{"start":{"line":183,"column":12},"end":{"line":183,"column":76}},"47":{"start":{"line":188,"column":8},"end":{"line":196,"column":9}},"48":{"start":{"line":191,"column":23},"end":{"line":191,"column":62}},"49":{"start":{"line":192,"column":12},"end":{"line":192,"column":24}},"50":{"start":{"line":194,"column":12},"end":{"line":194,"column":85}},"51":{"start":{"line":195,"column":12},"end":{"line":195,"column":24}},"52":{"start":{"line":203,"column":8},"end":{"line":218,"column":9}},"53":{"start":{"line":205,"column":16},"end":{"line":205,"column":37}},"54":{"start":{"line":208,"column":16},"end":{"line":208,"column":37}},"55":{"start":{"line":211,"column":16},"end":{"line":211,"column":38}},"56":{"start":{"line":214,"column":16},"end":{"line":214,"column":71}},"57":{"start":{"line":217,"column":16},"end":{"line":217,"column":29}},"58":{"start":{"line":229,"column":8},"end":{"line":231,"column":9}},"59":{"start":{"line":230,"column":12},"end":{"line":230,"column":52}},"60":{"start":{"line":233,"column":23},"end":{"line":233,"column":92}},"61":{"start":{"line":233,"column":40},"end":{"line":233,"column":48}},"62":{"start":{"line":233,"column":62},"end":{"line":233,"column":91}},"63":{"start":{"line":235,"column":8},"end":{"line":256,"column":9}},"64":{"start":{"line":237,"column":16},"end":{"line":237,"column":37}},"65":{"start":{"line":240,"column":16},"end":{"line":240,"column":73}},"66":{"start":{"line":240,"column":51},"end":{"line":240,"column":68}},"67":{"start":{"line":243,"column":16},"end":{"line":243,"column":53}},"68":{"start":{"line":243,"column":41},"end":{"line":243,"column":53}},"69":{"start":{"line":244,"column":16},"end":{"line":244,"column":89}},"70":{"start":{"line":244,"column":51},"end":{"line":244,"column":68}},"71":{"start":{"line":247,"column":16},"end":{"line":247,"column":53}},"72":{"start":{"line":247,"column":41},"end":{"line":247,"column":53}},"73":{"start":{"line":248,"column":16},"end":{"line":248,"column":63}},"74":{"start":{"line":248,"column":51},"end":{"line":248,"column":60}},"75":{"start":{"line":251,"column":16},"end":{"line":251,"column":53}},"76":{"start":{"line":251,"column":41},"end":{"line":251,"column":53}},"77":{"start":{"line":252,"column":16},"end":{"line":252,"column":63}},"78":{"start":{"line":252,"column":51},"end":{"line":252,"column":60}},"79":{"start":{"line":255,"column":16},"end":{"line":255,"column":74}},"80":{"start":{"line":263,"column":8},"end":{"line":267,"column":9}},"81":{"start":{"line":264,"column":12},"end":{"line":266,"column":13}},"82":{"start":{"line":265,"column":16},"end":{"line":265,"column":29}},"83":{"start":{"line":268,"column":8},"end":{"line":268,"column":20}},"84":{"start":{"line":275,"column":27},"end":{"line":275,"column":50}},"85":{"start":{"line":277,"column":8},"end":{"line":301,"column":9}},"86":{"start":{"line":279,"column":16},"end":{"line":279,"column":54}},"87":{"start":{"line":282,"column":16},"end":{"line":282,"column":54}},"88":{"start":{"line":285,"column":16},"end":{"line":285,"column":52}},"89":{"start":{"line":288,"column":16},"end":{"line":288,"column":52}},"90":{"start":{"line":291,"column":16},"end":{"line":291,"column":76}},"91":{"start":{"line":294,"column":16},"end":{"line":294,"column":78}},"92":{"start":{"line":297,"column":16},"end":{"line":297,"column":76}},"93":{"start":{"line":300,"column":16},"end":{"line":300,"column":29}},"94":{"start":{"line":308,"column":20},"end":{"line":308,"column":48}},"95":{"start":{"line":309,"column":8},"end":{"line":309,"column":44}},"96":{"start":{"line":316,"column":20},"end":{"line":316,"column":48}},"97":{"start":{"line":317,"column":8},"end":{"line":317,"column":53}},"98":{"start":{"line":20,"column":0},"end":{"line":20,"column":13}}},"fnMap":{"0":{"name":"(anonymous_0)","decl":{"start":{"line":30,"column":4},"end":{"line":30,"column":16}},"loc":{"start":{"line":30,"column":28},"end":{"line":32,"column":5}}},"1":{"name":"(anonymous_1)","decl":{"start":{"line":37,"column":4},"end":{"line":37,"column":26}},"loc":{"start":{"line":38,"column":68},"end":{"line":41,"column":5}}},"2":{"name":"(anonymous_2)","decl":{"start":{"line":46,"column":4},"end":{"line":46,"column":9}},"loc":{"start":{"line":49,"column":26},"end":{"line":64,"column":5}}},"3":{"name":"(anonymous_3)","decl":{"start":{"line":69,"column":12},"end":{"line":69,"column":36}},"loc":{"start":{"line":71,"column":19},"end":{"line":90,"column":5}}},"4":{"name":"(anonymous_4)","decl":{"start":{"line":95,"column":12},"end":{"line":95,"column":17}},"loc":{"start":{"line":98,"column":26},"end":{"line":137,"column":5}}},"5":{"name":"(anonymous_5)","decl":{"start":{"line":108,"column":20},"end":{"line":108,"column":21}},"loc":{"start":{"line":108,"column":25},"end":{"line":108,"column":74}}},"6":{"name":"(anonymous_6)","decl":{"start":{"line":122,"column":55},"end":{"line":122,"column":56}},"loc":{"start":{"line":123,"column":20},"end":{"line":123,"column":66}}},"7":{"name":"(anonymous_7)","decl":{"start":{"line":142,"column":12},"end":{"line":142,"column":36}},"loc":{"start":{"line":144,"column":29},"end":{"line":167,"column":5}}},"8":{"name":"(anonymous_8)","decl":{"start":{"line":173,"column":12},"end":{"line":173,"column":30}},"loc":{"start":{"line":173,"column":63},"end":{"line":197,"column":5}}},"9":{"name":"(anonymous_9)","decl":{"start":{"line":178,"column":62},"end":{"line":178,"column":63}},"loc":{"start":{"line":178,"column":79},"end":{"line":184,"column":9}}},"10":{"name":"(anonymous_10)","decl":{"start":{"line":202,"column":12},"end":{"line":202,"column":21}},"loc":{"start":{"line":202,"column":46},"end":{"line":219,"column":5}}},"11":{"name":"(anonymous_11)","decl":{"start":{"line":224,"column":12},"end":{"line":224,"column":34}},"loc":{"start":{"line":227,"column":21},"end":{"line":257,"column":5}}},"12":{"name":"(anonymous_12)","decl":{"start":{"line":233,"column":35},"end":{"line":233,"column":36}},"loc":{"start":{"line":233,"column":40},"end":{"line":233,"column":48}}},"13":{"name":"(anonymous_13)","decl":{"start":{"line":233,"column":57},"end":{"line":233,"column":58}},"loc":{"start":{"line":233,"column":62},"end":{"line":233,"column":91}}},"14":{"name":"(anonymous_14)","decl":{"start":{"line":240,"column":37},"end":{"line":240,"column":38}},"loc":{"start":{"line":240,"column":51},"end":{"line":240,"column":68}}},"15":{"name":"(anonymous_15)","decl":{"start":{"line":244,"column":37},"end":{"line":244,"column":38}},"loc":{"start":{"line":244,"column":51},"end":{"line":244,"column":68}}},"16":{"name":"(anonymous_16)","decl":{"start":{"line":248,"column":46},"end":{"line":248,"column":47}},"loc":{"start":{"line":248,"column":51},"end":{"line":248,"column":60}}},"17":{"name":"(anonymous_17)","decl":{"start":{"line":252,"column":46},"end":{"line":252,"column":47}},"loc":{"start":{"line":252,"column":51},"end":{"line":252,"column":60}}},"18":{"name":"(anonymous_18)","decl":{"start":{"line":262,"column":12},"end":{"line":262,"column":30}},"loc":{"start":{"line":262,"column":74},"end":{"line":269,"column":5}}},"19":{"name":"(anonymous_19)","decl":{"start":{"line":274,"column":12},"end":{"line":274,"column":29}},"loc":{"start":{"line":274,"column":70},"end":{"line":302,"column":5}}},"20":{"name":"(anonymous_20)","decl":{"start":{"line":307,"column":4},"end":{"line":307,"column":26}},"loc":{"start":{"line":307,"column":64},"end":{"line":310,"column":5}}},"21":{"name":"(anonymous_21)","decl":{"start":{"line":315,"column":4},"end":{"line":315,"column":24}},"loc":{"start":{"line":315,"column":62},"end":{"line":318,"column":5}}}},"branchMap":{"0":{"loc":{"start":{"line":31,"column":22},"end":{"line":31,"column":39}},"type":"binary-expr","locations":[{"start":{"line":31,"column":22},"end":{"line":31,"column":28}},{"start":{"line":31,"column":32},"end":{"line":31,"column":39}}]},"1":{"loc":{"start":{"line":51,"column":8},"end":{"line":63,"column":9}},"type":"switch","locations":[{"start":{"line":52,"column":12},"end":{"line":53,"column":77}},{"start":{"line":55,"column":12},"end":{"line":56,"column":85}},{"start":{"line":58,"column":12},"end":{"line":59,"column":78}},{"start":{"line":61,"column":12},"end":{"line":62,"column":89}}]},"2":{"loc":{"start":{"line":104,"column":12},"end":{"line":118,"column":13}},"type":"if","locations":[{"start":{"line":104,"column":12},"end":{"line":118,"column":13}},{"start":{"line":110,"column":19},"end":{"line":118,"column":13}}]},"3":{"loc":{"start":{"line":110,"column":19},"end":{"line":118,"column":13}},"type":"if","locations":[{"start":{"line":110,"column":19},"end":{"line":118,"column":13}},{"start":{"line":116,"column":19},"end":{"line":118,"column":13}}]},"4":{"loc":{"start":{"line":121,"column":12},"end":{"line":125,"column":13}},"type":"if","locations":[{"start":{"line":121,"column":12},"end":{"line":125,"column":13}},{"start":{},"end":{}}]},"5":{"loc":{"start":{"line":121,"column":16},"end":{"line":121,"column":65}},"type":"binary-expr","locations":[{"start":{"line":121,"column":16},"end":{"line":121,"column":33}},{"start":{"line":121,"column":37},"end":{"line":121,"column":65}}]},"6":{"loc":{"start":{"line":147,"column":30},"end":{"line":147,"column":92}},"type":"binary-expr","locations":[{"start":{"line":147,"column":30},"end":{"line":147,"column":62}},{"start":{"line":147,"column":66},"end":{"line":147,"column":87}},{"start":{"line":147,"column":91},"end":{"line":147,"column":92}}]},"7":{"loc":{"start":{"line":153,"column":23},"end":{"line":153,"column":41}},"type":"binary-expr","locations":[{"start":{"line":153,"column":23},"end":{"line":153,"column":36}},{"start":{"line":153,"column":40},"end":{"line":153,"column":41}}]},"8":{"loc":{"start":{"line":158,"column":8},"end":{"line":160,"column":9}},"type":"if","locations":[{"start":{"line":158,"column":8},"end":{"line":160,"column":9}},{"start":{},"end":{}}]},"9":{"loc":{"start":{"line":162,"column":8},"end":{"line":164,"column":9}},"type":"if","locations":[{"start":{"line":162,"column":8},"end":{"line":164,"column":9}},{"start":{},"end":{}}]},"10":{"loc":{"start":{"line":180,"column":12},"end":{"line":182,"column":13}},"type":"if","locations":[{"start":{"line":180,"column":12},"end":{"line":182,"column":13}},{"start":{},"end":{}}]},"11":{"loc":{"start":{"line":183,"column":19},"end":{"line":183,"column":75}},"type":"cond-expr","locations":[{"start":{"line":183,"column":47},"end":{"line":183,"column":59}},{"start":{"line":183,"column":62},"end":{"line":183,"column":75}}]},"12":{"loc":{"start":{"line":203,"column":8},"end":{"line":218,"column":9}},"type":"switch","locations":[{"start":{"line":204,"column":12},"end":{"line":205,"column":37}},{"start":{"line":207,"column":12},"end":{"line":208,"column":37}},{"start":{"line":210,"column":12},"end":{"line":211,"column":38}},{"start":{"line":213,"column":12},"end":{"line":214,"column":71}},{"start":{"line":216,"column":12},"end":{"line":217,"column":29}}]},"13":{"loc":{"start":{"line":214,"column":23},"end":{"line":214,"column":70}},"type":"cond-expr","locations":[{"start":{"line":214,"column":47},"end":{"line":214,"column":52}},{"start":{"line":214,"column":55},"end":{"line":214,"column":70}}]},"14":{"loc":{"start":{"line":229,"column":8},"end":{"line":231,"column":9}},"type":"if","locations":[{"start":{"line":229,"column":8},"end":{"line":231,"column":9}},{"start":{},"end":{}}]},"15":{"loc":{"start":{"line":230,"column":19},"end":{"line":230,"column":51}},"type":"cond-expr","locations":[{"start":{"line":230,"column":43},"end":{"line":230,"column":44}},{"start":{"line":230,"column":47},"end":{"line":230,"column":51}}]},"16":{"loc":{"start":{"line":233,"column":62},"end":{"line":233,"column":91}},"type":"binary-expr","locations":[{"start":{"line":233,"column":62},"end":{"line":233,"column":72}},{"start":{"line":233,"column":76},"end":{"line":233,"column":91}}]},"17":{"loc":{"start":{"line":235,"column":8},"end":{"line":256,"column":9}},"type":"switch","locations":[{"start":{"line":236,"column":12},"end":{"line":237,"column":37}},{"start":{"line":239,"column":12},"end":{"line":240,"column":73}},{"start":{"line":242,"column":12},"end":{"line":244,"column":89}},{"start":{"line":246,"column":12},"end":{"line":248,"column":63}},{"start":{"line":250,"column":12},"end":{"line":252,"column":63}},{"start":{"line":254,"column":12},"end":{"line":255,"column":74}}]},"18":{"loc":{"start":{"line":243,"column":16},"end":{"line":243,"column":53}},"type":"if","locations":[{"start":{"line":243,"column":16},"end":{"line":243,"column":53}},{"start":{},"end":{}}]},"19":{"loc":{"start":{"line":247,"column":16},"end":{"line":247,"column":53}},"type":"if","locations":[{"start":{"line":247,"column":16},"end":{"line":247,"column":53}},{"start":{},"end":{}}]},"20":{"loc":{"start":{"line":251,"column":16},"end":{"line":251,"column":53}},"type":"if","locations":[{"start":{"line":251,"column":16},"end":{"line":251,"column":53}},{"start":{},"end":{}}]},"21":{"loc":{"start":{"line":264,"column":12},"end":{"line":266,"column":13}},"type":"if","locations":[{"start":{"line":264,"column":12},"end":{"line":266,"column":13}},{"start":{},"end":{}}]},"22":{"loc":{"start":{"line":277,"column":8},"end":{"line":301,"column":9}},"type":"switch","locations":[{"start":{"line":278,"column":12},"end":{"line":279,"column":54}},{"start":{"line":281,"column":12},"end":{"line":282,"column":54}},{"start":{"line":284,"column":12},"end":{"line":285,"column":52}},{"start":{"line":287,"column":12},"end":{"line":288,"column":52}},{"start":{"line":290,"column":12},"end":{"line":291,"column":76}},{"start":{"line":293,"column":12},"end":{"line":294,"column":78}},{"start":{"line":296,"column":12},"end":{"line":297,"column":76}},{"start":{"line":299,"column":12},"end":{"line":300,"column":29}}]},"23":{"loc":{"start":{"line":317,"column":15},"end":{"line":317,"column":52}},"type":"binary-expr","locations":[{"start":{"line":317,"column":15},"end":{"line":317,"column":47}},{"start":{"line":317,"column":51},"end":{"line":317,"column":52}}]}},"s":{"0":37,"1":37,"2":1,"3":24,"4":6,"5":9,"6":8,"7":1,"8":6,"9":6,"10":6,"11":6,"12":0,"13":0,"14":9,"15":9,"16":7,"17":7,"18":19,"19":2,"20":1,"21":1,"22":1,"23":8,"24":1,"25":0,"26":8,"27":1,"28":1,"29":8,"30":8,"31":8,"32":8,"33":8,"34":8,"35":8,"36":8,"37":8,"38":8,"39":1,"40":8,"41":6,"42":6,"43":9,"44":9,"45":1,"46":8,"47":6,"48":6,"49":4,"50":2,"51":2,"52":6,"53":1,"54":4,"55":1,"56":0,"57":0,"58":8,"59":7,"60":1,"61":2,"62":2,"63":1,"64":0,"65":1,"66":2,"67":0,"68":0,"69":0,"70":0,"71":0,"72":0,"73":0,"74":0,"75":0,"76":0,"77":0,"78":0,"79":0,"80":0,"81":0,"82":0,"83":0,"84":0,"85":0,"86":0,"87":0,"88":0,"89":0,"90":0,"91":0,"92":0,"93":0,"94":1,"95":1,"96":0,"97":0,"98":2},"f":{"0":37,"1":1,"2":24,"3":6,"4":9,"5":19,"6":0,"7":8,"8":6,"9":9,"10":6,"11":8,"12":2,"13":2,"14":2,"15":0,"16":0,"17":0,"18":0,"19":0,"20":1,"21":0},"b":{"0":[37,18],"1":[6,9,8,1],"2":[7,2],"3":[1,1],"4":[1,7],"5":[8,1],"6":[8,5,0],"7":[8,0],"8":[8,0],"9":[1,7],"10":[1,8],"11":[2,6],"12":[1,4,1,0,0],"13":[0,0],"14":[7,1],"15":[2,5],"16":[2,2],"17":[0,1,0,0,0,0],"18":[0,0],"19":[0,0],"20":[0,0],"21":[0,0],"22":[0,0,0,0,0,0,0,0],"23":[0,0]}}
,"/home/runner/work/objectos/objectos/packages/plugins/automation/src/plugin.ts": {"path":"/home/runner/work/objectos/objectos/packages/plugins/automation/src/plugin.ts","statementMap":{"0":{"start":{"line":474,"column":0},"end":{"line":474,"column":16}},"1":{"start":{"line":24,"column":0},"end":{"line":24,"column":54}},"2":{"start":{"line":25,"column":0},"end":{"line":25,"column":43}},"3":{"start":{"line":26,"column":0},"end":{"line":26,"column":43}},"4":{"start":{"line":27,"column":0},"end":{"line":27,"column":43}},"5":{"start":{"line":43,"column":13},"end":{"line":65,"column":2}},"6":{"start":{"line":79,"column":8},"end":{"line":86,"column":10}},"7":{"start":{"line":88,"column":8},"end":{"line":88,"column":73}},"8":{"start":{"line":89,"column":8},"end":{"line":89,"column":49}},"9":{"start":{"line":90,"column":8},"end":{"line":96,"column":11}},"10":{"start":{"line":97,"column":8},"end":{"line":97,"column":49}},"11":{"start":{"line":104,"column":8},"end":{"line":104,"column":31}},"12":{"start":{"line":107,"column":9},"end":{"line":107,"column":60}},"13":{"start":{"line":108,"column":9},"end":{"line":108,"column":61}},"14":{"start":{"line":109,"column":9},"end":{"line":109,"column":60}},"15":{"start":{"line":112,"column":20},"end":{"line":112,"column":53}},"16":{"start":{"line":113,"column":8},"end":{"line":115,"column":9}},"17":{"start":{"line":114,"column":12},"end":{"line":114,"column":57}},"18":{"start":{"line":117,"column":8},"end":{"line":117,"column":76}},"19":{"start":{"line":124,"column":8},"end":{"line":126,"column":9}},"20":{"start":{"line":125,"column":12},"end":{"line":125,"column":19}},"21":{"start":{"line":129,"column":8},"end":{"line":131,"column":11}},"22":{"start":{"line":130,"column":12},"end":{"line":130,"column":62}},"23":{"start":{"line":134,"column":8},"end":{"line":136,"column":11}},"24":{"start":{"line":135,"column":12},"end":{"line":135,"column":62}},"25":{"start":{"line":139,"column":8},"end":{"line":141,"column":11}},"26":{"start":{"line":140,"column":12},"end":{"line":140,"column":62}},"27":{"start":{"line":144,"column":22},"end":{"line":144,"column":98}},"28":{"start":{"line":145,"column":8},"end":{"line":153,"column":9}},"29":{"start":{"line":146,"column":12},"end":{"line":152,"column":13}},"30":{"start":{"line":147,"column":16},"end":{"line":151,"column":18}},"31":{"start":{"line":150,"column":34},"end":{"line":150,"column":67}},"32":{"start":{"line":155,"column":8},"end":{"line":155,"column":84}},"33":{"start":{"line":165,"column":8},"end":{"line":165,"column":41}},"34":{"start":{"line":165,"column":34},"end":{"line":165,"column":41}},"35":{"start":{"line":167,"column":50},"end":{"line":167,"column":54}},"36":{"start":{"line":170,"column":22},"end":{"line":173,"column":10}},"37":{"start":{"line":175,"column":8},"end":{"line":202,"column":9}},"38":{"start":{"line":176,"column":12},"end":{"line":176,"column":58}},"39":{"start":{"line":176,"column":49},"end":{"line":176,"column":58}},"40":{"start":{"line":179,"column":31},"end":{"line":184,"column":null}},"41":{"start":{"line":187,"column":12},"end":{"line":201,"column":13}},"42":{"start":{"line":188,"column":16},"end":{"line":192,"column":19}},"43":{"start":{"line":195,"column":16},"end":{"line":200,"column":19}},"44":{"start":{"line":209,"column":26},"end":{"line":209,"column":36}},"45":{"start":{"line":210,"column":37},"end":{"line":210,"column":39}},"46":{"start":{"line":212,"column":8},"end":{"line":281,"column":9}},"47":{"start":{"line":213,"column":28},"end":{"line":217,"column":14}},"48":{"start":{"line":220,"column":12},"end":{"line":241,"column":13}},"49":{"start":{"line":221,"column":16},"end":{"line":240,"column":17}},"50":{"start":{"line":222,"column":35},"end":{"line":222,"column":91}},"51":{"start":{"line":223,"column":20},"end":{"line":223,"column":87}},"52":{"start":{"line":225,"column":20},"end":{"line":229,"column":23}},"53":{"start":{"line":231,"column":41},"end":{"line":231,"column":97}},"54":{"start":{"line":232,"column":20},"end":{"line":232,"column":101}},"55":{"start":{"line":234,"column":20},"end":{"line":237,"column":22}},"56":{"start":{"line":244,"column":12},"end":{"line":247,"column":15}},"57":{"start":{"line":249,"column":54},"end":{"line":255,"column":14}},"58":{"start":{"line":257,"column":12},"end":{"line":257,"column":63}},"59":{"start":{"line":259,"column":12},"end":{"line":259,"column":26}},"60":{"start":{"line":261,"column":33},"end":{"line":261,"column":89}},"61":{"start":{"line":264,"column":12},"end":{"line":267,"column":15}},"62":{"start":{"line":269,"column":54},"end":{"line":276,"column":14}},"63":{"start":{"line":278,"column":12},"end":{"line":278,"column":61}},"64":{"start":{"line":280,"column":12},"end":{"line":280,"column":26}},"65":{"start":{"line":288,"column":20},"end":{"line":288,"column":59}},"66":{"start":{"line":289,"column":8},"end":{"line":291,"column":9}},"67":{"start":{"line":290,"column":12},"end":{"line":290,"column":43}},"68":{"start":{"line":298,"column":8},"end":{"line":298,"column":42}},"69":{"start":{"line":301,"column":8},"end":{"line":307,"column":9}},"70":{"start":{"line":302,"column":12},"end":{"line":306,"column":14}},"71":{"start":{"line":305,"column":30},"end":{"line":305,"column":63}},"72":{"start":{"line":309,"column":8},"end":{"line":309,"column":87}},"73":{"start":{"line":316,"column":8},"end":{"line":316,"column":40}},"74":{"start":{"line":323,"column":8},"end":{"line":323,"column":46}},"75":{"start":{"line":330,"column":8},"end":{"line":330,"column":48}},"76":{"start":{"line":331,"column":8},"end":{"line":333,"column":10}},"77":{"start":{"line":344,"column":24},"end":{"line":344,"column":76}},"78":{"start":{"line":345,"column":8},"end":{"line":347,"column":9}},"79":{"start":{"line":346,"column":12},"end":{"line":346,"column":77}},"80":{"start":{"line":349,"column":22},"end":{"line":349,"column":80}},"81":{"start":{"line":351,"column":8},"end":{"line":355,"column":11}},"82":{"start":{"line":357,"column":8},"end":{"line":357,"column":21}},"83":{"start":{"line":364,"column":8},"end":{"line":364,"column":34}},"84":{"start":{"line":368,"column":8},"end":{"line":368,"column":35}},"85":{"start":{"line":372,"column":8},"end":{"line":372,"column":34}},"86":{"start":{"line":379,"column":8},"end":{"line":379,"column":38}},"87":{"start":{"line":380,"column":8},"end":{"line":380,"column":66}},"88":{"start":{"line":388,"column":38},"end":{"line":464,"column":1}},"89":{"start":{"line":389,"column":21},"end":{"line":389,"column":57}},"90":{"start":{"line":391,"column":4},"end":{"line":463,"column":6}},"91":{"start":{"line":396,"column":12},"end":{"line":396,"column":69}},"92":{"start":{"line":398,"column":12},"end":{"line":398,"column":80}},"93":{"start":{"line":399,"column":12},"end":{"line":399,"column":72}},"94":{"start":{"line":401,"column":12},"end":{"line":401,"column":77}},"95":{"start":{"line":408,"column":12},"end":{"line":408,"column":67}},"96":{"start":{"line":410,"column":12},"end":{"line":421,"column":13}},"97":{"start":{"line":411,"column":16},"end":{"line":411,"column":51}},"98":{"start":{"line":414,"column":17},"end":{"line":414,"column":67}},"99":{"start":{"line":416,"column":16},"end":{"line":416,"column":80}},"100":{"start":{"line":418,"column":37},"end":{"line":418,"column":93}},"101":{"start":{"line":419,"column":16},"end":{"line":419,"column":101}},"102":{"start":{"line":420,"column":16},"end":{"line":420,"column":92}},"103":{"start":{"line":428,"column":12},"end":{"line":428,"column":68}},"104":{"start":{"line":430,"column":12},"end":{"line":441,"column":13}},"105":{"start":{"line":431,"column":16},"end":{"line":431,"column":42}},"106":{"start":{"line":433,"column":16},"end":{"line":433,"column":63}},"107":{"start":{"line":435,"column":16},"end":{"line":435,"column":85}},"108":{"start":{"line":437,"column":16},"end":{"line":437,"column":81}},"109":{"start":{"line":439,"column":16},"end":{"line":439,"column":89}},"110":{"start":{"line":440,"column":16},"end":{"line":440,"column":28}},"111":{"start":{"line":448,"column":12},"end":{"line":448,"column":71}},"112":{"start":{"line":450,"column":12},"end":{"line":461,"column":13}},"113":{"start":{"line":451,"column":16},"end":{"line":451,"column":42}},"114":{"start":{"line":453,"column":16},"end":{"line":453,"column":61}},"115":{"start":{"line":454,"column":16},"end":{"line":454,"column":62}},"116":{"start":{"line":455,"column":16},"end":{"line":455,"column":55}},"117":{"start":{"line":457,"column":16},"end":{"line":457,"column":99}},"118":{"start":{"line":459,"column":16},"end":{"line":459,"column":91}},"119":{"start":{"line":460,"column":16},"end":{"line":460,"column":28}},"120":{"start":{"line":388,"column":13},"end":{"line":388,"column":38}},"121":{"start":{"line":469,"column":13},"end":{"line":469,"column":75}},"122":{"start":{"line":475,"column":4},"end":{"line":475,"column":42}}},"fnMap":{"0":{"name":"(anonymous_0)","decl":{"start":{"line":78,"column":4},"end":{"line":78,"column":16}},"loc":{"start":{"line":78,"column":51},"end":{"line":98,"column":5}}},"1":{"name":"(anonymous_1)","decl":{"start":{"line":103,"column":4},"end":{"line":103,"column":9}},"loc":{"start":{"line":103,"column":47},"end":{"line":118,"column":5}}},"2":{"name":"(anonymous_2)","decl":{"start":{"line":123,"column":12},"end":{"line":123,"column":17}},"loc":{"start":{"line":123,"column":51},"end":{"line":156,"column":5}}},"3":{"name":"(anonymous_3)","decl":{"start":{"line":129,"column":35},"end":{"line":129,"column":40}},"loc":{"start":{"line":129,"column":55},"end":{"line":131,"column":9}}},"4":{"name":"(anonymous_4)","decl":{"start":{"line":134,"column":35},"end":{"line":134,"column":40}},"loc":{"start":{"line":134,"column":55},"end":{"line":136,"column":9}}},"5":{"name":"(anonymous_5)","decl":{"start":{"line":139,"column":35},"end":{"line":139,"column":40}},"loc":{"start":{"line":139,"column":55},"end":{"line":141,"column":9}}},"6":{"name":"(anonymous_6)","decl":{"start":{"line":150,"column":20},"end":{"line":150,"column":25}},"loc":{"start":{"line":150,"column":31},"end":{"line":150,"column":69}}},"7":{"name":"(anonymous_7)","decl":{"start":{"line":161,"column":12},"end":{"line":161,"column":17}},"loc":{"start":{"line":163,"column":17},"end":{"line":203,"column":5}}},"8":{"name":"(anonymous_8)","decl":{"start":{"line":208,"column":12},"end":{"line":208,"column":17}},"loc":{"start":{"line":208,"column":68},"end":{"line":282,"column":5}}},"9":{"name":"(anonymous_9)","decl":{"start":{"line":287,"column":12},"end":{"line":287,"column":21}},"loc":{"start":{"line":287,"column":46},"end":{"line":292,"column":5}}},"10":{"name":"(anonymous_10)","decl":{"start":{"line":297,"column":4},"end":{"line":297,"column":9}},"loc":{"start":{"line":297,"column":43},"end":{"line":310,"column":5}}},"11":{"name":"(anonymous_11)","decl":{"start":{"line":305,"column":16},"end":{"line":305,"column":21}},"loc":{"start":{"line":305,"column":27},"end":{"line":305,"column":65}}},"12":{"name":"(anonymous_12)","decl":{"start":{"line":315,"column":4},"end":{"line":315,"column":9}},"loc":{"start":{"line":315,"column":28},"end":{"line":317,"column":5}}},"13":{"name":"(anonymous_13)","decl":{"start":{"line":322,"column":4},"end":{"line":322,"column":9}},"loc":{"start":{"line":322,"column":32},"end":{"line":324,"column":5}}},"14":{"name":"(anonymous_14)","decl":{"start":{"line":329,"column":4},"end":{"line":329,"column":9}},"loc":{"start":{"line":329,"column":47},"end":{"line":334,"column":5}}},"15":{"name":"(anonymous_15)","decl":{"start":{"line":339,"column":4},"end":{"line":339,"column":9}},"loc":{"start":{"line":342,"column":19},"end":{"line":358,"column":5}}},"16":{"name":"(anonymous_16)","decl":{"start":{"line":363,"column":4},"end":{"line":363,"column":20}},"loc":{"start":{"line":363,"column":20},"end":{"line":365,"column":5}}},"17":{"name":"(anonymous_17)","decl":{"start":{"line":367,"column":4},"end":{"line":367,"column":21}},"loc":{"start":{"line":367,"column":21},"end":{"line":369,"column":5}}},"18":{"name":"(anonymous_18)","decl":{"start":{"line":371,"column":4},"end":{"line":371,"column":20}},"loc":{"start":{"line":371,"column":20},"end":{"line":373,"column":5}}},"19":{"name":"(anonymous_19)","decl":{"start":{"line":378,"column":4},"end":{"line":378,"column":9}},"loc":{"start":{"line":378,"column":18},"end":{"line":381,"column":5}}},"20":{"name":"(anonymous_20)","decl":{"start":{"line":388,"column":38},"end":{"line":388,"column":39}},"loc":{"start":{"line":388,"column":96},"end":{"line":464,"column":1}}},"21":{"name":"(anonymous_21)","decl":{"start":{"line":395,"column":20},"end":{"line":395,"column":25}},"loc":{"start":{"line":395,"column":72},"end":{"line":402,"column":9}}},"22":{"name":"(anonymous_22)","decl":{"start":{"line":407,"column":19},"end":{"line":407,"column":24}},"loc":{"start":{"line":407,"column":71},"end":{"line":422,"column":9}}},"23":{"name":"(anonymous_23)","decl":{"start":{"line":427,"column":20},"end":{"line":427,"column":25}},"loc":{"start":{"line":427,"column":72},"end":{"line":442,"column":9}}},"24":{"name":"(anonymous_24)","decl":{"start":{"line":447,"column":22},"end":{"line":447,"column":27}},"loc":{"start":{"line":447,"column":74},"end":{"line":462,"column":9}}},"25":{"name":"getAutomationAPI","decl":{"start":{"line":474,"column":16},"end":{"line":474,"column":32}},"loc":{"start":{"line":474,"column":41},"end":{"line":476,"column":1}}}},"branchMap":{"0":{"loc":{"start":{"line":78,"column":16},"end":{"line":78,"column":51}},"type":"default-arg","locations":[{"start":{"line":78,"column":49},"end":{"line":78,"column":51}}]},"1":{"loc":{"start":{"line":88,"column":23},"end":{"line":88,"column":72}},"type":"binary-expr","locations":[{"start":{"line":88,"column":23},"end":{"line":88,"column":37}},{"start":{"line":88,"column":41},"end":{"line":88,"column":72}}]},"2":{"loc":{"start":{"line":113,"column":8},"end":{"line":115,"column":9}},"type":"if","locations":[{"start":{"line":113,"column":8},"end":{"line":115,"column":9}},{"start":{},"end":{}}]},"3":{"loc":{"start":{"line":124,"column":8},"end":{"line":126,"column":9}},"type":"if","locations":[{"start":{"line":124,"column":8},"end":{"line":126,"column":9}},{"start":{},"end":{}}]},"4":{"loc":{"start":{"line":146,"column":12},"end":{"line":152,"column":13}},"type":"if","locations":[{"start":{"line":146,"column":12},"end":{"line":152,"column":13}},{"start":{},"end":{}}]},"5":{"loc":{"start":{"line":165,"column":8},"end":{"line":165,"column":41}},"type":"if","locations":[{"start":{"line":165,"column":8},"end":{"line":165,"column":41}},{"start":{},"end":{}}]},"6":{"loc":{"start":{"line":176,"column":12},"end":{"line":176,"column":58}},"type":"if","locations":[{"start":{"line":176,"column":12},"end":{"line":176,"column":58}},{"start":{},"end":{}}]},"7":{"loc":{"start":{"line":187,"column":12},"end":{"line":201,"column":13}},"type":"if","locations":[{"start":{"line":187,"column":12},"end":{"line":201,"column":13}},{"start":{},"end":{}}]},"8":{"loc":{"start":{"line":216,"column":24},"end":{"line":216,"column":55}},"type":"binary-expr","locations":[{"start":{"line":216,"column":24},"end":{"line":216,"column":44}},{"start":{"line":216,"column":48},"end":{"line":216,"column":55}}]},"9":{"loc":{"start":{"line":231,"column":41},"end":{"line":231,"column":97}},"type":"cond-expr","locations":[{"start":{"line":231,"column":66},"end":{"line":231,"column":79}},{"start":{"line":231,"column":82},"end":{"line":231,"column":97}}]},"10":{"loc":{"start":{"line":246,"column":33},"end":{"line":246,"column":57}},"type":"binary-expr","locations":[{"start":{"line":246,"column":33},"end":{"line":246,"column":52}},{"start":{"line":246,"column":56},"end":{"line":246,"column":57}}]},"11":{"loc":{"start":{"line":261,"column":33},"end":{"line":261,"column":89}},"type":"cond-expr","locations":[{"start":{"line":261,"column":58},"end":{"line":261,"column":71}},{"start":{"line":261,"column":74},"end":{"line":261,"column":89}}]},"12":{"loc":{"start":{"line":289,"column":8},"end":{"line":291,"column":9}},"type":"if","locations":[{"start":{"line":289,"column":8},"end":{"line":291,"column":9}},{"start":{},"end":{}}]},"13":{"loc":{"start":{"line":289,"column":12},"end":{"line":289,"column":68}},"type":"binary-expr","locations":[{"start":{"line":289,"column":12},"end":{"line":289,"column":25}},{"start":{"line":289,"column":29},"end":{"line":289,"column":68}}]},"14":{"loc":{"start":{"line":301,"column":8},"end":{"line":307,"column":9}},"type":"if","locations":[{"start":{"line":301,"column":8},"end":{"line":307,"column":9}},{"start":{},"end":{}}]},"15":{"loc":{"start":{"line":301,"column":12},"end":{"line":301,"column":73}},"type":"binary-expr","locations":[{"start":{"line":301,"column":12},"end":{"line":301,"column":36}},{"start":{"line":301,"column":40},"end":{"line":301,"column":73}}]},"16":{"loc":{"start":{"line":345,"column":8},"end":{"line":347,"column":9}},"type":"if","locations":[{"start":{"line":345,"column":8},"end":{"line":347,"column":9}},{"start":{},"end":{}}]},"17":{"loc":{"start":{"line":388,"column":39},"end":{"line":388,"column":74}},"type":"default-arg","locations":[{"start":{"line":388,"column":72},"end":{"line":388,"column":74}}]},"18":{"loc":{"start":{"line":418,"column":37},"end":{"line":418,"column":93}},"type":"cond-expr","locations":[{"start":{"line":418,"column":62},"end":{"line":418,"column":75}},{"start":{"line":418,"column":78},"end":{"line":418,"column":93}}]},"19":{"loc":{"start":{"line":475,"column":11},"end":{"line":475,"column":41}},"type":"binary-expr","locations":[{"start":{"line":475,"column":11},"end":{"line":475,"column":33}},{"start":{"line":475,"column":37},"end":{"line":475,"column":41}}]}},"s":{"0":1,"1":1,"2":1,"3":1,"4":1,"5":1,"6":18,"7":18,"8":18,"9":18,"10":18,"11":13,"12":13,"13":13,"14":13,"15":13,"16":13,"17":12,"18":12,"19":12,"20":0,"21":12,"22":2,"23":12,"24":0,"25":12,"26":0,"27":12,"28":12,"29":0,"30":0,"31":0,"32":12,"33":2,"34":0,"35":2,"36":2,"37":2,"38":2,"39":0,"40":2,"41":2,"42":2,"43":2,"44":2,"45":2,"46":2,"47":2,"48":2,"49":1,"50":1,"51":1,"52":1,"53":0,"54":0,"55":0,"56":2,"57":2,"58":2,"59":2,"60":0,"61":0,"62":0,"63":0,"64":0,"65":6,"66":6,"67":6,"68":5,"69":5,"70":0,"71":0,"72":5,"73":1,"74":1,"75":1,"76":1,"77":2,"78":2,"79":1,"80":1,"81":1,"82":1,"83":1,"84":2,"85":1,"86":13,"87":13,"88":1,"89":18,"90":18,"91":2,"92":2,"93":2,"94":2,"95":13,"96":13,"97":13,"98":12,"99":12,"100":1,"101":1,"102":1,"103":1,"104":1,"105":1,"106":1,"107":1,"108":1,"109":0,"110":0,"111":1,"112":1,"113":1,"114":1,"115":1,"116":1,"117":1,"118":0,"119":0,"120":1,"121":1,"122":26},"f":{"0":18,"1":13,"2":12,"3":2,"4":0,"5":0,"6":0,"7":2,"8":2,"9":6,"10":5,"11":0,"12":1,"13":1,"14":1,"15":2,"16":1,"17":2,"18":1,"19":13,"20":18,"21":2,"22":13,"23":1,"24":1,"25":26},"b":{"0":[0],"1":[18,18],"2":[12,0],"3":[0,12],"4":[0,0],"5":[0,2],"6":[0,2],"7":[2,0],"8":[2,0],"9":[0,0],"10":[2,2],"11":[0,0],"12":[6,0],"13":[6,6],"14":[0,5],"15":[5,4],"16":[1,1],"17":[1],"18":[1,0],"19":[26,7]}}
,"/home/runner/work/objectos/objectos/packages/plugins/automation/src/storage.ts": {"path":"/home/runner/work/objectos/objectos/packages/plugins/automation/src/storage.ts","statementMap":{"0":{"start":{"line":19,"column":12},"end":{"line":19,"column":59}},"1":{"start":{"line":20,"column":12},"end":{"line":20,"column":60}},"2":{"start":{"line":26,"column":8},"end":{"line":26,"column":45}},"3":{"start":{"line":33,"column":21},"end":{"line":33,"column":39}},"4":{"start":{"line":34,"column":8},"end":{"line":34,"column":41}},"5":{"start":{"line":44,"column":22},"end":{"line":44,"column":53}},"6":{"start":{"line":46,"column":8},"end":{"line":48,"column":9}},"7":{"start":{"line":47,"column":12},"end":{"line":47,"column":70}},"8":{"start":{"line":47,"column":42},"end":{"line":47,"column":68}},"9":{"start":{"line":50,"column":8},"end":{"line":52,"column":9}},"10":{"start":{"line":51,"column":12},"end":{"line":51,"column":81}},"11":{"start":{"line":51,"column":42},"end":{"line":51,"column":79}},"12":{"start":{"line":55,"column":8},"end":{"line":55,"column":70}},"13":{"start":{"line":55,"column":31},"end":{"line":55,"column":68}},"14":{"start":{"line":57,"column":8},"end":{"line":57,"column":44}},"15":{"start":{"line":57,"column":33},"end":{"line":57,"column":41}},"16":{"start":{"line":64,"column":21},"end":{"line":64,"column":39}},"17":{"start":{"line":65,"column":8},"end":{"line":67,"column":9}},"18":{"start":{"line":66,"column":12},"end":{"line":66,"column":64}},"19":{"start":{"line":69,"column":8},"end":{"line":69,"column":64}},"20":{"start":{"line":76,"column":8},"end":{"line":78,"column":9}},"21":{"start":{"line":77,"column":12},"end":{"line":77,"column":64}},"22":{"start":{"line":79,"column":8},"end":{"line":79,"column":30}},"23":{"start":{"line":86,"column":20},"end":{"line":86,"column":59}},"24":{"start":{"line":87,"column":8},"end":{"line":87,"column":47}},"25":{"start":{"line":94,"column":20},"end":{"line":94,"column":48}},"26":{"start":{"line":95,"column":24},"end":{"line":95,"column":46}},"27":{"start":{"line":96,"column":8},"end":{"line":96,"column":47}},"28":{"start":{"line":103,"column":22},"end":{"line":103,"column":56}},"29":{"start":{"line":105,"column":8},"end":{"line":107,"column":9}},"30":{"start":{"line":106,"column":12},"end":{"line":106,"column":71}},"31":{"start":{"line":106,"column":42},"end":{"line":106,"column":69}},"32":{"start":{"line":109,"column":8},"end":{"line":109,"column":44}},"33":{"start":{"line":109,"column":33},"end":{"line":109,"column":41}},"34":{"start":{"line":116,"column":20},"end":{"line":116,"column":48}},"35":{"start":{"line":117,"column":8},"end":{"line":119,"column":9}},"36":{"start":{"line":118,"column":12},"end":{"line":118,"column":83}},"37":{"start":{"line":120,"column":8},"end":{"line":120,"column":34}},"38":{"start":{"line":127,"column":8},"end":{"line":127,"column":27}},"39":{"start":{"line":128,"column":8},"end":{"line":128,"column":30}},"40":{"start":{"line":18,"column":0},"end":{"line":18,"column":13}}},"fnMap":{"0":{"name":"(anonymous_0)","decl":{"start":{"line":18,"column":0},"end":{"line":18,"column":13}},"loc":{"start":{"line":18,"column":0},"end":{"line":130,"column":1}}},"1":{"name":"(anonymous_1)","decl":{"start":{"line":25,"column":4},"end":{"line":25,"column":9}},"loc":{"start":{"line":25,"column":39},"end":{"line":27,"column":5}}},"2":{"name":"(anonymous_2)","decl":{"start":{"line":32,"column":4},"end":{"line":32,"column":9}},"loc":{"start":{"line":32,"column":28},"end":{"line":35,"column":5}}},"3":{"name":"(anonymous_3)","decl":{"start":{"line":40,"column":4},"end":{"line":40,"column":9}},"loc":{"start":{"line":43,"column":5},"end":{"line":58,"column":5}}},"4":{"name":"(anonymous_4)","decl":{"start":{"line":47,"column":37},"end":{"line":47,"column":38}},"loc":{"start":{"line":47,"column":42},"end":{"line":47,"column":68}}},"5":{"name":"(anonymous_5)","decl":{"start":{"line":51,"column":37},"end":{"line":51,"column":38}},"loc":{"start":{"line":51,"column":42},"end":{"line":51,"column":79}}},"6":{"name":"(anonymous_6)","decl":{"start":{"line":55,"column":21},"end":{"line":55,"column":22}},"loc":{"start":{"line":55,"column":31},"end":{"line":55,"column":68}}},"7":{"name":"(anonymous_7)","decl":{"start":{"line":57,"column":27},"end":{"line":57,"column":28}},"loc":{"start":{"line":57,"column":33},"end":{"line":57,"column":41}}},"8":{"name":"(anonymous_8)","decl":{"start":{"line":63,"column":4},"end":{"line":63,"column":9}},"loc":{"start":{"line":63,"column":65},"end":{"line":70,"column":5}}},"9":{"name":"(anonymous_9)","decl":{"start":{"line":75,"column":4},"end":{"line":75,"column":9}},"loc":{"start":{"line":75,"column":31},"end":{"line":80,"column":5}}},"10":{"name":"(anonymous_10)","decl":{"start":{"line":85,"column":4},"end":{"line":85,"column":9}},"loc":{"start":{"line":85,"column":43},"end":{"line":88,"column":5}}},"11":{"name":"(anonymous_11)","decl":{"start":{"line":93,"column":4},"end":{"line":93,"column":9}},"loc":{"start":{"line":93,"column":58},"end":{"line":97,"column":5}}},"12":{"name":"(anonymous_12)","decl":{"start":{"line":102,"column":4},"end":{"line":102,"column":9}},"loc":{"start":{"line":102,"column":42},"end":{"line":110,"column":5}}},"13":{"name":"(anonymous_13)","decl":{"start":{"line":106,"column":37},"end":{"line":106,"column":38}},"loc":{"start":{"line":106,"column":42},"end":{"line":106,"column":69}}},"14":{"name":"(anonymous_14)","decl":{"start":{"line":109,"column":27},"end":{"line":109,"column":28}},"loc":{"start":{"line":109,"column":33},"end":{"line":109,"column":41}}},"15":{"name":"(anonymous_15)","decl":{"start":{"line":115,"column":4},"end":{"line":115,"column":9}},"loc":{"start":{"line":115,"column":61},"end":{"line":121,"column":5}}},"16":{"name":"(anonymous_16)","decl":{"start":{"line":126,"column":4},"end":{"line":126,"column":9}},"loc":{"start":{"line":126,"column":15},"end":{"line":129,"column":5}}}},"branchMap":{"0":{"loc":{"start":{"line":34,"column":15},"end":{"line":34,"column":40}},"type":"cond-expr","locations":[{"start":{"line":34,"column":22},"end":{"line":34,"column":33}},{"start":{"line":34,"column":36},"end":{"line":34,"column":40}}]},"1":{"loc":{"start":{"line":46,"column":8},"end":{"line":48,"column":9}},"type":"if","locations":[{"start":{"line":46,"column":8},"end":{"line":48,"column":9}},{"start":{},"end":{}}]},"2":{"loc":{"start":{"line":50,"column":8},"end":{"line":52,"column":9}},"type":"if","locations":[{"start":{"line":50,"column":8},"end":{"line":52,"column":9}},{"start":{},"end":{}}]},"3":{"loc":{"start":{"line":55,"column":32},"end":{"line":55,"column":47}},"type":"binary-expr","locations":[{"start":{"line":55,"column":32},"end":{"line":55,"column":42}},{"start":{"line":55,"column":46},"end":{"line":55,"column":47}}]},"4":{"loc":{"start":{"line":55,"column":52},"end":{"line":55,"column":67}},"type":"binary-expr","locations":[{"start":{"line":55,"column":52},"end":{"line":55,"column":62}},{"start":{"line":55,"column":66},"end":{"line":55,"column":67}}]},"5":{"loc":{"start":{"line":65,"column":8},"end":{"line":67,"column":9}},"type":"if","locations":[{"start":{"line":65,"column":8},"end":{"line":67,"column":9}},{"start":{},"end":{}}]},"6":{"loc":{"start":{"line":76,"column":8},"end":{"line":78,"column":9}},"type":"if","locations":[{"start":{"line":76,"column":8},"end":{"line":78,"column":9}},{"start":{},"end":{}}]},"7":{"loc":{"start":{"line":96,"column":15},"end":{"line":96,"column":46}},"type":"cond-expr","locations":[{"start":{"line":96,"column":25},"end":{"line":96,"column":39}},{"start":{"line":96,"column":42},"end":{"line":96,"column":46}}]},"8":{"loc":{"start":{"line":105,"column":8},"end":{"line":107,"column":9}},"type":"if","locations":[{"start":{"line":105,"column":8},"end":{"line":107,"column":9}},{"start":{},"end":{}}]},"9":{"loc":{"start":{"line":117,"column":8},"end":{"line":119,"column":9}},"type":"if","locations":[{"start":{"line":117,"column":8},"end":{"line":119,"column":9}},{"start":{},"end":{}}]}},"s":{"0":36,"1":36,"2":29,"3":6,"4":6,"5":20,"6":20,"7":18,"8":16,"9":20,"10":16,"11":8,"12":20,"13":9,"14":20,"15":14,"16":4,"17":4,"18":1,"19":3,"20":2,"21":1,"22":1,"23":10,"24":10,"25":6,"26":6,"27":6,"28":2,"29":2,"30":1,"31":3,"32":2,"33":5,"34":2,"35":2,"36":1,"37":1,"38":1,"39":1,"40":2},"f":{"0":36,"1":29,"2":6,"3":20,"4":16,"5":8,"6":9,"7":14,"8":4,"9":2,"10":10,"11":6,"12":2,"13":3,"14":5,"15":2,"16":1},"b":{"0":[3,3],"1":[18,2],"2":[16,4],"3":[9,0],"4":[9,2],"5":[1,3],"6":[1,1],"7":[2,4],"8":[1,1],"9":[1,1]}}
,"/home/runner/work/objectos/objectos/packages/plugins/automation/src/triggers.ts": {"path":"/home/runner/work/objectos/objectos/packages/plugins/automation/src/triggers.ts","statementMap":{"0":{"start":{"line":7,"column":0},"end":{"line":7,"column":42}},"1":{"start":{"line":21,"column":12},"end":{"line":21,"column":56}},"2":{"start":{"line":25,"column":8},"end":{"line":25,"column":40}},"3":{"start":{"line":39,"column":8},"end":{"line":41,"column":9}},"4":{"start":{"line":40,"column":12},"end":{"line":40,"column":25}},"5":{"start":{"line":44,"column":8},"end":{"line":46,"column":9}},"6":{"start":{"line":45,"column":12},"end":{"line":45,"column":25}},"7":{"start":{"line":49,"column":8},"end":{"line":64,"column":9}},"8":{"start":{"line":51,"column":12},"end":{"line":58,"column":13}},"9":{"start":{"line":52,"column":39},"end":{"line":53,"column":null}},"10":{"start":{"line":53,"column":29},"end":{"line":53,"column":76}},"11":{"start":{"line":55,"column":16},"end":{"line":57,"column":17}},"12":{"start":{"line":56,"column":20},"end":{"line":56,"column":33}},"13":{"start":{"line":61,"column":12},"end":{"line":63,"column":13}},"14":{"start":{"line":62,"column":16},"end":{"line":62,"column":86}},"15":{"start":{"line":66,"column":8},"end":{"line":66,"column":20}},"16":{"start":{"line":77,"column":8},"end":{"line":81,"column":9}},"17":{"start":{"line":78,"column":12},"end":{"line":80,"column":13}},"18":{"start":{"line":79,"column":16},"end":{"line":79,"column":29}},"19":{"start":{"line":82,"column":8},"end":{"line":82,"column":20}},"20":{"start":{"line":93,"column":27},"end":{"line":93,"column":50}},"21":{"start":{"line":94,"column":25},"end":{"line":94,"column":53}},"22":{"start":{"line":96,"column":8},"end":{"line":124,"column":9}},"23":{"start":{"line":98,"column":16},"end":{"line":98,"column":54}},"24":{"start":{"line":101,"column":16},"end":{"line":101,"column":54}},"25":{"start":{"line":104,"column":16},"end":{"line":104,"column":52}},"26":{"start":{"line":107,"column":16},"end":{"line":107,"column":52}},"27":{"start":{"line":110,"column":16},"end":{"line":110,"column":76}},"28":{"start":{"line":113,"column":16},"end":{"line":113,"column":78}},"29":{"start":{"line":116,"column":16},"end":{"line":116,"column":76}},"30":{"start":{"line":119,"column":16},"end":{"line":119,"column":73}},"31":{"start":{"line":122,"column":16},"end":{"line":122,"column":86}},"32":{"start":{"line":123,"column":16},"end":{"line":123,"column":29}},"33":{"start":{"line":135,"column":8},"end":{"line":171,"column":9}},"34":{"start":{"line":137,"column":29},"end":{"line":139,"column":14}},"35":{"start":{"line":142,"column":33},"end":{"line":164,"column":13}},"36":{"start":{"line":143,"column":16},"end":{"line":163,"column":17}},"37":{"start":{"line":144,"column":33},"end":{"line":144,"column":48}},"38":{"start":{"line":145,"column":34},"end":{"line":145,"column":61}},"39":{"start":{"line":147,"column":36},"end":{"line":155,"column":29}},"40":{"start":{"line":148,"column":24},"end":{"line":152,"column":25}},"41":{"start":{"line":149,"column":28},"end":{"line":149,"column":45}},"42":{"start":{"line":151,"column":28},"end":{"line":151,"column":110}},"43":{"start":{"line":154,"column":24},"end":{"line":154,"column":39}},"44":{"start":{"line":157,"column":20},"end":{"line":160,"column":23}},"45":{"start":{"line":162,"column":20},"end":{"line":162,"column":100}},"46":{"start":{"line":166,"column":12},"end":{"line":166,"column":27}},"47":{"start":{"line":167,"column":12},"end":{"line":167,"column":81}},"48":{"start":{"line":169,"column":12},"end":{"line":169,"column":97}},"49":{"start":{"line":170,"column":12},"end":{"line":170,"column":24}},"50":{"start":{"line":178,"column":20},"end":{"line":178,"column":50}},"51":{"start":{"line":179,"column":8},"end":{"line":183,"column":9}},"52":{"start":{"line":180,"column":12},"end":{"line":180,"column":38}},"53":{"start":{"line":181,"column":12},"end":{"line":181,"column":46}},"54":{"start":{"line":182,"column":12},"end":{"line":182,"column":83}},"55":{"start":{"line":190,"column":20},"end":{"line":190,"column":50}},"56":{"start":{"line":191,"column":8},"end":{"line":191,"column":36}},"57":{"start":{"line":198,"column":8},"end":{"line":200,"column":9}},"58":{"start":{"line":199,"column":12},"end":{"line":199,"column":25}},"59":{"start":{"line":203,"column":8},"end":{"line":205,"column":9}},"60":{"start":{"line":204,"column":12},"end":{"line":204,"column":25}},"61":{"start":{"line":207,"column":8},"end":{"line":207,"column":20}},"62":{"start":{"line":215,"column":8},"end":{"line":219,"column":9}},"63":{"start":{"line":216,"column":12},"end":{"line":218,"column":13}},"64":{"start":{"line":217,"column":16},"end":{"line":217,"column":42}},"65":{"start":{"line":220,"column":8},"end":{"line":220,"column":35}},"66":{"start":{"line":221,"column":8},"end":{"line":221,"column":52}},"67":{"start":{"line":20,"column":0},"end":{"line":20,"column":13}}},"fnMap":{"0":{"name":"(anonymous_9)","decl":{"start":{"line":24,"column":4},"end":{"line":24,"column":16}},"loc":{"start":{"line":24,"column":28},"end":{"line":26,"column":5}}},"1":{"name":"(anonymous_10)","decl":{"start":{"line":31,"column":4},"end":{"line":31,"column":25}},"loc":{"start":{"line":36,"column":23},"end":{"line":67,"column":5}}},"2":{"name":"(anonymous_11)","decl":{"start":{"line":53,"column":20},"end":{"line":53,"column":25}},"loc":{"start":{"line":53,"column":29},"end":{"line":53,"column":76}}},"3":{"name":"(anonymous_12)","decl":{"start":{"line":72,"column":12},"end":{"line":72,"column":30}},"loc":{"start":{"line":75,"column":23},"end":{"line":83,"column":5}}},"4":{"name":"(anonymous_13)","decl":{"start":{"line":88,"column":12},"end":{"line":88,"column":29}},"loc":{"start":{"line":91,"column":23},"end":{"line":125,"column":5}}},"5":{"name":"(anonymous_14)","decl":{"start":{"line":130,"column":4},"end":{"line":130,"column":28}},"loc":{"start":{"line":133,"column":44},"end":{"line":172,"column":5}}},"6":{"name":"(anonymous_15)","decl":{"start":{"line":142,"column":33},"end":{"line":142,"column":36}},"loc":{"start":{"line":142,"column":38},"end":{"line":164,"column":13}}},"7":{"name":"(anonymous_16)","decl":{"start":{"line":147,"column":47},"end":{"line":147,"column":52}},"loc":{"start":{"line":147,"column":58},"end":{"line":155,"column":21}}},"8":{"name":"(anonymous_17)","decl":{"start":{"line":177,"column":4},"end":{"line":177,"column":30}},"loc":{"start":{"line":177,"column":45},"end":{"line":184,"column":5}}},"9":{"name":"(anonymous_18)","decl":{"start":{"line":189,"column":4},"end":{"line":189,"column":18}},"loc":{"start":{"line":189,"column":33},"end":{"line":192,"column":5}}},"10":{"name":"(anonymous_19)","decl":{"start":{"line":197,"column":4},"end":{"line":197,"column":26}},"loc":{"start":{"line":197,"column":56},"end":{"line":208,"column":5}}},"11":{"name":"(anonymous_20)","decl":{"start":{"line":213,"column":4},"end":{"line":213,"column":12}},"loc":{"start":{"line":213,"column":12},"end":{"line":222,"column":5}}}},"branchMap":{"0":{"loc":{"start":{"line":25,"column":22},"end":{"line":25,"column":39}},"type":"binary-expr","locations":[{"start":{"line":25,"column":22},"end":{"line":25,"column":28}},{"start":{"line":25,"column":32},"end":{"line":25,"column":39}}]},"1":{"loc":{"start":{"line":39,"column":8},"end":{"line":41,"column":9}},"type":"if","locations":[{"start":{"line":39,"column":8},"end":{"line":41,"column":9}},{"start":{},"end":{}}]},"2":{"loc":{"start":{"line":44,"column":8},"end":{"line":46,"column":9}},"type":"if","locations":[{"start":{"line":44,"column":8},"end":{"line":46,"column":9}},{"start":{},"end":{}}]},"3":{"loc":{"start":{"line":49,"column":8},"end":{"line":64,"column":9}},"type":"if","locations":[{"start":{"line":49,"column":8},"end":{"line":64,"column":9}},{"start":{},"end":{}}]},"4":{"loc":{"start":{"line":51,"column":12},"end":{"line":58,"column":13}},"type":"if","locations":[{"start":{"line":51,"column":12},"end":{"line":58,"column":13}},{"start":{},"end":{}}]},"5":{"loc":{"start":{"line":51,"column":16},"end":{"line":51,"column":59}},"type":"binary-expr","locations":[{"start":{"line":51,"column":16},"end":{"line":51,"column":30}},{"start":{"line":51,"column":34},"end":{"line":51,"column":59}}]},"6":{"loc":{"start":{"line":53,"column":29},"end":{"line":53,"column":76}},"type":"binary-expr","locations":[{"start":{"line":53,"column":29},"end":{"line":53,"column":38}},{"start":{"line":53,"column":42},"end":{"line":53,"column":76}}]},"7":{"loc":{"start":{"line":55,"column":16},"end":{"line":57,"column":17}},"type":"if","locations":[{"start":{"line":55,"column":16},"end":{"line":57,"column":17}},{"start":{},"end":{}}]},"8":{"loc":{"start":{"line":61,"column":12},"end":{"line":63,"column":13}},"type":"if","locations":[{"start":{"line":61,"column":12},"end":{"line":63,"column":13}},{"start":{},"end":{}}]},"9":{"loc":{"start":{"line":61,"column":16},"end":{"line":61,"column":67}},"type":"binary-expr","locations":[{"start":{"line":61,"column":16},"end":{"line":61,"column":34}},{"start":{"line":61,"column":38},"end":{"line":61,"column":67}}]},"10":{"loc":{"start":{"line":78,"column":12},"end":{"line":80,"column":13}},"type":"if","locations":[{"start":{"line":78,"column":12},"end":{"line":80,"column":13}},{"start":{},"end":{}}]},"11":{"loc":{"start":{"line":96,"column":8},"end":{"line":124,"column":9}},"type":"switch","locations":[{"start":{"line":97,"column":12},"end":{"line":98,"column":54}},{"start":{"line":100,"column":12},"end":{"line":101,"column":54}},{"start":{"line":103,"column":12},"end":{"line":104,"column":52}},{"start":{"line":106,"column":12},"end":{"line":107,"column":52}},{"start":{"line":109,"column":12},"end":{"line":110,"column":76}},{"start":{"line":112,"column":12},"end":{"line":113,"column":78}},{"start":{"line":115,"column":12},"end":{"line":116,"column":76}},{"start":{"line":118,"column":12},"end":{"line":119,"column":73}},{"start":{"line":121,"column":12},"end":{"line":123,"column":29}}]},"12":{"loc":{"start":{"line":119,"column":23},"end":{"line":119,"column":72}},"type":"binary-expr","locations":[{"start":{"line":119,"column":23},"end":{"line":119,"column":45}},{"start":{"line":119,"column":49},"end":{"line":119,"column":72}}]},"13":{"loc":{"start":{"line":179,"column":8},"end":{"line":183,"column":9}},"type":"if","locations":[{"start":{"line":179,"column":8},"end":{"line":183,"column":9}},{"start":{},"end":{}}]},"14":{"loc":{"start":{"line":191,"column":15},"end":{"line":191,"column":35}},"type":"binary-expr","locations":[{"start":{"line":191,"column":15},"end":{"line":191,"column":27}},{"start":{"line":191,"column":31},"end":{"line":191,"column":35}}]},"15":{"loc":{"start":{"line":198,"column":8},"end":{"line":200,"column":9}},"type":"if","locations":[{"start":{"line":198,"column":8},"end":{"line":200,"column":9}},{"start":{},"end":{}}]},"16":{"loc":{"start":{"line":203,"column":8},"end":{"line":205,"column":9}},"type":"if","locations":[{"start":{"line":203,"column":8},"end":{"line":205,"column":9}},{"start":{},"end":{}}]},"17":{"loc":{"start":{"line":216,"column":12},"end":{"line":218,"column":13}},"type":"if","locations":[{"start":{"line":216,"column":12},"end":{"line":218,"column":13}},{"start":{},"end":{}}]}},"s":{"0":2,"1":38,"2":38,"3":14,"4":1,"5":13,"6":1,"7":12,"8":8,"9":3,"10":4,"11":3,"12":1,"13":7,"14":5,"15":6,"16":5,"17":5,"18":1,"19":4,"20":5,"21":5,"22":5,"23":2,"24":0,"25":1,"26":0,"27":1,"28":0,"29":0,"30":1,"31":0,"32":0,"33":6,"34":6,"35":5,"36":5,"37":5,"38":5,"39":5,"40":0,"41":0,"42":0,"43":0,"44":5,"45":0,"46":5,"47":5,"48":1,"49":1,"50":1,"51":1,"52":1,"53":1,"54":1,"55":4,"56":4,"57":3,"58":1,"59":2,"60":1,"61":1,"62":34,"63":4,"64":4,"65":34,"66":34,"67":2},"f":{"0":38,"1":14,"2":4,"3":5,"4":5,"5":6,"6":5,"7":0,"8":1,"9":4,"10":3,"11":34},"b":{"0":[38,18],"1":[1,13],"2":[1,12],"3":[8,4],"4":[3,5],"5":[8,3],"6":[4,4],"7":[1,2],"8":[5,2],"9":[7,5],"10":[1,4],"11":[2,0,1,0,1,0,0,1,0],"12":[1,1],"13":[1,0],"14":[4,3],"15":[1,2],"16":[1,1],"17":[4,0]}}
}
