TN:
SF:src/actions.ts
FN:34,(anonymous_0)
FN:53,(anonymous_1)
FN:62,(anonymous_2)
FN:71,(anonymous_3)
FN:78,(anonymous_4)
FN:125,(anonymous_5)
FN:146,(anonymous_6)
FN:166,(anonymous_7)
FN:188,(anonymous_8)
FN:199,(anonymous_9)
FN:215,(anonymous_10)
FN:231,(anonymous_11)
FN:267,(anonymous_12)
FN:273,(anonymous_13)
FN:283,(anonymous_14)
FN:300,(anonymous_15)
FN:301,(anonymous_16)
FNF:17
FNH:15
FNDA:41,(anonymous_0)
FNDA:6,(anonymous_1)
FNDA:1,(anonymous_2)
FNDA:2,(anonymous_3)
FNDA:21,(anonymous_4)
FNDA:7,(anonymous_5)
FNDA:2,(anonymous_6)
FNDA:3,(anonymous_7)
FNDA:4,(anonymous_8)
FNDA:0,(anonymous_9)
FNDA:0,(anonymous_10)
FNDA:4,(anonymous_11)
FNDA:16,(anonymous_12)
FNDA:8,(anonymous_13)
FNDA:7,(anonymous_14)
FNDA:8,(anonymous_15)
FNDA:19,(anonymous_16)
DA:21,2
DA:42,41
DA:43,41
DA:44,41
DA:45,41
DA:46,41
DA:47,41
DA:56,6
DA:65,1
DA:72,2
DA:79,21
DA:81,21
DA:84,21
DA:86,7
DA:87,5
DA:90,2
DA:91,1
DA:94,3
DA:95,2
DA:98,4
DA:99,1
DA:102,4
DA:103,2
DA:106,1
DA:109,11
DA:110,11
DA:114,11
DA:116,10
DA:117,10
DA:118,10
DA:129,7
DA:130,1
DA:133,6
DA:134,6
DA:136,6
DA:138,5
DA:150,2
DA:151,1
DA:154,1
DA:156,1
DA:158,1
DA:160,1
DA:170,3
DA:171,1
DA:174,2
DA:175,2
DA:178,0
DA:181,2
DA:182,2
DA:192,4
DA:193,1
DA:196,3
DA:198,3
DA:199,3
DA:201,3
DA:202,3
DA:209,3
DA:211,3
DA:212,1
DA:215,2
DA:217,1
DA:221,1
DA:223,2
DA:224,2
DA:235,4
DA:236,1
DA:240,3
DA:245,3
DA:251,3
DA:252,3
DA:254,2
DA:256,2
DA:258,1
DA:259,1
DA:260,1
DA:268,16
DA:269,0
DA:273,16
DA:274,8
DA:275,8
DA:276,8
DA:284,7
DA:286,7
DA:287,10
DA:288,10
DA:290,0
DA:294,7
DA:301,19
LF:88
LH:85
BRDA:34,0,0,0
BRDA:42,1,0,41
BRDA:42,1,1,21
BRDA:47,2,0,41
BRDA:47,2,1,23
BRDA:84,3,0,7
BRDA:84,3,1,2
BRDA:84,3,2,3
BRDA:84,3,3,4
BRDA:84,3,4,4
BRDA:84,3,5,1
BRDA:116,4,0,10
BRDA:116,4,1,0
BRDA:129,5,0,1
BRDA:129,5,1,6
BRDA:150,6,0,1
BRDA:150,6,1,1
BRDA:170,7,0,1
BRDA:170,7,1,2
BRDA:174,8,0,2
BRDA:174,8,1,0
BRDA:181,9,0,1
BRDA:181,9,1,1
BRDA:192,10,0,1
BRDA:192,10,1,3
BRDA:196,11,0,3
BRDA:196,11,1,3
BRDA:205,12,0,1
BRDA:205,12,1,2
BRDA:211,13,0,1
BRDA:211,13,1,2
BRDA:235,14,0,1
BRDA:235,14,1,3
BRDA:258,15,0,1
BRDA:258,15,1,0
BRDA:268,16,0,0
BRDA:268,16,1,16
BRDA:276,17,0,7
BRDA:276,17,1,1
BRDA:287,18,0,10
BRDA:287,18,1,0
BRF:41
BRH:35
end_of_record
TN:
SF:src/formulas.ts
FN:30,(anonymous_0)
FN:37,(anonymous_1)
FN:46,(anonymous_2)
FN:69,(anonymous_3)
FN:95,(anonymous_4)
FN:108,(anonymous_5)
FN:122,(anonymous_6)
FN:142,(anonymous_7)
FN:173,(anonymous_8)
FN:178,(anonymous_9)
FN:202,(anonymous_10)
FN:224,(anonymous_11)
FN:233,(anonymous_12)
FN:233,(anonymous_13)
FN:240,(anonymous_14)
FN:244,(anonymous_15)
FN:248,(anonymous_16)
FN:252,(anonymous_17)
FN:262,(anonymous_18)
FN:274,(anonymous_19)
FN:307,(anonymous_20)
FN:315,(anonymous_21)
FNF:22
FNH:15
FNDA:37,(anonymous_0)
FNDA:1,(anonymous_1)
FNDA:24,(anonymous_2)
FNDA:6,(anonymous_3)
FNDA:9,(anonymous_4)
FNDA:19,(anonymous_5)
FNDA:0,(anonymous_6)
FNDA:8,(anonymous_7)
FNDA:6,(anonymous_8)
FNDA:9,(anonymous_9)
FNDA:6,(anonymous_10)
FNDA:8,(anonymous_11)
FNDA:2,(anonymous_12)
FNDA:2,(anonymous_13)
FNDA:2,(anonymous_14)
FNDA:0,(anonymous_15)
FNDA:0,(anonymous_16)
FNDA:0,(anonymous_17)
FNDA:0,(anonymous_18)
FNDA:0,(anonymous_19)
FNDA:1,(anonymous_20)
FNDA:0,(anonymous_21)
DA:20,2
DA:22,37
DA:31,37
DA:40,1
DA:51,24
DA:53,6
DA:56,9
DA:59,8
DA:62,1
DA:73,6
DA:75,6
DA:82,6
DA:85,6
DA:87,0
DA:88,0
DA:100,9
DA:104,9
DA:106,7
DA:107,7
DA:108,19
DA:110,2
DA:112,1
DA:115,1
DA:117,1
DA:121,8
DA:122,1
DA:123,0
DA:128,8
DA:134,1
DA:135,1
DA:146,8
DA:147,8
DA:150,8
DA:153,8
DA:154,8
DA:157,8
DA:158,8
DA:159,8
DA:161,8
DA:162,8
DA:163,1
DA:166,8
DA:175,6
DA:178,6
DA:179,9
DA:180,9
DA:181,1
DA:183,8
DA:188,6
DA:191,6
DA:192,4
DA:194,2
DA:195,2
DA:203,6
DA:205,1
DA:208,4
DA:211,1
DA:214,0
DA:217,0
DA:229,8
DA:230,7
DA:233,2
DA:235,1
DA:237,0
DA:240,2
DA:243,0
DA:244,0
DA:247,0
DA:248,0
DA:251,0
DA:252,0
DA:255,0
DA:263,0
DA:264,0
DA:265,0
DA:268,0
DA:275,0
DA:277,0
DA:279,0
DA:282,0
DA:285,0
DA:288,0
DA:291,0
DA:294,0
DA:297,0
DA:300,0
DA:308,1
DA:309,1
DA:316,0
DA:317,0
LF:90
LH:61
BRDA:31,0,0,37
BRDA:31,0,1,18
BRDA:51,1,0,6
BRDA:51,1,1,9
BRDA:51,1,2,8
BRDA:51,1,3,1
BRDA:104,2,0,7
BRDA:104,2,1,2
BRDA:110,3,0,1
BRDA:110,3,1,1
BRDA:121,4,0,1
BRDA:121,4,1,7
BRDA:121,5,0,8
BRDA:121,5,1,1
BRDA:147,6,0,8
BRDA:147,6,1,5
BRDA:147,6,2,0
BRDA:153,7,0,8
BRDA:153,7,1,0
BRDA:158,8,0,8
BRDA:158,8,1,0
BRDA:162,9,0,1
BRDA:162,9,1,7
BRDA:180,10,0,1
BRDA:180,10,1,8
BRDA:183,11,0,2
BRDA:183,11,1,6
BRDA:203,12,0,1
BRDA:203,12,1,4
BRDA:203,12,2,1
BRDA:203,12,3,0
BRDA:203,12,4,0
BRDA:214,13,0,0
BRDA:214,13,1,0
BRDA:229,14,0,7
BRDA:229,14,1,1
BRDA:230,15,0,2
BRDA:230,15,1,5
BRDA:233,16,0,2
BRDA:233,16,1,2
BRDA:235,17,0,0
BRDA:235,17,1,1
BRDA:235,17,2,0
BRDA:235,17,3,0
BRDA:235,17,4,0
BRDA:235,17,5,0
BRDA:243,18,0,0
BRDA:243,18,1,0
BRDA:247,19,0,0
BRDA:247,19,1,0
BRDA:251,20,0,0
BRDA:251,20,1,0
BRDA:264,21,0,0
BRDA:264,21,1,0
BRDA:277,22,0,0
BRDA:277,22,1,0
BRDA:277,22,2,0
BRDA:277,22,3,0
BRDA:277,22,4,0
BRDA:277,22,5,0
BRDA:277,22,6,0
BRDA:277,22,7,0
BRDA:317,23,0,0
BRDA:317,23,1,0
BRF:64
BRH:34
end_of_record
TN:
SF:src/plugin.ts
FN:78,(anonymous_0)
FN:103,(anonymous_1)
FN:123,(anonymous_2)
FN:129,(anonymous_3)
FN:134,(anonymous_4)
FN:139,(anonymous_5)
FN:150,(anonymous_6)
FN:161,(anonymous_7)
FN:208,(anonymous_8)
FN:287,(anonymous_9)
FN:297,(anonymous_10)
FN:305,(anonymous_11)
FN:315,(anonymous_12)
FN:322,(anonymous_13)
FN:329,(anonymous_14)
FN:339,(anonymous_15)
FN:363,(anonymous_16)
FN:367,(anonymous_17)
FN:371,(anonymous_18)
FN:378,(anonymous_19)
FN:388,(anonymous_20)
FN:395,(anonymous_21)
FN:407,(anonymous_22)
FN:427,(anonymous_23)
FN:447,(anonymous_24)
FN:474,getAutomationAPI
FNF:26
FNH:22
FNDA:18,(anonymous_0)
FNDA:13,(anonymous_1)
FNDA:12,(anonymous_2)
FNDA:2,(anonymous_3)
FNDA:0,(anonymous_4)
FNDA:0,(anonymous_5)
FNDA:0,(anonymous_6)
FNDA:2,(anonymous_7)
FNDA:2,(anonymous_8)
FNDA:6,(anonymous_9)
FNDA:5,(anonymous_10)
FNDA:0,(anonymous_11)
FNDA:1,(anonymous_12)
FNDA:1,(anonymous_13)
FNDA:1,(anonymous_14)
FNDA:2,(anonymous_15)
FNDA:1,(anonymous_16)
FNDA:2,(anonymous_17)
FNDA:1,(anonymous_18)
FNDA:13,(anonymous_19)
FNDA:18,(anonymous_20)
FNDA:2,(anonymous_21)
FNDA:13,(anonymous_22)
FNDA:1,(anonymous_23)
FNDA:1,(anonymous_24)
FNDA:26,getAutomationAPI
DA:24,1
DA:25,1
DA:26,1
DA:27,1
DA:43,1
DA:79,18
DA:88,18
DA:89,18
DA:90,18
DA:97,18
DA:104,13
DA:107,13
DA:108,13
DA:109,13
DA:112,13
DA:113,13
DA:114,12
DA:117,12
DA:124,12
DA:125,0
DA:129,12
DA:130,2
DA:134,12
DA:135,0
DA:139,12
DA:140,0
DA:144,12
DA:145,12
DA:146,0
DA:147,0
DA:150,0
DA:155,12
DA:165,2
DA:167,2
DA:170,2
DA:175,2
DA:176,2
DA:179,2
DA:187,2
DA:188,2
DA:195,2
DA:209,2
DA:210,2
DA:212,2
DA:213,2
DA:220,2
DA:221,1
DA:222,1
DA:223,1
DA:225,1
DA:231,0
DA:232,0
DA:234,0
DA:244,2
DA:249,2
DA:257,2
DA:259,2
DA:261,0
DA:264,0
DA:269,0
DA:278,0
DA:280,0
DA:288,6
DA:289,6
DA:290,6
DA:298,5
DA:301,5
DA:302,0
DA:305,0
DA:309,5
DA:316,1
DA:323,1
DA:330,1
DA:331,1
DA:344,2
DA:345,2
DA:346,1
DA:349,1
DA:351,1
DA:357,1
DA:364,1
DA:368,2
DA:372,1
DA:379,13
DA:380,13
DA:388,1
DA:389,18
DA:391,18
DA:396,2
DA:398,2
DA:399,2
DA:401,2
DA:408,13
DA:410,13
DA:411,13
DA:414,12
DA:416,12
DA:418,1
DA:419,1
DA:420,1
DA:428,1
DA:430,1
DA:431,1
DA:433,1
DA:435,1
DA:437,1
DA:439,0
DA:440,0
DA:448,1
DA:450,1
DA:451,1
DA:453,1
DA:454,1
DA:455,1
DA:457,1
DA:459,0
DA:460,0
DA:469,1
DA:474,1
DA:475,26
LF:120
LH:100
BRDA:78,0,0,0
BRDA:88,1,0,18
BRDA:88,1,1,18
BRDA:113,2,0,12
BRDA:113,2,1,0
BRDA:124,3,0,0
BRDA:124,3,1,12
BRDA:146,4,0,0
BRDA:146,4,1,0
BRDA:165,5,0,0
BRDA:165,5,1,2
BRDA:176,6,0,0
BRDA:176,6,1,2
BRDA:187,7,0,2
BRDA:187,7,1,0
BRDA:216,8,0,2
BRDA:216,8,1,0
BRDA:231,9,0,0
BRDA:231,9,1,0
BRDA:246,10,0,2
BRDA:246,10,1,2
BRDA:261,11,0,0
BRDA:261,11,1,0
BRDA:289,12,0,6
BRDA:289,12,1,0
BRDA:289,13,0,6
BRDA:289,13,1,6
BRDA:301,14,0,0
BRDA:301,14,1,5
BRDA:301,15,0,5
BRDA:301,15,1,4
BRDA:345,16,0,1
BRDA:345,16,1,1
BRDA:388,17,0,1
BRDA:418,18,0,1
BRDA:418,18,1,0
BRDA:475,19,0,26
BRDA:475,19,1,7
BRF:38
BRH:22
end_of_record
TN:
SF:src/storage.ts
FN:18,(anonymous_0)
FN:25,(anonymous_1)
FN:32,(anonymous_2)
FN:40,(anonymous_3)
FN:47,(anonymous_4)
FN:51,(anonymous_5)
FN:55,(anonymous_6)
FN:57,(anonymous_7)
FN:63,(anonymous_8)
FN:75,(anonymous_9)
FN:85,(anonymous_10)
FN:93,(anonymous_11)
FN:102,(anonymous_12)
FN:106,(anonymous_13)
FN:109,(anonymous_14)
FN:115,(anonymous_15)
FN:126,(anonymous_16)
FNF:17
FNH:17
FNDA:36,(anonymous_0)
FNDA:29,(anonymous_1)
FNDA:6,(anonymous_2)
FNDA:20,(anonymous_3)
FNDA:16,(anonymous_4)
FNDA:8,(anonymous_5)
FNDA:9,(anonymous_6)
FNDA:14,(anonymous_7)
FNDA:4,(anonymous_8)
FNDA:2,(anonymous_9)
FNDA:10,(anonymous_10)
FNDA:6,(anonymous_11)
FNDA:2,(anonymous_12)
FNDA:3,(anonymous_13)
FNDA:5,(anonymous_14)
FNDA:2,(anonymous_15)
FNDA:1,(anonymous_16)
DA:18,2
DA:19,36
DA:20,36
DA:26,29
DA:33,6
DA:34,6
DA:44,20
DA:46,20
DA:47,18
DA:50,20
DA:51,16
DA:55,20
DA:57,20
DA:64,4
DA:65,4
DA:66,1
DA:69,3
DA:76,2
DA:77,1
DA:79,1
DA:86,10
DA:87,10
DA:94,6
DA:95,6
DA:96,6
DA:103,2
DA:105,2
DA:106,3
DA:109,5
DA:116,2
DA:117,2
DA:118,1
DA:120,1
DA:127,1
DA:128,1
LF:35
LH:35
BRDA:34,0,0,3
BRDA:34,0,1,3
BRDA:46,1,0,18
BRDA:46,1,1,2
BRDA:50,2,0,16
BRDA:50,2,1,4
BRDA:55,3,0,9
BRDA:55,3,1,0
BRDA:55,4,0,9
BRDA:55,4,1,2
BRDA:65,5,0,1
BRDA:65,5,1,3
BRDA:76,6,0,1
BRDA:76,6,1,1
BRDA:96,7,0,2
BRDA:96,7,1,4
BRDA:105,8,0,1
BRDA:105,8,1,1
BRDA:117,9,0,1
BRDA:117,9,1,1
BRF:20
BRH:19
end_of_record
TN:
SF:src/triggers.ts
FN:24,(anonymous_9)
FN:31,(anonymous_10)
FN:53,(anonymous_11)
FN:72,(anonymous_12)
FN:88,(anonymous_13)
FN:130,(anonymous_14)
FN:142,(anonymous_15)
FN:147,(anonymous_16)
FN:177,(anonymous_17)
FN:189,(anonymous_18)
FN:197,(anonymous_19)
FN:213,(anonymous_20)
FNF:12
FNH:11
FNDA:38,(anonymous_9)
FNDA:14,(anonymous_10)
FNDA:4,(anonymous_11)
FNDA:5,(anonymous_12)
FNDA:5,(anonymous_13)
FNDA:6,(anonymous_14)
FNDA:5,(anonymous_15)
FNDA:0,(anonymous_16)
FNDA:1,(anonymous_17)
FNDA:4,(anonymous_18)
FNDA:3,(anonymous_19)
FNDA:34,(anonymous_20)
DA:7,2
DA:20,2
DA:21,38
DA:25,38
DA:39,14
DA:40,1
DA:44,13
DA:45,1
DA:49,12
DA:51,8
DA:52,3
DA:53,4
DA:55,3
DA:56,1
DA:61,7
DA:62,5
DA:66,6
DA:77,5
DA:78,5
DA:79,1
DA:82,4
DA:93,5
DA:94,5
DA:96,5
DA:98,2
DA:101,0
DA:104,1
DA:107,0
DA:110,1
DA:113,0
DA:116,0
DA:119,1
DA:122,0
DA:123,0
DA:135,6
DA:137,6
DA:142,5
DA:143,5
DA:144,5
DA:145,5
DA:147,5
DA:148,0
DA:149,0
DA:151,0
DA:154,0
DA:157,5
DA:162,0
DA:166,5
DA:167,5
DA:169,1
DA:170,1
DA:178,1
DA:179,1
DA:180,1
DA:181,1
DA:182,1
DA:190,4
DA:191,4
DA:198,3
DA:199,1
DA:203,2
DA:204,1
DA:207,1
DA:215,34
DA:216,4
DA:217,4
DA:220,34
DA:221,34
LF:68
LH:57
BRDA:25,0,0,38
BRDA:25,0,1,18
BRDA:39,1,0,1
BRDA:39,1,1,13
BRDA:44,2,0,1
BRDA:44,2,1,12
BRDA:49,3,0,8
BRDA:49,3,1,4
BRDA:51,4,0,3
BRDA:51,4,1,5
BRDA:51,5,0,8
BRDA:51,5,1,3
BRDA:53,6,0,4
BRDA:53,6,1,4
BRDA:55,7,0,1
BRDA:55,7,1,2
BRDA:61,8,0,5
BRDA:61,8,1,2
BRDA:61,9,0,7
BRDA:61,9,1,5
BRDA:78,10,0,1
BRDA:78,10,1,4
BRDA:96,11,0,2
BRDA:96,11,1,0
BRDA:96,11,2,1
BRDA:96,11,3,0
BRDA:96,11,4,1
BRDA:96,11,5,0
BRDA:96,11,6,0
BRDA:96,11,7,1
BRDA:96,11,8,0
BRDA:119,12,0,1
BRDA:119,12,1,1
BRDA:179,13,0,1
BRDA:179,13,1,0
BRDA:191,14,0,4
BRDA:191,14,1,3
BRDA:198,15,0,1
BRDA:198,15,1,2
BRDA:203,16,0,1
BRDA:203,16,1,1
BRDA:216,17,0,4
BRDA:216,17,1,0
BRF:43
BRH:36
end_of_record
