<?xml version="1.0" encoding="UTF-8"?>
<coverage generated="1770020798124" clover="3.2.0">
  <project timestamp="1770020798124" name="All files">
    <metrics statements="401" coveredstatements="338" conditionals="206" coveredconditionals="146" methods="94" coveredmethods="80" elements="701" coveredelements="564" complexity="0" loc="401" ncloc="401" packages="1" files="5" classes="5"/>
    <file name="actions.ts" path="/home/runner/work/objectos/objectos/packages/plugins/automation/src/actions.ts">
      <metrics statements="88" coveredstatements="85" conditionals="41" coveredconditionals="35" methods="17" coveredmethods="15"/>
      <line num="21" count="2" type="stmt"/>
      <line num="42" count="41" type="cond" truecount="2" falsecount="0"/>
      <line num="43" count="41" type="stmt"/>
      <line num="44" count="41" type="stmt"/>
      <line num="45" count="41" type="stmt"/>
      <line num="46" count="41" type="stmt"/>
      <line num="47" count="41" type="cond" truecount="2" falsecount="0"/>
      <line num="56" count="6" type="stmt"/>
      <line num="65" count="1" type="stmt"/>
      <line num="72" count="2" type="stmt"/>
      <line num="79" count="21" type="stmt"/>
      <line num="81" count="21" type="stmt"/>
      <line num="84" count="21" type="cond" truecount="6" falsecount="0"/>
      <line num="86" count="7" type="stmt"/>
      <line num="87" count="5" type="stmt"/>
      <line num="90" count="2" type="stmt"/>
      <line num="91" count="1" type="stmt"/>
      <line num="94" count="3" type="stmt"/>
      <line num="95" count="2" type="stmt"/>
      <line num="98" count="4" type="stmt"/>
      <line num="99" count="1" type="stmt"/>
      <line num="102" count="4" type="stmt"/>
      <line num="103" count="2" type="stmt"/>
      <line num="106" count="1" type="stmt"/>
      <line num="109" count="11" type="stmt"/>
      <line num="110" count="11" type="stmt"/>
      <line num="114" count="11" type="stmt"/>
      <line num="116" count="10" type="cond" truecount="1" falsecount="1"/>
      <line num="117" count="10" type="stmt"/>
      <line num="118" count="10" type="stmt"/>
      <line num="129" count="7" type="cond" truecount="2" falsecount="0"/>
      <line num="130" count="1" type="stmt"/>
      <line num="133" count="6" type="stmt"/>
      <line num="134" count="6" type="stmt"/>
      <line num="136" count="6" type="stmt"/>
      <line num="138" count="5" type="stmt"/>
      <line num="150" count="2" type="cond" truecount="2" falsecount="0"/>
      <line num="151" count="1" type="stmt"/>
      <line num="154" count="1" type="stmt"/>
      <line num="156" count="1" type="stmt"/>
      <line num="158" count="1" type="stmt"/>
      <line num="160" count="1" type="stmt"/>
      <line num="170" count="3" type="cond" truecount="2" falsecount="0"/>
      <line num="171" count="1" type="stmt"/>
      <line num="174" count="2" type="cond" truecount="1" falsecount="1"/>
      <line num="175" count="2" type="stmt"/>
      <line num="178" count="0" type="stmt"/>
      <line num="181" count="2" type="cond" truecount="2" falsecount="0"/>
      <line num="182" count="2" type="stmt"/>
      <line num="192" count="4" type="cond" truecount="2" falsecount="0"/>
      <line num="193" count="1" type="stmt"/>
      <line num="196" count="3" type="cond" truecount="2" falsecount="0"/>
      <line num="198" count="3" type="stmt"/>
      <line num="199" count="3" type="stmt"/>
      <line num="201" count="3" type="stmt"/>
      <line num="202" count="3" type="stmt"/>
      <line num="209" count="3" type="stmt"/>
      <line num="211" count="3" type="cond" truecount="2" falsecount="0"/>
      <line num="212" count="1" type="stmt"/>
      <line num="215" count="2" type="stmt"/>
      <line num="217" count="1" type="stmt"/>
      <line num="221" count="1" type="stmt"/>
      <line num="223" count="2" type="stmt"/>
      <line num="224" count="2" type="stmt"/>
      <line num="235" count="4" type="cond" truecount="2" falsecount="0"/>
      <line num="236" count="1" type="stmt"/>
      <line num="240" count="3" type="stmt"/>
      <line num="245" count="3" type="stmt"/>
      <line num="251" count="3" type="stmt"/>
      <line num="252" count="3" type="stmt"/>
      <line num="254" count="2" type="stmt"/>
      <line num="256" count="2" type="stmt"/>
      <line num="258" count="1" type="cond" truecount="1" falsecount="1"/>
      <line num="259" count="1" type="stmt"/>
      <line num="260" count="1" type="stmt"/>
      <line num="268" count="16" type="cond" truecount="1" falsecount="1"/>
      <line num="269" count="0" type="stmt"/>
      <line num="273" count="16" type="stmt"/>
      <line num="274" count="8" type="stmt"/>
      <line num="275" count="8" type="stmt"/>
      <line num="276" count="8" type="cond" truecount="2" falsecount="0"/>
      <line num="284" count="7" type="stmt"/>
      <line num="286" count="7" type="stmt"/>
      <line num="287" count="10" type="cond" truecount="1" falsecount="1"/>
      <line num="288" count="10" type="stmt"/>
      <line num="290" count="0" type="stmt"/>
      <line num="294" count="7" type="stmt"/>
      <line num="301" count="19" type="stmt"/>
    </file>
    <file name="formulas.ts" path="/home/runner/work/objectos/objectos/packages/plugins/automation/src/formulas.ts">
      <metrics statements="90" coveredstatements="61" conditionals="64" coveredconditionals="34" methods="22" coveredmethods="15"/>
      <line num="20" count="2" type="stmt"/>
      <line num="22" count="37" type="stmt"/>
      <line num="31" count="37" type="cond" truecount="2" falsecount="0"/>
      <line num="40" count="1" type="stmt"/>
      <line num="51" count="24" type="cond" truecount="4" falsecount="0"/>
      <line num="53" count="6" type="stmt"/>
      <line num="56" count="9" type="stmt"/>
      <line num="59" count="8" type="stmt"/>
      <line num="62" count="1" type="stmt"/>
      <line num="73" count="6" type="stmt"/>
      <line num="75" count="6" type="stmt"/>
      <line num="82" count="6" type="stmt"/>
      <line num="85" count="6" type="stmt"/>
      <line num="87" count="0" type="stmt"/>
      <line num="88" count="0" type="stmt"/>
      <line num="100" count="9" type="stmt"/>
      <line num="104" count="9" type="cond" truecount="2" falsecount="0"/>
      <line num="106" count="7" type="stmt"/>
      <line num="107" count="7" type="stmt"/>
      <line num="108" count="19" type="stmt"/>
      <line num="110" count="2" type="cond" truecount="2" falsecount="0"/>
      <line num="112" count="1" type="stmt"/>
      <line num="115" count="1" type="stmt"/>
      <line num="117" count="1" type="stmt"/>
      <line num="121" count="8" type="cond" truecount="4" falsecount="0"/>
      <line num="122" count="1" type="stmt"/>
      <line num="123" count="0" type="stmt"/>
      <line num="128" count="8" type="stmt"/>
      <line num="134" count="1" type="stmt"/>
      <line num="135" count="1" type="stmt"/>
      <line num="146" count="8" type="stmt"/>
      <line num="147" count="8" type="cond" truecount="2" falsecount="1"/>
      <line num="150" count="8" type="stmt"/>
      <line num="153" count="8" type="cond" truecount="1" falsecount="1"/>
      <line num="154" count="8" type="stmt"/>
      <line num="157" count="8" type="stmt"/>
      <line num="158" count="8" type="cond" truecount="1" falsecount="1"/>
      <line num="159" count="8" type="stmt"/>
      <line num="161" count="8" type="stmt"/>
      <line num="162" count="8" type="cond" truecount="2" falsecount="0"/>
      <line num="163" count="1" type="stmt"/>
      <line num="166" count="8" type="stmt"/>
      <line num="175" count="6" type="stmt"/>
      <line num="178" count="6" type="stmt"/>
      <line num="179" count="9" type="stmt"/>
      <line num="180" count="9" type="cond" truecount="2" falsecount="0"/>
      <line num="181" count="1" type="stmt"/>
      <line num="183" count="8" type="cond" truecount="2" falsecount="0"/>
      <line num="188" count="6" type="stmt"/>
      <line num="191" count="6" type="stmt"/>
      <line num="192" count="4" type="stmt"/>
      <line num="194" count="2" type="stmt"/>
      <line num="195" count="2" type="stmt"/>
      <line num="203" count="6" type="cond" truecount="3" falsecount="2"/>
      <line num="205" count="1" type="stmt"/>
      <line num="208" count="4" type="stmt"/>
      <line num="211" count="1" type="stmt"/>
      <line num="214" count="0" type="cond" truecount="0" falsecount="2"/>
      <line num="217" count="0" type="stmt"/>
      <line num="229" count="8" type="cond" truecount="2" falsecount="0"/>
      <line num="230" count="7" type="cond" truecount="2" falsecount="0"/>
      <line num="233" count="2" type="cond" truecount="2" falsecount="0"/>
      <line num="235" count="1" type="cond" truecount="1" falsecount="5"/>
      <line num="237" count="0" type="stmt"/>
      <line num="240" count="2" type="stmt"/>
      <line num="243" count="0" type="cond" truecount="0" falsecount="2"/>
      <line num="244" count="0" type="stmt"/>
      <line num="247" count="0" type="cond" truecount="0" falsecount="2"/>
      <line num="248" count="0" type="stmt"/>
      <line num="251" count="0" type="cond" truecount="0" falsecount="2"/>
      <line num="252" count="0" type="stmt"/>
      <line num="255" count="0" type="stmt"/>
      <line num="263" count="0" type="stmt"/>
      <line num="264" count="0" type="cond" truecount="0" falsecount="2"/>
      <line num="265" count="0" type="stmt"/>
      <line num="268" count="0" type="stmt"/>
      <line num="275" count="0" type="stmt"/>
      <line num="277" count="0" type="cond" truecount="0" falsecount="8"/>
      <line num="279" count="0" type="stmt"/>
      <line num="282" count="0" type="stmt"/>
      <line num="285" count="0" type="stmt"/>
      <line num="288" count="0" type="stmt"/>
      <line num="291" count="0" type="stmt"/>
      <line num="294" count="0" type="stmt"/>
      <line num="297" count="0" type="stmt"/>
      <line num="300" count="0" type="stmt"/>
      <line num="308" count="1" type="stmt"/>
      <line num="309" count="1" type="stmt"/>
      <line num="316" count="0" type="stmt"/>
      <line num="317" count="0" type="cond" truecount="0" falsecount="2"/>
    </file>
    <file name="plugin.ts" path="/home/runner/work/objectos/objectos/packages/plugins/automation/src/plugin.ts">
      <metrics statements="120" coveredstatements="100" conditionals="38" coveredconditionals="22" methods="26" coveredmethods="22"/>
      <line num="24" count="1" type="stmt"/>
      <line num="25" count="1" type="stmt"/>
      <line num="26" count="1" type="stmt"/>
      <line num="27" count="1" type="stmt"/>
      <line num="43" count="1" type="stmt"/>
      <line num="79" count="18" type="stmt"/>
      <line num="88" count="18" type="cond" truecount="2" falsecount="0"/>
      <line num="89" count="18" type="stmt"/>
      <line num="90" count="18" type="stmt"/>
      <line num="97" count="18" type="stmt"/>
      <line num="104" count="13" type="stmt"/>
      <line num="107" count="13" type="stmt"/>
      <line num="108" count="13" type="stmt"/>
      <line num="109" count="13" type="stmt"/>
      <line num="112" count="13" type="stmt"/>
      <line num="113" count="13" type="cond" truecount="1" falsecount="1"/>
      <line num="114" count="12" type="stmt"/>
      <line num="117" count="12" type="stmt"/>
      <line num="124" count="12" type="cond" truecount="1" falsecount="1"/>
      <line num="125" count="0" type="stmt"/>
      <line num="129" count="12" type="stmt"/>
      <line num="130" count="2" type="stmt"/>
      <line num="134" count="12" type="stmt"/>
      <line num="135" count="0" type="stmt"/>
      <line num="139" count="12" type="stmt"/>
      <line num="140" count="0" type="stmt"/>
      <line num="144" count="12" type="stmt"/>
      <line num="145" count="12" type="stmt"/>
      <line num="146" count="0" type="cond" truecount="0" falsecount="2"/>
      <line num="147" count="0" type="stmt"/>
      <line num="150" count="0" type="stmt"/>
      <line num="155" count="12" type="stmt"/>
      <line num="165" count="2" type="cond" truecount="1" falsecount="1"/>
      <line num="167" count="2" type="stmt"/>
      <line num="170" count="2" type="stmt"/>
      <line num="175" count="2" type="stmt"/>
      <line num="176" count="2" type="cond" truecount="1" falsecount="1"/>
      <line num="179" count="2" type="stmt"/>
      <line num="187" count="2" type="cond" truecount="1" falsecount="1"/>
      <line num="188" count="2" type="stmt"/>
      <line num="195" count="2" type="stmt"/>
      <line num="209" count="2" type="stmt"/>
      <line num="210" count="2" type="stmt"/>
      <line num="212" count="2" type="stmt"/>
      <line num="213" count="2" type="stmt"/>
      <line num="220" count="2" type="stmt"/>
      <line num="221" count="1" type="stmt"/>
      <line num="222" count="1" type="stmt"/>
      <line num="223" count="1" type="stmt"/>
      <line num="225" count="1" type="stmt"/>
      <line num="231" count="0" type="cond" truecount="0" falsecount="2"/>
      <line num="232" count="0" type="stmt"/>
      <line num="234" count="0" type="stmt"/>
      <line num="244" count="2" type="stmt"/>
      <line num="249" count="2" type="stmt"/>
      <line num="257" count="2" type="stmt"/>
      <line num="259" count="2" type="stmt"/>
      <line num="261" count="0" type="cond" truecount="0" falsecount="2"/>
      <line num="264" count="0" type="stmt"/>
      <line num="269" count="0" type="stmt"/>
      <line num="278" count="0" type="stmt"/>
      <line num="280" count="0" type="stmt"/>
      <line num="288" count="6" type="stmt"/>
      <line num="289" count="6" type="cond" truecount="3" falsecount="1"/>
      <line num="290" count="6" type="stmt"/>
      <line num="298" count="5" type="stmt"/>
      <line num="301" count="5" type="cond" truecount="3" falsecount="1"/>
      <line num="302" count="0" type="stmt"/>
      <line num="305" count="0" type="stmt"/>
      <line num="309" count="5" type="stmt"/>
      <line num="316" count="1" type="stmt"/>
      <line num="323" count="1" type="stmt"/>
      <line num="330" count="1" type="stmt"/>
      <line num="331" count="1" type="stmt"/>
      <line num="344" count="2" type="stmt"/>
      <line num="345" count="2" type="cond" truecount="2" falsecount="0"/>
      <line num="346" count="1" type="stmt"/>
      <line num="349" count="1" type="stmt"/>
      <line num="351" count="1" type="stmt"/>
      <line num="357" count="1" type="stmt"/>
      <line num="364" count="1" type="stmt"/>
      <line num="368" count="2" type="stmt"/>
      <line num="372" count="1" type="stmt"/>
      <line num="379" count="13" type="stmt"/>
      <line num="380" count="13" type="stmt"/>
      <line num="388" count="1" type="cond" truecount="1" falsecount="0"/>
      <line num="389" count="18" type="stmt"/>
      <line num="391" count="18" type="stmt"/>
      <line num="396" count="2" type="stmt"/>
      <line num="398" count="2" type="stmt"/>
      <line num="399" count="2" type="stmt"/>
      <line num="401" count="2" type="stmt"/>
      <line num="408" count="13" type="stmt"/>
      <line num="410" count="13" type="stmt"/>
      <line num="411" count="13" type="stmt"/>
      <line num="414" count="12" type="stmt"/>
      <line num="416" count="12" type="stmt"/>
      <line num="418" count="1" type="cond" truecount="1" falsecount="1"/>
      <line num="419" count="1" type="stmt"/>
      <line num="420" count="1" type="stmt"/>
      <line num="428" count="1" type="stmt"/>
      <line num="430" count="1" type="stmt"/>
      <line num="431" count="1" type="stmt"/>
      <line num="433" count="1" type="stmt"/>
      <line num="435" count="1" type="stmt"/>
      <line num="437" count="1" type="stmt"/>
      <line num="439" count="0" type="stmt"/>
      <line num="440" count="0" type="stmt"/>
      <line num="448" count="1" type="stmt"/>
      <line num="450" count="1" type="stmt"/>
      <line num="451" count="1" type="stmt"/>
      <line num="453" count="1" type="stmt"/>
      <line num="454" count="1" type="stmt"/>
      <line num="455" count="1" type="stmt"/>
      <line num="457" count="1" type="stmt"/>
      <line num="459" count="0" type="stmt"/>
      <line num="460" count="0" type="stmt"/>
      <line num="469" count="1" type="stmt"/>
      <line num="474" count="1" type="stmt"/>
      <line num="475" count="26" type="cond" truecount="2" falsecount="0"/>
    </file>
    <file name="storage.ts" path="/home/runner/work/objectos/objectos/packages/plugins/automation/src/storage.ts">
      <metrics statements="35" coveredstatements="35" conditionals="20" coveredconditionals="19" methods="17" coveredmethods="17"/>
      <line num="18" count="2" type="stmt"/>
      <line num="19" count="36" type="stmt"/>
      <line num="20" count="36" type="stmt"/>
      <line num="26" count="29" type="stmt"/>
      <line num="33" count="6" type="stmt"/>
      <line num="34" count="6" type="cond" truecount="2" falsecount="0"/>
      <line num="44" count="20" type="stmt"/>
      <line num="46" count="20" type="cond" truecount="2" falsecount="0"/>
      <line num="47" count="18" type="stmt"/>
      <line num="50" count="20" type="cond" truecount="2" falsecount="0"/>
      <line num="51" count="16" type="stmt"/>
      <line num="55" count="20" type="cond" truecount="3" falsecount="1"/>
      <line num="57" count="20" type="stmt"/>
      <line num="64" count="4" type="stmt"/>
      <line num="65" count="4" type="cond" truecount="2" falsecount="0"/>
      <line num="66" count="1" type="stmt"/>
      <line num="69" count="3" type="stmt"/>
      <line num="76" count="2" type="cond" truecount="2" falsecount="0"/>
      <line num="77" count="1" type="stmt"/>
      <line num="79" count="1" type="stmt"/>
      <line num="86" count="10" type="stmt"/>
      <line num="87" count="10" type="stmt"/>
      <line num="94" count="6" type="stmt"/>
      <line num="95" count="6" type="stmt"/>
      <line num="96" count="6" type="cond" truecount="2" falsecount="0"/>
      <line num="103" count="2" type="stmt"/>
      <line num="105" count="2" type="cond" truecount="2" falsecount="0"/>
      <line num="106" count="3" type="stmt"/>
      <line num="109" count="5" type="stmt"/>
      <line num="116" count="2" type="stmt"/>
      <line num="117" count="2" type="cond" truecount="2" falsecount="0"/>
      <line num="118" count="1" type="stmt"/>
      <line num="120" count="1" type="stmt"/>
      <line num="127" count="1" type="stmt"/>
      <line num="128" count="1" type="stmt"/>
    </file>
    <file name="triggers.ts" path="/home/runner/work/objectos/objectos/packages/plugins/automation/src/triggers.ts">
      <metrics statements="68" coveredstatements="57" conditionals="43" coveredconditionals="36" methods="12" coveredmethods="11"/>
      <line num="7" count="2" type="stmt"/>
      <line num="20" count="2" type="stmt"/>
      <line num="21" count="38" type="stmt"/>
      <line num="25" count="38" type="cond" truecount="2" falsecount="0"/>
      <line num="39" count="14" type="cond" truecount="2" falsecount="0"/>
      <line num="40" count="1" type="stmt"/>
      <line num="44" count="13" type="cond" truecount="2" falsecount="0"/>
      <line num="45" count="1" type="stmt"/>
      <line num="49" count="12" type="cond" truecount="2" falsecount="0"/>
      <line num="51" count="8" type="cond" truecount="4" falsecount="0"/>
      <line num="52" count="3" type="stmt"/>
      <line num="53" count="4" type="cond" truecount="2" falsecount="0"/>
      <line num="55" count="3" type="cond" truecount="2" falsecount="0"/>
      <line num="56" count="1" type="stmt"/>
      <line num="61" count="7" type="cond" truecount="4" falsecount="0"/>
      <line num="62" count="5" type="stmt"/>
      <line num="66" count="6" type="stmt"/>
      <line num="77" count="5" type="stmt"/>
      <line num="78" count="5" type="cond" truecount="2" falsecount="0"/>
      <line num="79" count="1" type="stmt"/>
      <line num="82" count="4" type="stmt"/>
      <line num="93" count="5" type="stmt"/>
      <line num="94" count="5" type="stmt"/>
      <line num="96" count="5" type="cond" truecount="4" falsecount="5"/>
      <line num="98" count="2" type="stmt"/>
      <line num="101" count="0" type="stmt"/>
      <line num="104" count="1" type="stmt"/>
      <line num="107" count="0" type="stmt"/>
      <line num="110" count="1" type="stmt"/>
      <line num="113" count="0" type="stmt"/>
      <line num="116" count="0" type="stmt"/>
      <line num="119" count="1" type="cond" truecount="2" falsecount="0"/>
      <line num="122" count="0" type="stmt"/>
      <line num="123" count="0" type="stmt"/>
      <line num="135" count="6" type="stmt"/>
      <line num="137" count="6" type="stmt"/>
      <line num="142" count="5" type="stmt"/>
      <line num="143" count="5" type="stmt"/>
      <line num="144" count="5" type="stmt"/>
      <line num="145" count="5" type="stmt"/>
      <line num="147" count="5" type="stmt"/>
      <line num="148" count="0" type="stmt"/>
      <line num="149" count="0" type="stmt"/>
      <line num="151" count="0" type="stmt"/>
      <line num="154" count="0" type="stmt"/>
      <line num="157" count="5" type="stmt"/>
      <line num="162" count="0" type="stmt"/>
      <line num="166" count="5" type="stmt"/>
      <line num="167" count="5" type="stmt"/>
      <line num="169" count="1" type="stmt"/>
      <line num="170" count="1" type="stmt"/>
      <line num="178" count="1" type="stmt"/>
      <line num="179" count="1" type="cond" truecount="1" falsecount="1"/>
      <line num="180" count="1" type="stmt"/>
      <line num="181" count="1" type="stmt"/>
      <line num="182" count="1" type="stmt"/>
      <line num="190" count="4" type="stmt"/>
      <line num="191" count="4" type="cond" truecount="2" falsecount="0"/>
      <line num="198" count="3" type="cond" truecount="2" falsecount="0"/>
      <line num="199" count="1" type="stmt"/>
      <line num="203" count="2" type="cond" truecount="2" falsecount="0"/>
      <line num="204" count="1" type="stmt"/>
      <line num="207" count="1" type="stmt"/>
      <line num="215" count="34" type="stmt"/>
      <line num="216" count="4" type="cond" truecount="1" falsecount="1"/>
      <line num="217" count="4" type="stmt"/>
      <line num="220" count="34" type="stmt"/>
      <line num="221" count="34" type="stmt"/>
    </file>
  </project>
</coverage>
